
==========================================================================
02_ibex_chip.gpl2 check_setup
--------------------------------------------------------------------------
0

==========================================================================
02_ibex_chip.gpl2 report_tns
--------------------------------------------------------------------------
tns max 0.00

==========================================================================
02_ibex_chip.gpl2 report_wns
--------------------------------------------------------------------------
wns max 0.00

==========================================================================
02_ibex_chip.gpl2 report_worst_slack
--------------------------------------------------------------------------
worst slack max 5.60

==========================================================================
02_ibex_chip.gpl2 report_checks -path_delay min
--------------------------------------------------------------------------
[WARNING STA-0168] unknown field nets.
Startpoint: u_ibex_top.u_ibex_core.cs_registers_i.csr_mtvec_o_25__reg
            (rising edge-triggered flip-flop clocked by clk_sys)
Endpoint: u_ibex_top.u_ibex_core.cs_registers_i.csr_mtvec_o_25__reg
          (rising edge-triggered flip-flop clocked by clk_sys)
Path Group: clk_sys
Path Type: min
Corner: ff

Fanout     Cap    Slew   Delay    Time   Description
-----------------------------------------------------------------------------
                  0.20    0.00    0.00   clock clk_sys (rise edge)
                          0.00    0.00   clock network delay (ideal)
                  0.20    0.00    0.00 ^ u_ibex_top.u_ibex_core.cs_registers_i.csr_mtvec_o_25__reg/CLK (sg13g2_dfrbpq_1)
     2    0.01    0.02    0.17    0.17 v u_ibex_top.u_ibex_core.cs_registers_i.csr_mtvec_o_25__reg/Q (sg13g2_dfrbpq_1)
                  0.02    0.00    0.17 v _5376_/A (sg13g2_and2_1)
     1    0.00    0.01    0.04    0.21 v _5376_/X (sg13g2_and2_1)
                  0.01    0.00    0.21 v u_ibex_top.u_ibex_core.cs_registers_i.csr_mtvec_o_25__reg/D (sg13g2_dfrbpq_1)
                                  0.21   data arrival time

                  0.20    0.00    0.00   clock clk_sys (rise edge)
                          0.00    0.00   clock network delay (ideal)
                          0.10    0.10   clock uncertainty
                          0.00    0.10   clock reconvergence pessimism
                                  0.10 ^ u_ibex_top.u_ibex_core.cs_registers_i.csr_mtvec_o_25__reg/CLK (sg13g2_dfrbpq_1)
                          0.01    0.11   library hold time
                                  0.11   data required time
-----------------------------------------------------------------------------
                                  0.11   data required time
                                 -0.21   data arrival time
-----------------------------------------------------------------------------
                                  0.10   slack (MET)



==========================================================================
02_ibex_chip.gpl2 report_checks -path_delay max
--------------------------------------------------------------------------
[WARNING STA-0168] unknown field nets.
Startpoint: irq_nm (input port clocked by clk_sys)
Endpoint: instr_addr_3 (output port clocked by clk_sys)
Path Group: clk_sys
Path Type: max
Corner: tt

Fanout     Cap    Slew   Delay    Time   Description
-----------------------------------------------------------------------------
                  0.20    0.00    0.00   clock clk_sys (rise edge)
                          0.00    0.00   clock network delay (ideal)
                         12.00   12.00 v input external delay
     2    0.23    0.49    0.03   12.03 v irq_nm (in)
                  0.49    0.00   12.03 v pad_irq_nm_i_inst/pad (sg13g2_IOPadIn)
     4    0.13    0.26    0.70   12.72 v pad_irq_nm_i_inst/p2c (sg13g2_IOPadIn)
                  0.22    0.04   12.77 v _3140_/B_N (sg13g2_nor2b_2)
     3    0.01    0.04    0.16   12.93 v _3140_/Y (sg13g2_nor2b_2)
                  0.04    0.00   12.93 v _3141_/B_N (sg13g2_nor2b_1)
     2    0.01    0.04    0.09   13.01 v _3141_/Y (sg13g2_nor2b_1)
                  0.04    0.00   13.01 v _3142_/B (sg13g2_nand2_1)
     1    0.01    0.05    0.05   13.06 ^ _3142_/Y (sg13g2_nand2_1)
                  0.05    0.00   13.06 ^ _3143_/B1 (sg13g2_o21ai_1)
     2    0.01    0.09    0.08   13.15 v _3143_/Y (sg13g2_o21ai_1)
                  0.09    0.00   13.15 v _3146_/A2 (sg13g2_a22oi_1)
     4    0.02    0.20    0.20   13.35 ^ _3146_/Y (sg13g2_a22oi_1)
                  0.20    0.00   13.35 ^ _3150_/A1 (sg13g2_o21ai_1)
     4    0.02    0.14    0.19   13.54 v _3150_/Y (sg13g2_o21ai_1)
                  0.14    0.00   13.54 v _3254_/A (sg13g2_and2_2)
     7    0.03    0.06    0.16   13.69 v _3254_/X (sg13g2_and2_2)
                  0.06    0.00   13.69 v place2429/A (sg13g2_buf_1)
     8    0.04    0.12    0.15   13.85 v place2429/X (sg13g2_buf_1)
                  0.12    0.00   13.85 v _3256_/S (sg13g2_mux2_1)
     3    0.01    0.07    0.19   14.04 ^ _3256_/X (sg13g2_mux2_1)
                  0.07    0.00   14.04 ^ _3257_/A1 (sg13g2_mux2_1)
     1    0.12    0.48    0.41   14.45 ^ _3257_/X (sg13g2_mux2_1)
                  0.64    0.03   14.48 ^ pad_instr_addr_o_3_inst/c2p (sg13g2_IOPadOut4mA)
     2   15.00   13.69    7.82   22.30 ^ pad_instr_addr_o_3_inst/pad (sg13g2_IOPadOut4mA)
                 10.27    0.00   22.30 ^ instr_addr_3 (out)
                                 22.30   data arrival time

                  0.20   40.00   40.00   clock clk_sys (rise edge)
                          0.00   40.00   clock network delay (ideal)
                         -0.10   39.90   clock uncertainty
                          0.00   39.90   clock reconvergence pessimism
                        -12.00   27.90   output external delay
                                 27.90   data required time
-----------------------------------------------------------------------------
                                 27.90   data required time
                                -22.30   data arrival time
-----------------------------------------------------------------------------
                                  5.60   slack (MET)



==========================================================================
02_ibex_chip.gpl2 report_checks -unconstrained
--------------------------------------------------------------------------
[WARNING STA-0168] unknown field nets.
Startpoint: irq_nm (input port clocked by clk_sys)
Endpoint: instr_addr_3 (output port clocked by clk_sys)
Path Group: clk_sys
Path Type: max
Corner: tt

Fanout     Cap    Slew   Delay    Time   Description
-----------------------------------------------------------------------------
                  0.20    0.00    0.00   clock clk_sys (rise edge)
                          0.00    0.00   clock network delay (ideal)
                         12.00   12.00 v input external delay
     2    0.23    0.49    0.03   12.03 v irq_nm (in)
                  0.49    0.00   12.03 v pad_irq_nm_i_inst/pad (sg13g2_IOPadIn)
     4    0.13    0.26    0.70   12.72 v pad_irq_nm_i_inst/p2c (sg13g2_IOPadIn)
                  0.22    0.04   12.77 v _3140_/B_N (sg13g2_nor2b_2)
     3    0.01    0.04    0.16   12.93 v _3140_/Y (sg13g2_nor2b_2)
                  0.04    0.00   12.93 v _3141_/B_N (sg13g2_nor2b_1)
     2    0.01    0.04    0.09   13.01 v _3141_/Y (sg13g2_nor2b_1)
                  0.04    0.00   13.01 v _3142_/B (sg13g2_nand2_1)
     1    0.01    0.05    0.05   13.06 ^ _3142_/Y (sg13g2_nand2_1)
                  0.05    0.00   13.06 ^ _3143_/B1 (sg13g2_o21ai_1)
     2    0.01    0.09    0.08   13.15 v _3143_/Y (sg13g2_o21ai_1)
                  0.09    0.00   13.15 v _3146_/A2 (sg13g2_a22oi_1)
     4    0.02    0.20    0.20   13.35 ^ _3146_/Y (sg13g2_a22oi_1)
                  0.20    0.00   13.35 ^ _3150_/A1 (sg13g2_o21ai_1)
     4    0.02    0.14    0.19   13.54 v _3150_/Y (sg13g2_o21ai_1)
                  0.14    0.00   13.54 v _3254_/A (sg13g2_and2_2)
     7    0.03    0.06    0.16   13.69 v _3254_/X (sg13g2_and2_2)
                  0.06    0.00   13.69 v place2429/A (sg13g2_buf_1)
     8    0.04    0.12    0.15   13.85 v place2429/X (sg13g2_buf_1)
                  0.12    0.00   13.85 v _3256_/S (sg13g2_mux2_1)
     3    0.01    0.07    0.19   14.04 ^ _3256_/X (sg13g2_mux2_1)
                  0.07    0.00   14.04 ^ _3257_/A1 (sg13g2_mux2_1)
     1    0.12    0.48    0.41   14.45 ^ _3257_/X (sg13g2_mux2_1)
                  0.64    0.03   14.48 ^ pad_instr_addr_o_3_inst/c2p (sg13g2_IOPadOut4mA)
     2   15.00   13.69    7.82   22.30 ^ pad_instr_addr_o_3_inst/pad (sg13g2_IOPadOut4mA)
                 10.27    0.00   22.30 ^ instr_addr_3 (out)
                                 22.30   data arrival time

                  0.20   40.00   40.00   clock clk_sys (rise edge)
                          0.00   40.00   clock network delay (ideal)
                         -0.10   39.90   clock uncertainty
                          0.00   39.90   clock reconvergence pessimism
                        -12.00   27.90   output external delay
                                 27.90   data required time
-----------------------------------------------------------------------------
                                 27.90   data required time
                                -22.30   data arrival time
-----------------------------------------------------------------------------
                                  5.60   slack (MET)



==========================================================================
02_ibex_chip.gpl2 report_check_types -max_slew -max_cap -max_fanout -violators
--------------------------------------------------------------------------

==========================================================================
02_ibex_chip.gpl2 max_slew_check_slack
--------------------------------------------------------------------------
-12.686958312988281

==========================================================================
02_ibex_chip.gpl2 max_slew_check_limit
--------------------------------------------------------------------------
1.0

==========================================================================
02_ibex_chip.gpl2 max_slew_check_slack_limit
--------------------------------------------------------------------------
-12.6870

==========================================================================
02_ibex_chip.gpl2 max_fanout_check_slack
--------------------------------------------------------------------------
0.0

==========================================================================
02_ibex_chip.gpl2 max_fanout_check_limit
--------------------------------------------------------------------------
8.0

==========================================================================
02_ibex_chip.gpl2 max_fanout_check_slack_limit
--------------------------------------------------------------------------
0.0000

==========================================================================
02_ibex_chip.gpl2 max_capacitance_check_slack
--------------------------------------------------------------------------
-14.499999046325684

==========================================================================
02_ibex_chip.gpl2 max_capacitance_check_limit
--------------------------------------------------------------------------
0.5

==========================================================================
02_ibex_chip.gpl2 max_capacitance_check_slack_limit
--------------------------------------------------------------------------
-29.0000

==========================================================================
02_ibex_chip.gpl2 max_slew_violation_count
--------------------------------------------------------------------------
max slew violation count 51

==========================================================================
02_ibex_chip.gpl2 max_fanout_violation_count
--------------------------------------------------------------------------
max fanout violation count 0

==========================================================================
02_ibex_chip.gpl2 max_cap_violation_count
--------------------------------------------------------------------------
max cap violation count 17

==========================================================================
02_ibex_chip.gpl2 setup_violation_count
--------------------------------------------------------------------------
setup violation count 0

==========================================================================
02_ibex_chip.gpl2 hold_violation_count
--------------------------------------------------------------------------
hold violation count 0

==========================================================================
02_ibex_chip.gpl2 critical path delay
--------------------------------------------------------------------------
22.3027

==========================================================================
02_ibex_chip.gpl2 critical path slack
--------------------------------------------------------------------------
5.5973

==========================================================================
02_ibex_chip.gpl2 slack div critical path delay
--------------------------------------------------------------------------
25.096961

==========================================================================
02_ibex_chip.gpl2 report_power tt
--------------------------------------------------------------------------
Group                  Internal  Switching    Leakage      Total
                          Power      Power      Power      Power (Watts)
----------------------------------------------------------------
Sequential             6.53e-04   7.01e-05   2.75e-07   7.23e-04   0.7%
Combinational          5.60e-04   5.23e-04   4.24e-07   1.08e-03   1.1%
Clock                  7.12e-08   3.15e-05   1.38e-10   3.16e-05   0.0%
Macro                  0.00e+00   0.00e+00   0.00e+00   0.00e+00   0.0%
Pad                    2.79e-03   9.52e-02   3.26e-08   9.80e-02  98.2%
----------------------------------------------------------------
Total                  4.01e-03   9.59e-02   7.32e-07   9.99e-02 100.0%
                           4.0%      96.0%       0.0%

==========================================================================
02_ibex_chip.gpl2 report_design_area
--------------------------------------------------------------------------

==========================================================================
02_ibex_chip.gpl2 area by hierarchy
--------------------------------------------------------------------------

--------------------------------------------------------------------------------
Design Area Summary
--------------------------------------------------------------------------------
Die Area:              3841600.0 um2
Core Area:             2336127.0912 um2
Total Area:            1656455.9584 um2
Total Active Area:     61255.9584 um2

Core Utilization:      0.02622115835681466
Std Cell Utilization:  0.02622115835681466

--------------------------------------------------------------------------------
Hierarchical Area Report
--------------------------------------------------------------------------------
                                                                                Global Area (um^2)                                                              Global Instances                                                                Local Area (um^2)                                                               Local Instances
                                                                                ------------------------------------------------------------------------------- ------------------------------------------------------------------------------- ------------------------------------------------------------------------------- ----------------------------------------------------------------------------
Hierarchy Name                                                                  Total           StdCell         Macro           Cover           Pad             Total           StdCell         Macro           Cover           Pad             Total           StdCell         Macro           Cover           Pad             Total           StdCell         Macro           Cover           Pad             
-----------------------------------------------------------------------------------------------------------------------------------------------------------------------------------------------------------------------------------------------------------------------------------------------------------------------------------------------------------------------------------------------------------
<top>                                                                           1656455.958     61255.958       0.000           313600.000      1281600.000     4051            3667            0               64              320             1656455.958     61255.958       0.000           313600.000      1281600.000     4051            3667            0               64              320             
