
==========================================================================
05_ibex_chip.grt check_setup
--------------------------------------------------------------------------
0

==========================================================================
05_ibex_chip.grt report_tns
--------------------------------------------------------------------------
tns max 0.00

==========================================================================
05_ibex_chip.grt report_wns
--------------------------------------------------------------------------
wns max 0.00

==========================================================================
05_ibex_chip.grt report_worst_slack
--------------------------------------------------------------------------
worst slack max 5.56

==========================================================================
05_ibex_chip.grt report_checks -path_delay min
--------------------------------------------------------------------------
[WARNING STA-0168] unknown field nets.
Startpoint: debug_req (input port clocked by clk_sys)
Endpoint: u_ibex_top.u_ibex_core.id_stage_i.controller_i.enter_debug_mode_prio_q_reg
          (rising edge-triggered flip-flop clocked by clk_sys)
Path Group: clk_sys
Path Type: min
Corner: tt

Fanout     Cap    Slew   Delay    Time   Description
-----------------------------------------------------------------------------
                          0.00    0.00   clock clk_sys (rise edge)
                          0.00    0.00   clock network delay (propagated)
                          0.00    0.00 ^ input external delay
     2    0.20    0.34    0.03    0.03 ^ debug_req (in)
                  0.34    0.00    0.03 ^ pad_debug_req_i_inst/pad (sg13g2_IOPadIn)
     4    0.10    0.19    0.13    0.16 ^ pad_debug_req_i_inst/p2c (sg13g2_IOPadIn)
                  0.15    0.03    0.18 ^ _5387_/B (sg13g2_nand2b_2)
     4    0.02    0.06    0.10    0.29 v _5387_/Y (sg13g2_nand2b_2)
                  0.06    0.00    0.29 v _5388_/A (sg13g2_inv_1)
     3    0.01    0.06    0.07    0.35 ^ _5388_/Y (sg13g2_inv_1)
                  0.06    0.00    0.35 ^ u_ibex_top.u_ibex_core.id_stage_i.controller_i.enter_debug_mode_prio_q_reg/D (sg13g2_dfrbpq_1)
                                  0.35   data arrival time

                          0.00    0.00   clock clk_sys (rise edge)
                          0.00    0.00   clock source latency
     2    0.24    0.35    0.04    0.04 ^ clk (in)
                  0.35    0.00    0.04 ^ pad_clk_inst/pad (sg13g2_IOPadIn)
     2    0.13    0.25    0.14    0.18 ^ pad_clk_inst/p2c (sg13g2_IOPadIn)
                  0.21    0.05    0.22 ^ clkbuf_0_clk_i/A (sg13g2_buf_8)
     1    0.01    0.03    0.13    0.35 ^ clkbuf_0_clk_i/X (sg13g2_buf_8)
                  0.03    0.00    0.35 ^ clkbuf_1_0__f_clk_i/A (sg13g2_buf_8)
     1    0.01    0.02    0.06    0.42 ^ clkbuf_1_0__f_clk_i/X (sg13g2_buf_8)
                  0.02    0.00    0.42 ^ _3380_/B (sg13g2_and2_1)
     1    0.03    0.12    0.15    0.57 ^ _3380_/X (sg13g2_and2_1)
                  0.12    0.00    0.57 ^ clkbuf_0_u_ibex_top.clk/A (sg13g2_buf_8)
    16    0.39    0.20    0.22    0.80 ^ clkbuf_0_u_ibex_top.clk/X (sg13g2_buf_8)
                  0.21    0.04    0.83 ^ clkbuf_4_1_0_u_ibex_top.clk/A (sg13g2_buf_16)
     7    0.14    0.05    0.15    0.98 ^ clkbuf_4_1_0_u_ibex_top.clk/X (sg13g2_buf_16)
                  0.06    0.01    0.99 ^ clkbuf_leaf_5_u_ibex_top.clk/A (sg13g2_buf_16)
     4    0.03    0.02    0.08    1.07 ^ clkbuf_leaf_5_u_ibex_top.clk/X (sg13g2_buf_16)
                  0.02    0.00    1.07 ^ u_ibex_top.u_ibex_core.id_stage_i.controller_i.enter_debug_mode_prio_q_reg/CLK (sg13g2_dfrbpq_1)
                          0.10    1.17   clock uncertainty
                          0.00    1.17   clock reconvergence pessimism
                         -0.07    1.11   library hold time
                                  1.11   data required time
-----------------------------------------------------------------------------
                                  1.11   data required time
                                 -0.35   data arrival time
-----------------------------------------------------------------------------
                                 -0.75   slack (VIOLATED)



==========================================================================
05_ibex_chip.grt report_checks -path_delay max
--------------------------------------------------------------------------
[WARNING STA-0168] unknown field nets.
Startpoint: irq_nm (input port clocked by clk_sys)
Endpoint: instr_addr_3 (output port clocked by clk_sys)
Path Group: clk_sys
Path Type: max
Corner: tt

Fanout     Cap    Slew   Delay    Time   Description
-----------------------------------------------------------------------------
                          0.00    0.00   clock clk_sys (rise edge)
                          0.00    0.00   clock network delay (propagated)
                         12.00   12.00 v input external delay
     2    0.23    0.49    0.03   12.03 v irq_nm (in)
                  0.49    0.00   12.03 v pad_irq_nm_i_inst/pad (sg13g2_IOPadIn)
     4    0.13    0.27    0.70   12.73 v pad_irq_nm_i_inst/p2c (sg13g2_IOPadIn)
                  0.22    0.04   12.77 v _3140_/B_N (sg13g2_nor2b_2)
     3    0.02    0.05    0.16   12.93 v _3140_/Y (sg13g2_nor2b_2)
                  0.05    0.00   12.93 v _3141_/B_N (sg13g2_nor2b_1)
     2    0.01    0.04    0.09   13.02 v _3141_/Y (sg13g2_nor2b_1)
                  0.04    0.00   13.02 v _3142_/B (sg13g2_nand2_1)
     1    0.01    0.05    0.05   13.07 ^ _3142_/Y (sg13g2_nand2_1)
                  0.05    0.00   13.07 ^ _3143_/B1 (sg13g2_o21ai_1)
     2    0.01    0.09    0.08   13.15 v _3143_/Y (sg13g2_o21ai_1)
                  0.09    0.00   13.15 v _3146_/A2 (sg13g2_a22oi_1)
     4    0.02    0.21    0.21   13.36 ^ _3146_/Y (sg13g2_a22oi_1)
                  0.21    0.00   13.36 ^ _3150_/A1 (sg13g2_o21ai_1)
     4    0.02    0.15    0.19   13.55 v _3150_/Y (sg13g2_o21ai_1)
                  0.15    0.00   13.55 v _3254_/A (sg13g2_and2_2)
     7    0.03    0.06    0.16   13.71 v _3254_/X (sg13g2_and2_2)
                  0.06    0.00   13.71 v place2429/A (sg13g2_buf_1)
     8    0.04    0.13    0.16   13.87 v place2429/X (sg13g2_buf_1)
                  0.13    0.00   13.87 v _3256_/S (sg13g2_mux2_1)
     3    0.01    0.08    0.20   14.07 ^ _3256_/X (sg13g2_mux2_1)
                  0.08    0.00   14.07 ^ _3257_/A1 (sg13g2_mux2_1)
     1    0.12    0.47    0.41   14.48 ^ _3257_/X (sg13g2_mux2_1)
                  0.64    0.04   14.52 ^ pad_instr_addr_o_3_inst/c2p (sg13g2_IOPadOut4mA)
     2   15.00   13.69    7.82   22.34 ^ pad_instr_addr_o_3_inst/pad (sg13g2_IOPadOut4mA)
                 10.27    0.00   22.34 ^ instr_addr_3 (out)
                                 22.34   data arrival time

                         40.00   40.00   clock clk_sys (rise edge)
                          0.00   40.00   clock network delay (propagated)
                         -0.10   39.90   clock uncertainty
                          0.00   39.90   clock reconvergence pessimism
                        -12.00   27.90   output external delay
                                 27.90   data required time
-----------------------------------------------------------------------------
                                 27.90   data required time
                                -22.34   data arrival time
-----------------------------------------------------------------------------
                                  5.56   slack (MET)



==========================================================================
05_ibex_chip.grt report_checks -unconstrained
--------------------------------------------------------------------------
[WARNING STA-0168] unknown field nets.
Startpoint: irq_nm (input port clocked by clk_sys)
Endpoint: instr_addr_3 (output port clocked by clk_sys)
Path Group: clk_sys
Path Type: max
Corner: tt

Fanout     Cap    Slew   Delay    Time   Description
-----------------------------------------------------------------------------
                          0.00    0.00   clock clk_sys (rise edge)
                          0.00    0.00   clock network delay (propagated)
                         12.00   12.00 v input external delay
     2    0.23    0.49    0.03   12.03 v irq_nm (in)
                  0.49    0.00   12.03 v pad_irq_nm_i_inst/pad (sg13g2_IOPadIn)
     4    0.13    0.27    0.70   12.73 v pad_irq_nm_i_inst/p2c (sg13g2_IOPadIn)
                  0.22    0.04   12.77 v _3140_/B_N (sg13g2_nor2b_2)
     3    0.02    0.05    0.16   12.93 v _3140_/Y (sg13g2_nor2b_2)
                  0.05    0.00   12.93 v _3141_/B_N (sg13g2_nor2b_1)
     2    0.01    0.04    0.09   13.02 v _3141_/Y (sg13g2_nor2b_1)
                  0.04    0.00   13.02 v _3142_/B (sg13g2_nand2_1)
     1    0.01    0.05    0.05   13.07 ^ _3142_/Y (sg13g2_nand2_1)
                  0.05    0.00   13.07 ^ _3143_/B1 (sg13g2_o21ai_1)
     2    0.01    0.09    0.08   13.15 v _3143_/Y (sg13g2_o21ai_1)
                  0.09    0.00   13.15 v _3146_/A2 (sg13g2_a22oi_1)
     4    0.02    0.21    0.21   13.36 ^ _3146_/Y (sg13g2_a22oi_1)
                  0.21    0.00   13.36 ^ _3150_/A1 (sg13g2_o21ai_1)
     4    0.02    0.15    0.19   13.55 v _3150_/Y (sg13g2_o21ai_1)
                  0.15    0.00   13.55 v _3254_/A (sg13g2_and2_2)
     7    0.03    0.06    0.16   13.71 v _3254_/X (sg13g2_and2_2)
                  0.06    0.00   13.71 v place2429/A (sg13g2_buf_1)
     8    0.04    0.13    0.16   13.87 v place2429/X (sg13g2_buf_1)
                  0.13    0.00   13.87 v _3256_/S (sg13g2_mux2_1)
     3    0.01    0.08    0.20   14.07 ^ _3256_/X (sg13g2_mux2_1)
                  0.08    0.00   14.07 ^ _3257_/A1 (sg13g2_mux2_1)
     1    0.12    0.47    0.41   14.48 ^ _3257_/X (sg13g2_mux2_1)
                  0.64    0.04   14.52 ^ pad_instr_addr_o_3_inst/c2p (sg13g2_IOPadOut4mA)
     2   15.00   13.69    7.82   22.34 ^ pad_instr_addr_o_3_inst/pad (sg13g2_IOPadOut4mA)
                 10.27    0.00   22.34 ^ instr_addr_3 (out)
                                 22.34   data arrival time

                         40.00   40.00   clock clk_sys (rise edge)
                          0.00   40.00   clock network delay (propagated)
                         -0.10   39.90   clock uncertainty
                          0.00   39.90   clock reconvergence pessimism
                        -12.00   27.90   output external delay
                                 27.90   data required time
-----------------------------------------------------------------------------
                                 27.90   data required time
                                -22.34   data arrival time
-----------------------------------------------------------------------------
                                  5.56   slack (MET)



==========================================================================
05_ibex_chip.grt report_check_types -max_slew -max_cap -max_fanout -violators
--------------------------------------------------------------------------

==========================================================================
05_ibex_chip.grt max_slew_check_slack
--------------------------------------------------------------------------
-12.686954498291016

==========================================================================
05_ibex_chip.grt max_slew_check_limit
--------------------------------------------------------------------------
1.0

==========================================================================
05_ibex_chip.grt max_slew_check_slack_limit
--------------------------------------------------------------------------
-12.6870

==========================================================================
05_ibex_chip.grt max_fanout_check_slack
--------------------------------------------------------------------------
-8.0

==========================================================================
05_ibex_chip.grt max_fanout_check_limit
--------------------------------------------------------------------------
8.0

==========================================================================
05_ibex_chip.grt max_fanout_check_slack_limit
--------------------------------------------------------------------------
-1.0000

==========================================================================
05_ibex_chip.grt max_capacitance_check_slack
--------------------------------------------------------------------------
-14.499999046325684

==========================================================================
05_ibex_chip.grt max_capacitance_check_limit
--------------------------------------------------------------------------
0.5

==========================================================================
05_ibex_chip.grt max_capacitance_check_slack_limit
--------------------------------------------------------------------------
-29.0000

==========================================================================
05_ibex_chip.grt max_slew_violation_count
--------------------------------------------------------------------------
max slew violation count 51

==========================================================================
05_ibex_chip.grt max_fanout_violation_count
--------------------------------------------------------------------------
max fanout violation count 1

==========================================================================
05_ibex_chip.grt max_cap_violation_count
--------------------------------------------------------------------------
max cap violation count 17

==========================================================================
05_ibex_chip.grt setup_violation_count
--------------------------------------------------------------------------
setup violation count 0

==========================================================================
05_ibex_chip.grt hold_violation_count
--------------------------------------------------------------------------
hold violation count 85

==========================================================================
05_ibex_chip.grt critical path delay
--------------------------------------------------------------------------
22.3386

==========================================================================
05_ibex_chip.grt critical path slack
--------------------------------------------------------------------------
5.5614

==========================================================================
05_ibex_chip.grt slack div critical path delay
--------------------------------------------------------------------------
24.895920

==========================================================================
05_ibex_chip.grt report_power tt
--------------------------------------------------------------------------
Group                  Internal  Switching    Leakage      Total
                          Power      Power      Power      Power (Watts)
----------------------------------------------------------------
Sequential             6.62e-04   8.06e-05   2.75e-07   7.43e-04   0.7%
Combinational          5.61e-04   5.85e-04   4.24e-07   1.15e-03   1.1%
Clock                  5.25e-04   2.01e-04   2.19e-07   7.26e-04   0.7%
Macro                  0.00e+00   0.00e+00   0.00e+00   0.00e+00   0.0%
Pad                    2.79e-03   9.52e-02   3.26e-08   9.80e-02  97.4%
----------------------------------------------------------------
Total                  4.54e-03   9.61e-02   9.50e-07   1.01e-01 100.0%
                           4.5%      95.5%       0.0%

==========================================================================
05_ibex_chip.grt report_design_area
--------------------------------------------------------------------------

==========================================================================
05_ibex_chip.grt area by hierarchy
--------------------------------------------------------------------------

--------------------------------------------------------------------------------
Design Area Summary
--------------------------------------------------------------------------------
Die Area:              3841600.0 um2
Core Area:             2336127.0912 um2
Total Area:            1663719.0016 um2
Total Active Area:     68519.0016 um2

Core Utilization:      0.029330168661673196
Std Cell Utilization:  0.029330168661673196

--------------------------------------------------------------------------------
Hierarchical Area Report
--------------------------------------------------------------------------------
                                                                                Global Area (um^2)                                                              Global Instances                                                                Local Area (um^2)                                                               Local Instances
                                                                                ------------------------------------------------------------------------------- ------------------------------------------------------------------------------- ------------------------------------------------------------------------------- ----------------------------------------------------------------------------
Hierarchy Name                                                                  Total           StdCell         Macro           Cover           Pad             Total           StdCell         Macro           Cover           Pad             Total           StdCell         Macro           Cover           Pad             Total           StdCell         Macro           Cover           Pad             
-----------------------------------------------------------------------------------------------------------------------------------------------------------------------------------------------------------------------------------------------------------------------------------------------------------------------------------------------------------------------------------------------------------
<top>                                                                           1663719.002     68519.002       0.000           313600.000      1281600.000     4259            3875            0               64              320             1663719.002     68519.002       0.000           313600.000      1281600.000     4259            3875            0               64              320             
