violation type: Short
	srcs: inst:pad_fetch_enable_i_0_inst net:net2658
	bbox = (8.3000, 1066.9400) - (8.5000, 1074.0000) on Layer Metal4
violation type: Short
	srcs: inst:pad_fetch_enable_i_0_inst net:net2658
	bbox = (8.3000, 1066.9400) - (19.4200, 1067.1400) on Layer Metal4
violation type: Short
	srcs: inst:IO_FILL_IO_WEST_9_0 net:net2658
	bbox = (8.3000, 1074.0000) - (8.5000, 1098.1000) on Layer Metal4
violation type: Short
	srcs: inst:IO_FILL_IO_WEST_9_0 net:net2658
	bbox = (3.0000, 1097.9000) - (8.5000, 1098.1000) on Layer Metal4
violation type: Short
	srcs: inst:IO_FILL_IO_WEST_9_10 net:net2658
	bbox = (8.3000, 1084.0000) - (8.5000, 1098.1000) on Layer Metal4
violation type: Short
	srcs: inst:IO_FILL_IO_WEST_9_10 net:net2658
	bbox = (3.0000, 1097.9000) - (8.5000, 1098.1000) on Layer Metal4
violation type: Short
	srcs: inst:IO_FILL_IO_WEST_9_15 net:net2658
	bbox = (8.3000, 1089.0000) - (8.5000, 1098.1000) on Layer Metal4
violation type: Short
	srcs: inst:IO_FILL_IO_WEST_9_15 net:net2658
	bbox = (3.0000, 1097.9000) - (8.5000, 1098.1000) on Layer Metal4
violation type: Short
	srcs: inst:IO_FILL_IO_WEST_9_17 net:net2658
	bbox = (8.3000, 1091.0000) - (8.5000, 1098.1000) on Layer Metal4
violation type: Short
	srcs: inst:IO_FILL_IO_WEST_9_17 net:net2658
	bbox = (3.0000, 1097.9000) - (8.5000, 1098.1000) on Layer Metal4
violation type: Short
	srcs: inst:pad_debug_req_i_inst net:net2658
	bbox = (8.3000, 1092.0000) - (8.5000, 1098.1000) on Layer Metal4
violation type: Short
	srcs: inst:pad_debug_req_i_inst net:net2658
	bbox = (3.0000, 1097.9000) - (8.5000, 1098.1000) on Layer Metal4
violation type: Short
	srcs: net:VSSIO net:net2658
	bbox = (8.3000, 1066.9400) - (8.5000, 1098.1000) on Layer Metal4
violation type: Short
	srcs: inst:IO_FILL_IO_WEST_8_15 net:net2658
	bbox = (8.3000, 1066.9400) - (8.5000, 1071.0000) on Layer Metal4
violation type: Short
	srcs: inst:IO_FILL_IO_WEST_8_17 net:net2658
	bbox = (8.3000, 1066.9400) - (8.5000, 1073.0000) on Layer Metal4
violation type: Short
	srcs: net:VSSIO net:net2658
	bbox = (8.3000, 1066.9400) - (19.4200, 1067.1400) on Layer Metal4
violation type: Short
	srcs: inst:IO_FILL_IO_WEST_8_15 net:net2658
	bbox = (8.3000, 1066.9400) - (19.4200, 1067.1400) on Layer Metal4
violation type: Short
	srcs: inst:IO_FILL_IO_WEST_8_17 net:net2658
	bbox = (8.3000, 1066.9400) - (19.4200, 1067.1400) on Layer Metal4
violation type: Short
	srcs: net:VSSIO net:net2658
	bbox = (7.0000, 1097.9000) - (8.5000, 1098.1000) on Layer Metal4
violation type: Short
	srcs: inst:IO_FILL_IO_WEST_8_15 net:net2664
	bbox = (58.7000, 1026.1400) - (58.9000, 1027.3000) on Layer Metal3
violation type: Short
	srcs: inst:IO_FILL_IO_WEST_8_15 net:net2664
	bbox = (58.7000, 1027.1000) - (59.7400, 1027.3000) on Layer Metal3
violation type: Short
	srcs: inst:IO_FILL_IO_WEST_8_15 net:net2664
	bbox = (59.5400, 1027.1000) - (59.7400, 1028.7400) on Layer Metal3
violation type: Short
	srcs: inst:IO_FILL_IO_WEST_8_17 net:net2664
	bbox = (58.7000, 1026.1400) - (58.9000, 1027.3000) on Layer Metal3
violation type: Short
	srcs: inst:IO_FILL_IO_WEST_8_17 net:net2664
	bbox = (58.7000, 1027.1000) - (59.7400, 1027.3000) on Layer Metal3
violation type: Short
	srcs: inst:IO_FILL_IO_WEST_8_17 net:net2664
	bbox = (59.5400, 1027.1000) - (59.7400, 1028.7400) on Layer Metal3
violation type: Short
	srcs: inst:pad_fetch_enable_i_0_inst net:net2664
	bbox = (58.7000, 1026.1400) - (58.9000, 1027.3000) on Layer Metal3
violation type: Short
	srcs: inst:pad_fetch_enable_i_0_inst net:net2664
	bbox = (58.7000, 1027.1000) - (59.7400, 1027.3000) on Layer Metal3
violation type: Short
	srcs: inst:pad_fetch_enable_i_0_inst net:net2664
	bbox = (59.5400, 1027.1000) - (59.7400, 1028.7400) on Layer Metal3
violation type: Short
	srcs: net:VSSIO net:net2664
	bbox = (58.7000, 1026.1400) - (58.9000, 1027.3000) on Layer Metal3
violation type: Short
	srcs: net:VSSIO net:net2664
	bbox = (58.7000, 1027.1000) - (59.7400, 1027.3000) on Layer Metal3
violation type: Short
	srcs: net:VSSIO net:net2664
	bbox = (59.5400, 1028.5400) - (60.0000, 1028.7400) on Layer Metal3
violation type: Short
	srcs: net:VSSIO net:net2664
	bbox = (59.5400, 1027.1000) - (59.7400, 1028.7400) on Layer Metal3
violation type: Short
	srcs: net:VDDIO net:net2664
	bbox = (66.0000, 1028.5400) - (91.5000, 1028.7400) on Layer Metal3
violation type: Short
	srcs: inst:IO_FILL_IO_WEST_8_0 net:net2664
	bbox = (58.7000, 1026.1400) - (58.9000, 1027.3000) on Layer Metal3
violation type: Short
	srcs: inst:IO_FILL_IO_WEST_8_0 net:net2664
	bbox = (58.7000, 1027.1000) - (59.7400, 1027.3000) on Layer Metal3
violation type: Short
	srcs: inst:IO_FILL_IO_WEST_8_0 net:net2664
	bbox = (59.5400, 1027.1000) - (59.7400, 1028.7400) on Layer Metal3
violation type: Short
	srcs: inst:IO_FILL_IO_WEST_8_10 net:net2664
	bbox = (58.7000, 1026.1400) - (58.9000, 1027.3000) on Layer Metal3
violation type: Short
	srcs: inst:IO_FILL_IO_WEST_8_10 net:net2664
	bbox = (58.7000, 1027.1000) - (59.7400, 1027.3000) on Layer Metal3
violation type: Short
	srcs: inst:IO_FILL_IO_WEST_8_10 net:net2664
	bbox = (59.5400, 1027.1000) - (59.7400, 1028.7400) on Layer Metal3
violation type: Short
	srcs: inst:pad_irq_nm_i_inst net:net2661
	bbox = (439.2200, 1819.5800) - (441.1000, 1819.7800) on Layer Metal3
violation type: Short
	srcs: net:VSS net:net2661
	bbox = (439.2200, 1802.0000) - (439.4200, 1819.7800) on Layer Metal3
violation type: Short
	srcs: net:VSS net:net2661
	bbox = (440.9000, 1819.5800) - (441.1000, 1820.0000) on Layer Metal3
violation type: Short
	srcs: net:VSS net:net2661
	bbox = (439.2200, 1819.5800) - (441.1000, 1819.7800) on Layer Metal3
violation type: Short
	srcs: inst:IO_FILL_IO_NORTH_2_17 net:net2661
	bbox = (439.2200, 1819.5800) - (441.1000, 1819.7800) on Layer Metal3
violation type: Short
	srcs: inst:IO_FILL_IO_NORTH_2_0 net:net2661
	bbox = (439.2200, 1819.5800) - (441.1000, 1819.7800) on Layer Metal3
violation type: Short
	srcs: inst:IO_FILL_IO_NORTH_2_10 net:net2661
	bbox = (439.2200, 1819.5800) - (441.1000, 1819.7800) on Layer Metal3
violation type: Short
	srcs: inst:IO_FILL_IO_NORTH_2_15 net:net2661
	bbox = (439.2200, 1819.5800) - (441.1000, 1819.7800) on Layer Metal3
violation type: Short
	srcs: inst:pad_fetch_enable_i_0_inst net:net2658
	bbox = (19.2200, 1065.4550) - (19.4200, 1067.1400) on Layer Metal4
violation type: Short
	srcs: inst:pad_fetch_enable_i_0_inst net:net2658
	bbox = (19.2150, 1065.4550) - (19.4250, 1065.7450) on Layer Metal4
violation type: Short
	srcs: net:VSSIO net:net2658
	bbox = (19.2200, 1065.4550) - (19.4200, 1067.1400) on Layer Metal4
violation type: Short
	srcs: net:VSSIO net:net2658
	bbox = (19.2150, 1065.4550) - (19.4250, 1065.7450) on Layer Metal4
violation type: Short
	srcs: inst:IO_FILL_IO_WEST_8_10 net:net2658
	bbox = (19.2200, 1065.4550) - (19.4200, 1066.0000) on Layer Metal4
violation type: Short
	srcs: inst:IO_FILL_IO_WEST_8_10 net:net2658
	bbox = (19.2150, 1065.4550) - (19.4250, 1065.7450) on Layer Metal4
violation type: Short
	srcs: inst:IO_FILL_IO_WEST_8_15 net:net2658
	bbox = (19.2200, 1065.4550) - (19.4200, 1067.1400) on Layer Metal4
violation type: Short
	srcs: inst:IO_FILL_IO_WEST_8_15 net:net2658
	bbox = (19.2150, 1065.4550) - (19.4250, 1065.7450) on Layer Metal4
violation type: Short
	srcs: inst:IO_FILL_IO_WEST_8_17 net:net2658
	bbox = (19.2200, 1065.4550) - (19.4200, 1067.1400) on Layer Metal4
violation type: Short
	srcs: inst:IO_FILL_IO_WEST_8_17 net:net2658
	bbox = (19.2150, 1065.4550) - (19.4250, 1065.7450) on Layer Metal4
violation type: Short
	srcs: inst:pad_fetch_enable_i_0_inst net:net2658
	bbox = (19.6000, 1064.5400) - (19.8000, 1065.7000) on Layer Metal5
violation type: Short
	srcs: inst:pad_fetch_enable_i_0_inst net:net2658
	bbox = (19.1750, 1065.5000) - (19.8000, 1065.7000) on Layer Metal5
violation type: Short
	srcs: net:VSSIO net:net2658
	bbox = (19.6000, 1064.5400) - (19.8000, 1065.7000) on Layer Metal5
violation type: Short
	srcs: net:VSSIO net:net2658
	bbox = (19.1750, 1065.5000) - (19.8000, 1065.7000) on Layer Metal5
violation type: Short
	srcs: inst:IO_FILL_IO_WEST_8_10 net:net2658
	bbox = (19.6000, 1064.5400) - (19.8000, 1065.7000) on Layer Metal5
violation type: Short
	srcs: inst:IO_FILL_IO_WEST_8_10 net:net2658
	bbox = (19.1750, 1065.5000) - (19.8000, 1065.7000) on Layer Metal5
violation type: Short
	srcs: inst:IO_FILL_IO_WEST_8_15 net:net2658
	bbox = (19.6000, 1064.5400) - (19.8000, 1065.7000) on Layer Metal5
violation type: Short
	srcs: inst:IO_FILL_IO_WEST_8_15 net:net2658
	bbox = (19.1750, 1065.5000) - (19.8000, 1065.7000) on Layer Metal5
violation type: Short
	srcs: inst:IO_FILL_IO_WEST_8_17 net:net2658
	bbox = (19.6000, 1064.5400) - (19.8000, 1065.7000) on Layer Metal5
violation type: Short
	srcs: inst:IO_FILL_IO_WEST_8_17 net:net2658
	bbox = (19.1750, 1065.5000) - (19.8000, 1065.7000) on Layer Metal5
violation type: Short
	srcs: inst:IO_FILL_IO_WEST_8_0 net:net2658
	bbox = (76.7600, 992.0600) - (76.9600, 992.7850) on Layer Metal4
violation type: Short
	srcs: inst:IO_FILL_IO_WEST_8_0 net:net2658
	bbox = (76.7600, 992.0600) - (77.8000, 992.2600) on Layer Metal4
violation type: Short
	srcs: inst:IO_FILL_IO_WEST_8_0 net:net2658
	bbox = (76.7550, 992.4950) - (76.9650, 992.7850) on Layer Metal4
violation type: Short
	srcs: inst:IO_FILL_IO_WEST_8_0 net:net2658
	bbox = (77.6000, 990.6200) - (77.8000, 992.2600) on Layer Metal4
violation type: Short
	srcs: inst:IO_FILL_IO_WEST_8_10 net:net2658
	bbox = (76.7600, 992.0600) - (76.9600, 992.7850) on Layer Metal4
violation type: Short
	srcs: inst:IO_FILL_IO_WEST_8_10 net:net2658
	bbox = (76.7600, 992.0600) - (77.8000, 992.2600) on Layer Metal4
violation type: Short
	srcs: inst:IO_FILL_IO_WEST_8_10 net:net2658
	bbox = (76.7550, 992.4950) - (76.9650, 992.7850) on Layer Metal4
violation type: Short
	srcs: inst:IO_FILL_IO_WEST_8_10 net:net2658
	bbox = (77.6000, 990.6200) - (77.8000, 992.2600) on Layer Metal4
violation type: Short
	srcs: inst:IO_FILL_IO_WEST_8_15 net:net2658
	bbox = (76.7600, 992.0600) - (76.9600, 992.7850) on Layer Metal4
violation type: Short
	srcs: inst:IO_FILL_IO_WEST_8_15 net:net2658
	bbox = (76.7600, 992.0600) - (77.8000, 992.2600) on Layer Metal4
violation type: Short
	srcs: inst:IO_FILL_IO_WEST_8_15 net:net2658
	bbox = (76.7550, 992.4950) - (76.9650, 992.7850) on Layer Metal4
violation type: Short
	srcs: inst:IO_FILL_IO_WEST_8_15 net:net2658
	bbox = (77.6000, 991.0000) - (77.8000, 992.2600) on Layer Metal4
violation type: Short
	srcs: net:VDDIO net:net2658
	bbox = (77.6000, 990.6200) - (91.5000, 990.8200) on Layer Metal4
violation type: Short
	srcs: net:VDDIO net:net2658
	bbox = (76.7600, 992.0600) - (76.9600, 992.7850) on Layer Metal4
violation type: Short
	srcs: net:VDDIO net:net2658
	bbox = (76.7600, 992.0600) - (77.8000, 992.2600) on Layer Metal4
violation type: Short
	srcs: net:VDDIO net:net2658
	bbox = (76.7550, 992.4950) - (76.9650, 992.7850) on Layer Metal4
violation type: Short
	srcs: net:VDDIO net:net2658
	bbox = (77.6000, 990.6200) - (77.8000, 992.2600) on Layer Metal4
violation type: Short
	srcs: inst:IO_FILL_IO_WEST_8_0 net:net2658
	bbox = (76.6000, 992.5400) - (77.0050, 992.7400) on Layer Metal5
violation type: Short
	srcs: inst:IO_FILL_IO_WEST_8_10 net:net2658
	bbox = (76.6000, 992.5400) - (77.0050, 992.7400) on Layer Metal5
violation type: Short
	srcs: inst:IO_FILL_IO_WEST_8_15 net:net2658
	bbox = (76.6000, 992.5400) - (77.0050, 992.7400) on Layer Metal5
violation type: Short
	srcs: net:VDDIO net:net2658
	bbox = (76.6000, 992.5400) - (77.0050, 992.7400) on Layer Metal5
violation type: Short
	srcs: inst:pad_fetch_enable_i_0_inst net:net2658
	bbox = (75.5000, 1029.4550) - (75.7000, 1034.9800) on Layer Metal4
violation type: Short
	srcs: inst:pad_fetch_enable_i_0_inst net:net2658
	bbox = (75.4950, 1029.4550) - (75.7050, 1029.7450) on Layer Metal4
violation type: Short
	srcs: net:VDDIO net:net2658
	bbox = (75.5000, 1029.4550) - (75.7000, 1034.9800) on Layer Metal4
violation type: Short
	srcs: net:VDDIO net:net2658
	bbox = (75.4950, 1029.4550) - (75.7050, 1029.7450) on Layer Metal4
violation type: Short
	srcs: net:VDDIO net:net2658
	bbox = (66.0000, 1034.7800) - (75.7000, 1034.9800) on Layer Metal4
violation type: Short
	srcs: inst:IO_FILL_IO_WEST_8_0 net:net2658
	bbox = (75.5000, 1029.4550) - (75.7000, 1034.9800) on Layer Metal4
violation type: Short
	srcs: inst:IO_FILL_IO_WEST_8_0 net:net2658
	bbox = (75.4950, 1029.4550) - (75.7050, 1029.7450) on Layer Metal4
violation type: Short
	srcs: inst:IO_FILL_IO_WEST_8_10 net:net2658
	bbox = (75.5000, 1029.4550) - (75.7000, 1034.9800) on Layer Metal4
violation type: Short
	srcs: inst:IO_FILL_IO_WEST_8_10 net:net2658
	bbox = (75.4950, 1029.4550) - (75.7050, 1029.7450) on Layer Metal4
violation type: Short
	srcs: inst:IO_FILL_IO_WEST_8_15 net:net2658
	bbox = (75.5000, 1029.4550) - (75.7000, 1034.9800) on Layer Metal4
violation type: Short
	srcs: inst:IO_FILL_IO_WEST_8_15 net:net2658
	bbox = (75.4950, 1029.4550) - (75.7050, 1029.7450) on Layer Metal4
violation type: Short
	srcs: inst:IO_FILL_IO_WEST_8_17 net:net2658
	bbox = (75.5000, 1029.4550) - (75.7000, 1034.9800) on Layer Metal4
violation type: Short
	srcs: inst:IO_FILL_IO_WEST_8_17 net:net2658
	bbox = (75.4950, 1029.4550) - (75.7050, 1029.7450) on Layer Metal4
violation type: Short
	srcs: inst:pad_fetch_enable_i_0_inst net:net2658
	bbox = (76.6000, 994.0000) - (76.8000, 1029.7000) on Layer Metal5
violation type: Short
	srcs: inst:pad_fetch_enable_i_0_inst net:net2658
	bbox = (75.4550, 1029.5000) - (76.8000, 1029.7000) on Layer Metal5
violation type: Short
	srcs: net:VDDIO net:net2658
	bbox = (76.6000, 994.0000) - (76.8000, 1029.7000) on Layer Metal5
violation type: Short
	srcs: net:VDDIO net:net2658
	bbox = (75.4550, 1029.5000) - (76.8000, 1029.7000) on Layer Metal5
violation type: Short
	srcs: inst:IO_FILL_IO_WEST_8_0 net:net2658
	bbox = (76.6000, 993.5000) - (76.8000, 1029.7000) on Layer Metal5
violation type: Short
	srcs: inst:IO_FILL_IO_WEST_8_0 net:net2658
	bbox = (75.4550, 1029.5000) - (76.8000, 1029.7000) on Layer Metal5
violation type: Short
	srcs: inst:IO_FILL_IO_WEST_8_10 net:net2658
	bbox = (76.6000, 993.5000) - (76.8000, 1029.7000) on Layer Metal5
violation type: Short
	srcs: inst:IO_FILL_IO_WEST_8_10 net:net2658
	bbox = (75.4550, 1029.5000) - (76.8000, 1029.7000) on Layer Metal5
violation type: Short
	srcs: inst:IO_FILL_IO_WEST_8_15 net:net2658
	bbox = (76.6000, 993.5000) - (76.8000, 1029.7000) on Layer Metal5
violation type: Short
	srcs: inst:IO_FILL_IO_WEST_8_15 net:net2658
	bbox = (75.4550, 1029.5000) - (76.8000, 1029.7000) on Layer Metal5
violation type: Short
	srcs: inst:IO_FILL_IO_WEST_8_17 net:net2658
	bbox = (76.6000, 993.5000) - (76.8000, 1029.7000) on Layer Metal5
violation type: Short
	srcs: inst:IO_FILL_IO_WEST_8_17 net:net2658
	bbox = (75.4550, 1029.5000) - (76.8000, 1029.7000) on Layer Metal5
violation type: Short
	srcs: net:VSS net:net2658
	bbox = (140.0000, 987.7400) - (158.0000, 987.9400) on Layer Metal3
violation type: Short
	srcs: net:VSS net:net2664
	bbox = (140.0000, 1032.8600) - (158.0000, 1033.0600) on Layer Metal3
violation type: Short
	srcs: inst:pad_irq_nm_i_inst net:net2661
	bbox = (439.2200, 1782.0000) - (439.4200, 1819.7800) on Layer Metal3
violation type: Short
	srcs: net:VDD net:net2661
	bbox = (439.2200, 1782.0000) - (439.4200, 1800.0000) on Layer Metal3
violation type: Short
	srcs: inst:IO_FILL_IO_NORTH_2_17 net:net2661
	bbox = (439.2200, 1782.0000) - (439.4200, 1819.7800) on Layer Metal3
violation type: Short
	srcs: inst:IO_FILL_IO_NORTH_2_0 net:net2661
	bbox = (439.2200, 1782.0000) - (439.4200, 1819.7800) on Layer Metal3
violation type: Short
	srcs: inst:IO_FILL_IO_NORTH_2_10 net:net2661
	bbox = (439.2200, 1782.0000) - (439.4200, 1819.7800) on Layer Metal3
violation type: Short
	srcs: inst:IO_FILL_IO_NORTH_2_15 net:net2661
	bbox = (439.2200, 1782.0000) - (439.4200, 1819.7800) on Layer Metal3
violation type: Short
	srcs: inst:pad_irq_nm_i_inst net:net2661
	bbox = (440.9000, 1819.5800) - (441.1000, 1821.7000) on Layer Metal3
violation type: Short
	srcs: inst:pad_irq_nm_i_inst net:net2661
	bbox = (441.2750, 1821.4950) - (441.5650, 1821.7050) on Layer Metal3
violation type: Short
	srcs: inst:pad_irq_nm_i_inst net:net2661
	bbox = (440.9000, 1821.5000) - (441.5650, 1821.7000) on Layer Metal3
violation type: Short
	srcs: inst:IO_FILL_IO_NORTH_2_17 net:net2661
	bbox = (440.9000, 1819.5800) - (441.1000, 1821.7000) on Layer Metal3
violation type: Short
	srcs: inst:IO_FILL_IO_NORTH_2_17 net:net2661
	bbox = (441.2750, 1821.4950) - (441.5650, 1821.7050) on Layer Metal3
violation type: Short
	srcs: inst:IO_FILL_IO_NORTH_2_17 net:net2661
	bbox = (440.9000, 1821.5000) - (441.5650, 1821.7000) on Layer Metal3
violation type: Short
	srcs: inst:IO_FILL_IO_NORTH_2_0 net:net2661
	bbox = (440.9000, 1819.5800) - (441.1000, 1821.7000) on Layer Metal3
violation type: Short
	srcs: inst:IO_FILL_IO_NORTH_2_0 net:net2661
	bbox = (441.2750, 1821.4950) - (441.5650, 1821.7050) on Layer Metal3
violation type: Short
	srcs: inst:IO_FILL_IO_NORTH_2_0 net:net2661
	bbox = (440.9000, 1821.5000) - (441.5650, 1821.7000) on Layer Metal3
violation type: Short
	srcs: inst:IO_FILL_IO_NORTH_2_10 net:net2661
	bbox = (440.9000, 1819.5800) - (441.1000, 1821.7000) on Layer Metal3
violation type: Short
	srcs: inst:IO_FILL_IO_NORTH_2_10 net:net2661
	bbox = (441.2750, 1821.4950) - (441.5650, 1821.7050) on Layer Metal3
violation type: Short
	srcs: inst:IO_FILL_IO_NORTH_2_10 net:net2661
	bbox = (440.9000, 1821.5000) - (441.5650, 1821.7000) on Layer Metal3
violation type: Short
	srcs: inst:IO_FILL_IO_NORTH_2_15 net:net2661
	bbox = (440.9000, 1819.5800) - (441.1000, 1821.7000) on Layer Metal3
violation type: Short
	srcs: inst:IO_FILL_IO_NORTH_2_15 net:net2661
	bbox = (441.2750, 1821.4950) - (441.5650, 1821.7050) on Layer Metal3
violation type: Short
	srcs: inst:IO_FILL_IO_NORTH_2_15 net:net2661
	bbox = (440.9000, 1821.5000) - (441.5650, 1821.7000) on Layer Metal3
violation type: Short
	srcs: inst:pad_irq_nm_i_inst net:net2661
	bbox = (441.3200, 1821.4550) - (441.5200, 1857.7000) on Layer Metal4
violation type: Short
	srcs: inst:pad_irq_nm_i_inst net:net2661
	bbox = (440.0600, 1857.5000) - (441.5200, 1857.7000) on Layer Metal4
violation type: Short
	srcs: net:VDDIO net:net2661
	bbox = (441.3200, 1841.0000) - (441.5200, 1857.7000) on Layer Metal4
violation type: Short
	srcs: net:VDDIO net:net2661
	bbox = (440.0600, 1857.5000) - (440.2600, 1866.5000) on Layer Metal4
violation type: Short
	srcs: net:VDDIO net:net2661
	bbox = (440.0600, 1857.5000) - (441.5200, 1857.7000) on Layer Metal4
violation type: Short
	srcs: net:VSSIO net:net2661
	bbox = (441.3200, 1826.0000) - (441.5200, 1834.0000) on Layer Metal4
violation type: Short
	srcs: inst:IO_FILL_IO_NORTH_2_17 net:net2661
	bbox = (441.3200, 1821.4550) - (441.5200, 1857.7000) on Layer Metal4
violation type: Short
	srcs: inst:IO_FILL_IO_NORTH_2_17 net:net2661
	bbox = (440.0600, 1857.5000) - (441.5200, 1857.7000) on Layer Metal4
violation type: Short
	srcs: inst:IO_FILL_IO_NORTH_2_0 net:net2661
	bbox = (441.3200, 1821.4550) - (441.5200, 1857.7000) on Layer Metal4
violation type: Short
	srcs: inst:IO_FILL_IO_NORTH_2_0 net:net2661
	bbox = (440.0600, 1857.5000) - (441.5200, 1857.7000) on Layer Metal4
violation type: Short
	srcs: inst:IO_FILL_IO_NORTH_2_10 net:net2661
	bbox = (441.3200, 1821.4550) - (441.5200, 1857.7000) on Layer Metal4
violation type: Short
	srcs: inst:IO_FILL_IO_NORTH_2_10 net:net2661
	bbox = (440.0600, 1857.5000) - (441.5200, 1857.7000) on Layer Metal4
violation type: Short
	srcs: inst:IO_FILL_IO_NORTH_2_15 net:net2661
	bbox = (441.3200, 1821.4550) - (441.5200, 1857.7000) on Layer Metal4
violation type: Short
	srcs: inst:IO_FILL_IO_NORTH_2_15 net:net2661
	bbox = (440.0600, 1857.5000) - (441.5200, 1857.7000) on Layer Metal4
violation type: Short
	srcs: inst:pad_irq_nm_i_inst net:net2661
	bbox = (440.0600, 1857.5000) - (440.2600, 1893.7000) on Layer Metal4
violation type: Short
	srcs: inst:pad_irq_nm_i_inst net:net2661
	bbox = (441.7400, 1893.5000) - (441.9400, 1929.7000) on Layer Metal4
violation type: Short
	srcs: inst:pad_irq_nm_i_inst net:net2661
	bbox = (440.0600, 1893.5000) - (441.9400, 1893.7000) on Layer Metal4
violation type: Short
	srcs: inst:pad_irq_nm_i_inst net:net2661
	bbox = (440.0600, 1929.5000) - (440.2600, 1959.8400) on Layer Metal4
violation type: Short
	srcs: inst:pad_irq_nm_i_inst net:net2661
	bbox = (440.0600, 1929.5000) - (441.9400, 1929.7000) on Layer Metal4
violation type: Short
	srcs: inst:IO_FILL_IO_NORTH_2_17 net:net2661
	bbox = (440.0600, 1857.5000) - (440.2600, 1893.7000) on Layer Metal4
violation type: Short
	srcs: inst:IO_FILL_IO_NORTH_2_17 net:net2661
	bbox = (441.7400, 1893.5000) - (441.9400, 1929.7000) on Layer Metal4
violation type: Short
	srcs: inst:IO_FILL_IO_NORTH_2_17 net:net2661
	bbox = (440.0600, 1893.5000) - (441.9400, 1893.7000) on Layer Metal4
violation type: Short
	srcs: inst:IO_FILL_IO_NORTH_2_17 net:net2661
	bbox = (440.0600, 1929.5000) - (440.2600, 1959.8400) on Layer Metal4
violation type: Short
	srcs: inst:IO_FILL_IO_NORTH_2_17 net:net2661
	bbox = (440.0600, 1929.5000) - (441.9400, 1929.7000) on Layer Metal4
violation type: Short
	srcs: inst:IO_FILL_IO_NORTH_2_0 net:net2661
	bbox = (440.0600, 1857.5000) - (440.2600, 1893.7000) on Layer Metal4
violation type: Short
	srcs: inst:IO_FILL_IO_NORTH_2_0 net:net2661
	bbox = (441.7400, 1893.5000) - (441.9400, 1929.7000) on Layer Metal4
violation type: Short
	srcs: inst:IO_FILL_IO_NORTH_2_0 net:net2661
	bbox = (440.0600, 1893.5000) - (441.9400, 1893.7000) on Layer Metal4
violation type: Short
	srcs: inst:IO_FILL_IO_NORTH_2_0 net:net2661
	bbox = (440.0600, 1929.5000) - (440.2600, 1959.8400) on Layer Metal4
violation type: Short
	srcs: inst:IO_FILL_IO_NORTH_2_0 net:net2661
	bbox = (440.0600, 1929.5000) - (441.9400, 1929.7000) on Layer Metal4
violation type: Short
	srcs: inst:IO_FILL_IO_NORTH_2_10 net:net2661
	bbox = (440.0600, 1857.5000) - (440.2600, 1893.7000) on Layer Metal4
violation type: Short
	srcs: inst:IO_FILL_IO_NORTH_2_10 net:net2661
	bbox = (441.7400, 1893.5000) - (441.9400, 1929.7000) on Layer Metal4
violation type: Short
	srcs: inst:IO_FILL_IO_NORTH_2_10 net:net2661
	bbox = (440.0600, 1893.5000) - (441.9400, 1893.7000) on Layer Metal4
violation type: Short
	srcs: inst:IO_FILL_IO_NORTH_2_10 net:net2661
	bbox = (440.0600, 1929.5000) - (440.2600, 1959.8400) on Layer Metal4
violation type: Short
	srcs: inst:IO_FILL_IO_NORTH_2_10 net:net2661
	bbox = (440.0600, 1929.5000) - (441.9400, 1929.7000) on Layer Metal4
violation type: Short
	srcs: inst:IO_FILL_IO_NORTH_2_15 net:net2661
	bbox = (440.0600, 1857.5000) - (440.2600, 1893.7000) on Layer Metal4
violation type: Short
	srcs: inst:IO_FILL_IO_NORTH_2_15 net:net2661
	bbox = (441.7400, 1893.5000) - (441.9400, 1929.7000) on Layer Metal4
violation type: Short
	srcs: inst:IO_FILL_IO_NORTH_2_15 net:net2661
	bbox = (440.0600, 1893.5000) - (441.9400, 1893.7000) on Layer Metal4
violation type: Short
	srcs: inst:IO_FILL_IO_NORTH_2_15 net:net2661
	bbox = (440.0600, 1929.5000) - (440.2600, 1959.8400) on Layer Metal4
violation type: Short
	srcs: inst:IO_FILL_IO_NORTH_2_15 net:net2661
	bbox = (440.0600, 1929.5000) - (441.9400, 1929.7000) on Layer Metal4
violation type: Short
	srcs: net:VDDIO net:net2661
	bbox = (440.0600, 1868.5000) - (440.2600, 1893.7000) on Layer Metal4
violation type: Short
	srcs: net:VDDIO net:net2661
	bbox = (441.7400, 1893.5000) - (441.9400, 1894.0000) on Layer Metal4
violation type: Short
	srcs: net:VDDIO net:net2661
	bbox = (440.0600, 1893.5000) - (441.9400, 1893.7000) on Layer Metal4
violation type: Short
	srcs: net:VSSIO net:net2661
	bbox = (441.7400, 1900.0000) - (441.9400, 1925.5000) on Layer Metal4
violation type: Short
	srcs: net:VSSIO net:net2661
	bbox = (441.7400, 1927.5000) - (441.9400, 1929.7000) on Layer Metal4
violation type: Short
	srcs: net:VSSIO net:net2661
	bbox = (440.0600, 1929.5000) - (440.2600, 1953.0000) on Layer Metal4
violation type: Short
	srcs: net:VSSIO net:net2661
	bbox = (440.0600, 1929.5000) - (441.9400, 1929.7000) on Layer Metal4
violation type: Short
	srcs: inst:IO_FILL_IO_WEST_8_15 net:net2664
	bbox = (57.5000, 1026.1400) - (57.7000, 1027.7800) on Layer Metal3
violation type: Short
	srcs: inst:IO_FILL_IO_WEST_8_15 net:net2664
	bbox = (57.5000, 1026.1400) - (58.9000, 1026.3400) on Layer Metal3
violation type: Short
	srcs: inst:IO_FILL_IO_WEST_8_15 net:net2664
	bbox = (21.5000, 1027.0950) - (21.7000, 1027.7800) on Layer Metal3
violation type: Short
	srcs: inst:IO_FILL_IO_WEST_8_15 net:net2664
	bbox = (21.4550, 1027.0950) - (21.7450, 1027.3050) on Layer Metal3
violation type: Short
	srcs: inst:IO_FILL_IO_WEST_8_15 net:net2664
	bbox = (21.5000, 1027.5800) - (57.7000, 1027.7800) on Layer Metal3
violation type: Short
	srcs: inst:IO_FILL_IO_WEST_8_17 net:net2664
	bbox = (57.5000, 1026.1400) - (57.7000, 1027.7800) on Layer Metal3
violation type: Short
	srcs: inst:IO_FILL_IO_WEST_8_17 net:net2664
	bbox = (57.5000, 1026.1400) - (58.9000, 1026.3400) on Layer Metal3
violation type: Short
	srcs: inst:IO_FILL_IO_WEST_8_17 net:net2664
	bbox = (21.5000, 1027.0950) - (21.7000, 1027.7800) on Layer Metal3
violation type: Short
	srcs: inst:IO_FILL_IO_WEST_8_17 net:net2664
	bbox = (21.4550, 1027.0950) - (21.7450, 1027.3050) on Layer Metal3
violation type: Short
	srcs: inst:IO_FILL_IO_WEST_8_17 net:net2664
	bbox = (21.5000, 1027.5800) - (57.7000, 1027.7800) on Layer Metal3
violation type: Short
	srcs: inst:pad_fetch_enable_i_0_inst net:net2664
	bbox = (57.5000, 1026.1400) - (57.7000, 1027.7800) on Layer Metal3
violation type: Short
	srcs: inst:pad_fetch_enable_i_0_inst net:net2664
	bbox = (57.5000, 1026.1400) - (58.9000, 1026.3400) on Layer Metal3
violation type: Short
	srcs: inst:pad_fetch_enable_i_0_inst net:net2664
	bbox = (21.5000, 1027.0950) - (21.7000, 1027.7800) on Layer Metal3
violation type: Short
	srcs: inst:pad_fetch_enable_i_0_inst net:net2664
	bbox = (21.4550, 1027.0950) - (21.7450, 1027.3050) on Layer Metal3
violation type: Short
	srcs: inst:pad_fetch_enable_i_0_inst net:net2664
	bbox = (21.5000, 1027.5800) - (57.7000, 1027.7800) on Layer Metal3
violation type: Short
	srcs: net:VSSIO net:net2664
	bbox = (21.5000, 1027.0950) - (21.7000, 1027.7800) on Layer Metal3
violation type: Short
	srcs: net:VSSIO net:net2664
	bbox = (21.4550, 1027.0950) - (21.7450, 1027.3050) on Layer Metal3
violation type: Short
	srcs: net:VSSIO net:net2664
	bbox = (21.5000, 1027.5800) - (32.5000, 1027.7800) on Layer Metal3
violation type: Short
	srcs: net:VSSIO net:net2664
	bbox = (57.5000, 1026.1400) - (57.7000, 1027.7800) on Layer Metal3
violation type: Short
	srcs: net:VSSIO net:net2664
	bbox = (57.5000, 1026.1400) - (58.9000, 1026.3400) on Layer Metal3
violation type: Short
	srcs: net:VSSIO net:net2664
	bbox = (34.5000, 1027.5800) - (57.7000, 1027.7800) on Layer Metal3
violation type: Short
	srcs: inst:IO_FILL_IO_WEST_8_0 net:net2664
	bbox = (57.5000, 1026.1400) - (57.7000, 1027.7800) on Layer Metal3
violation type: Short
	srcs: inst:IO_FILL_IO_WEST_8_0 net:net2664
	bbox = (57.5000, 1026.1400) - (58.9000, 1026.3400) on Layer Metal3
violation type: Short
	srcs: inst:IO_FILL_IO_WEST_8_0 net:net2664
	bbox = (21.5000, 1027.0950) - (21.7000, 1027.7800) on Layer Metal3
violation type: Short
	srcs: inst:IO_FILL_IO_WEST_8_0 net:net2664
	bbox = (21.4550, 1027.0950) - (21.7450, 1027.3050) on Layer Metal3
violation type: Short
	srcs: inst:IO_FILL_IO_WEST_8_0 net:net2664
	bbox = (21.5000, 1027.5800) - (57.7000, 1027.7800) on Layer Metal3
violation type: Short
	srcs: inst:IO_FILL_IO_WEST_8_10 net:net2664
	bbox = (57.5000, 1026.1400) - (57.7000, 1027.7800) on Layer Metal3
violation type: Short
	srcs: inst:IO_FILL_IO_WEST_8_10 net:net2664
	bbox = (57.5000, 1026.1400) - (58.9000, 1026.3400) on Layer Metal3
violation type: Short
	srcs: inst:IO_FILL_IO_WEST_8_10 net:net2664
	bbox = (21.5000, 1027.0950) - (21.7000, 1027.7800) on Layer Metal3
violation type: Short
	srcs: inst:IO_FILL_IO_WEST_8_10 net:net2664
	bbox = (21.4550, 1027.0950) - (21.7450, 1027.3050) on Layer Metal3
violation type: Short
	srcs: inst:IO_FILL_IO_WEST_8_10 net:net2664
	bbox = (21.5000, 1027.5800) - (57.7000, 1027.7800) on Layer Metal3
violation type: Short
	srcs: inst:IO_FILL_IO_WEST_8_15 net:net2664
	bbox = (21.5000, 1027.0550) - (21.7000, 1027.3450) on Layer Metal4
violation type: Short
	srcs: inst:IO_FILL_IO_WEST_8_15 net:net2664
	bbox = (0.4200, 1027.1000) - (21.7000, 1027.3000) on Layer Metal4
violation type: Short
	srcs: inst:IO_FILL_IO_WEST_8_17 net:net2664
	bbox = (21.5000, 1027.0550) - (21.7000, 1027.3450) on Layer Metal4
violation type: Short
	srcs: inst:IO_FILL_IO_WEST_8_17 net:net2664
	bbox = (0.4200, 1027.1000) - (21.7000, 1027.3000) on Layer Metal4
violation type: Short
	srcs: inst:pad_fetch_enable_i_0_inst net:net2664
	bbox = (21.5000, 1027.0550) - (21.7000, 1027.3450) on Layer Metal4
violation type: Short
	srcs: inst:pad_fetch_enable_i_0_inst net:net2664
	bbox = (0.4200, 1027.1000) - (21.7000, 1027.3000) on Layer Metal4
violation type: Short
	srcs: net:VSSIO net:net2664
	bbox = (21.5000, 1027.0550) - (21.7000, 1027.3450) on Layer Metal4
violation type: Short
	srcs: net:VSSIO net:net2664
	bbox = (7.0000, 1027.1000) - (21.7000, 1027.3000) on Layer Metal4
violation type: Short
	srcs: inst:IO_FILL_IO_WEST_8_0 net:net2664
	bbox = (21.5000, 1027.0550) - (21.7000, 1027.3450) on Layer Metal4
violation type: Short
	srcs: inst:IO_FILL_IO_WEST_8_0 net:net2664
	bbox = (0.4200, 1027.1000) - (21.7000, 1027.3000) on Layer Metal4
violation type: Short
	srcs: inst:IO_FILL_IO_WEST_8_10 net:net2664
	bbox = (21.5000, 1027.0550) - (21.7000, 1027.3450) on Layer Metal4
violation type: Short
	srcs: inst:IO_FILL_IO_WEST_8_10 net:net2664
	bbox = (0.4200, 1027.1000) - (21.7000, 1027.3000) on Layer Metal4
violation type: Short
	srcs: inst:IO_FILL_IO_WEST_8_15 net:net2664
	bbox = (93.5000, 1026.6200) - (93.7000, 1028.7400) on Layer Metal3
violation type: Short
	srcs: inst:IO_FILL_IO_WEST_8_15 net:net2664
	bbox = (93.5000, 1026.6200) - (129.7000, 1026.8200) on Layer Metal3
violation type: Short
	srcs: inst:IO_FILL_IO_WEST_8_15 net:net2664
	bbox = (59.5400, 1028.5400) - (93.7000, 1028.7400) on Layer Metal3
violation type: Short
	srcs: inst:IO_FILL_IO_WEST_8_17 net:net2664
	bbox = (93.5000, 1026.6200) - (93.7000, 1028.7400) on Layer Metal3
violation type: Short
	srcs: inst:IO_FILL_IO_WEST_8_17 net:net2664
	bbox = (93.5000, 1026.6200) - (129.7000, 1026.8200) on Layer Metal3
violation type: Short
	srcs: inst:IO_FILL_IO_WEST_8_17 net:net2664
	bbox = (59.5400, 1028.5400) - (93.7000, 1028.7400) on Layer Metal3
violation type: Short
	srcs: inst:pad_fetch_enable_i_0_inst net:net2664
	bbox = (93.5000, 1026.6200) - (93.7000, 1028.7400) on Layer Metal3
violation type: Short
	srcs: inst:pad_fetch_enable_i_0_inst net:net2664
	bbox = (93.5000, 1026.6200) - (129.7000, 1026.8200) on Layer Metal3
violation type: Short
	srcs: inst:pad_fetch_enable_i_0_inst net:net2664
	bbox = (59.5400, 1028.5400) - (93.7000, 1028.7400) on Layer Metal3
violation type: Short
	srcs: inst:IO_FILL_IO_WEST_8_0 net:net2664
	bbox = (93.5000, 1026.6200) - (93.7000, 1028.7400) on Layer Metal3
violation type: Short
	srcs: inst:IO_FILL_IO_WEST_8_0 net:net2664
	bbox = (93.5000, 1026.6200) - (129.7000, 1026.8200) on Layer Metal3
violation type: Short
	srcs: inst:IO_FILL_IO_WEST_8_0 net:net2664
	bbox = (59.5400, 1028.5400) - (93.7000, 1028.7400) on Layer Metal3
violation type: Short
	srcs: inst:IO_FILL_IO_WEST_8_10 net:net2664
	bbox = (93.5000, 1026.6200) - (93.7000, 1028.7400) on Layer Metal3
violation type: Short
	srcs: inst:IO_FILL_IO_WEST_8_10 net:net2664
	bbox = (93.5000, 1026.6200) - (129.7000, 1026.8200) on Layer Metal3
violation type: Short
	srcs: inst:IO_FILL_IO_WEST_8_10 net:net2664
	bbox = (59.5400, 1028.5400) - (93.7000, 1028.7400) on Layer Metal3
violation type: Short
	srcs: net:VSSIO net:net2664
	bbox = (126.0000, 1026.6200) - (129.7000, 1026.8200) on Layer Metal3
violation type: Short
	srcs: net:VDDIO net:net2664
	bbox = (93.5000, 1026.6200) - (93.7000, 1028.7400) on Layer Metal3
violation type: Short
	srcs: net:VDDIO net:net2664
	bbox = (93.5000, 1026.6200) - (119.0000, 1026.8200) on Layer Metal3
violation type: Short
	srcs: net:VDDIO net:net2664
	bbox = (93.5000, 1028.5400) - (93.7000, 1028.7400) on Layer Metal3
violation type: Short
	srcs: inst:pad_fetch_enable_i_0_inst net:net2658
	bbox = (57.5000, 1034.7800) - (57.7000, 1035.4600) on Layer Metal4
violation type: Short
	srcs: inst:pad_fetch_enable_i_0_inst net:net2658
	bbox = (57.5000, 1034.7800) - (75.7000, 1034.9800) on Layer Metal4
violation type: Short
	srcs: inst:pad_fetch_enable_i_0_inst net:net2658
	bbox = (55.3400, 1035.2600) - (55.5400, 1063.3000) on Layer Metal4
violation type: Short
	srcs: inst:pad_fetch_enable_i_0_inst net:net2658
	bbox = (55.3400, 1035.2600) - (57.7000, 1035.4600) on Layer Metal4
violation type: Short
	srcs: inst:pad_fetch_enable_i_0_inst net:net2658
	bbox = (21.5000, 1063.1000) - (21.7000, 1064.7850) on Layer Metal4
violation type: Short
	srcs: inst:pad_fetch_enable_i_0_inst net:net2658
	bbox = (21.5000, 1063.1000) - (55.5400, 1063.3000) on Layer Metal4
violation type: Short
	srcs: inst:pad_fetch_enable_i_0_inst net:net2658
	bbox = (21.4950, 1064.4950) - (21.7050, 1064.7850) on Layer Metal4
violation type: Short
	srcs: net:VSSIO net:net2658
	bbox = (21.5000, 1063.1000) - (21.7000, 1064.7850) on Layer Metal4
violation type: Short
	srcs: net:VSSIO net:net2658
	bbox = (21.5000, 1063.1000) - (32.5000, 1063.3000) on Layer Metal4
violation type: Short
	srcs: net:VSSIO net:net2658
	bbox = (21.4950, 1064.4950) - (21.7050, 1064.7850) on Layer Metal4
violation type: Short
	srcs: net:VSSIO net:net2658
	bbox = (57.5000, 1034.7800) - (57.7000, 1035.4600) on Layer Metal4
violation type: Short
	srcs: net:VSSIO net:net2658
	bbox = (57.5000, 1034.7800) - (60.0000, 1034.9800) on Layer Metal4
violation type: Short
	srcs: net:VSSIO net:net2658
	bbox = (55.3400, 1035.2600) - (55.5400, 1063.3000) on Layer Metal4
violation type: Short
	srcs: net:VSSIO net:net2658
	bbox = (55.3400, 1035.2600) - (57.7000, 1035.4600) on Layer Metal4
violation type: Short
	srcs: net:VSSIO net:net2658
	bbox = (34.5000, 1063.1000) - (55.5400, 1063.3000) on Layer Metal4
violation type: Short
	srcs: inst:IO_FILL_IO_WEST_8_0 net:net2658
	bbox = (57.5000, 1034.7800) - (57.7000, 1035.4600) on Layer Metal4
violation type: Short
	srcs: inst:IO_FILL_IO_WEST_8_0 net:net2658
	bbox = (57.5000, 1034.7800) - (75.7000, 1034.9800) on Layer Metal4
violation type: Short
	srcs: inst:IO_FILL_IO_WEST_8_0 net:net2658
	bbox = (55.3400, 1035.2600) - (55.5400, 1056.0000) on Layer Metal4
violation type: Short
	srcs: inst:IO_FILL_IO_WEST_8_0 net:net2658
	bbox = (55.3400, 1035.2600) - (57.7000, 1035.4600) on Layer Metal4
violation type: Short
	srcs: inst:IO_FILL_IO_WEST_8_10 net:net2658
	bbox = (57.5000, 1034.7800) - (57.7000, 1035.4600) on Layer Metal4
violation type: Short
	srcs: inst:IO_FILL_IO_WEST_8_10 net:net2658
	bbox = (57.5000, 1034.7800) - (75.7000, 1034.9800) on Layer Metal4
violation type: Short
	srcs: inst:IO_FILL_IO_WEST_8_10 net:net2658
	bbox = (55.3400, 1035.2600) - (55.5400, 1063.3000) on Layer Metal4
violation type: Short
	srcs: inst:IO_FILL_IO_WEST_8_10 net:net2658
	bbox = (55.3400, 1035.2600) - (57.7000, 1035.4600) on Layer Metal4
violation type: Short
	srcs: inst:IO_FILL_IO_WEST_8_10 net:net2658
	bbox = (21.5000, 1063.1000) - (21.7000, 1064.7850) on Layer Metal4
violation type: Short
	srcs: inst:IO_FILL_IO_WEST_8_10 net:net2658
	bbox = (21.5000, 1063.1000) - (55.5400, 1063.3000) on Layer Metal4
violation type: Short
	srcs: inst:IO_FILL_IO_WEST_8_10 net:net2658
	bbox = (21.4950, 1064.4950) - (21.7050, 1064.7850) on Layer Metal4
violation type: Short
	srcs: inst:IO_FILL_IO_WEST_8_15 net:net2658
	bbox = (57.5000, 1034.7800) - (57.7000, 1035.4600) on Layer Metal4
violation type: Short
	srcs: inst:IO_FILL_IO_WEST_8_15 net:net2658
	bbox = (57.5000, 1034.7800) - (75.7000, 1034.9800) on Layer Metal4
violation type: Short
	srcs: inst:IO_FILL_IO_WEST_8_15 net:net2658
	bbox = (55.3400, 1035.2600) - (55.5400, 1063.3000) on Layer Metal4
violation type: Short
	srcs: inst:IO_FILL_IO_WEST_8_15 net:net2658
	bbox = (55.3400, 1035.2600) - (57.7000, 1035.4600) on Layer Metal4
violation type: Short
	srcs: inst:IO_FILL_IO_WEST_8_15 net:net2658
	bbox = (21.5000, 1063.1000) - (21.7000, 1064.7850) on Layer Metal4
violation type: Short
	srcs: inst:IO_FILL_IO_WEST_8_15 net:net2658
	bbox = (21.5000, 1063.1000) - (55.5400, 1063.3000) on Layer Metal4
violation type: Short
	srcs: inst:IO_FILL_IO_WEST_8_15 net:net2658
	bbox = (21.4950, 1064.4950) - (21.7050, 1064.7850) on Layer Metal4
violation type: Short
	srcs: inst:IO_FILL_IO_WEST_8_17 net:net2658
	bbox = (57.5000, 1034.7800) - (57.7000, 1035.4600) on Layer Metal4
violation type: Short
	srcs: inst:IO_FILL_IO_WEST_8_17 net:net2658
	bbox = (57.5000, 1034.7800) - (75.7000, 1034.9800) on Layer Metal4
violation type: Short
	srcs: inst:IO_FILL_IO_WEST_8_17 net:net2658
	bbox = (55.3400, 1035.2600) - (55.5400, 1063.3000) on Layer Metal4
violation type: Short
	srcs: inst:IO_FILL_IO_WEST_8_17 net:net2658
	bbox = (55.3400, 1035.2600) - (57.7000, 1035.4600) on Layer Metal4
violation type: Short
	srcs: inst:IO_FILL_IO_WEST_8_17 net:net2658
	bbox = (21.5000, 1063.1000) - (21.7000, 1064.7850) on Layer Metal4
violation type: Short
	srcs: inst:IO_FILL_IO_WEST_8_17 net:net2658
	bbox = (21.5000, 1063.1000) - (55.5400, 1063.3000) on Layer Metal4
violation type: Short
	srcs: inst:IO_FILL_IO_WEST_8_17 net:net2658
	bbox = (21.4950, 1064.4950) - (21.7050, 1064.7850) on Layer Metal4
violation type: Short
	srcs: inst:pad_fetch_enable_i_0_inst net:net2658
	bbox = (19.6000, 1064.5400) - (21.7450, 1064.7400) on Layer Metal5
violation type: Short
	srcs: net:VSSIO net:net2658
	bbox = (19.6000, 1064.5400) - (21.7450, 1064.7400) on Layer Metal5
violation type: Short
	srcs: inst:IO_FILL_IO_WEST_8_10 net:net2658
	bbox = (19.6000, 1064.5400) - (21.7450, 1064.7400) on Layer Metal5
violation type: Short
	srcs: inst:IO_FILL_IO_WEST_8_15 net:net2658
	bbox = (19.6000, 1064.5400) - (21.7450, 1064.7400) on Layer Metal5
violation type: Short
	srcs: inst:IO_FILL_IO_WEST_8_17 net:net2658
	bbox = (19.6000, 1064.5400) - (21.7450, 1064.7400) on Layer Metal5
violation type: Short
	srcs: inst:IO_FILL_IO_WEST_8_0 net:net2658
	bbox = (93.4550, 990.6150) - (93.7450, 990.8250) on Layer Metal3
violation type: Short
	srcs: inst:IO_FILL_IO_WEST_8_0 net:net2658
	bbox = (129.5000, 987.7400) - (129.7000, 988.9000) on Layer Metal3
violation type: Short
	srcs: inst:IO_FILL_IO_WEST_8_0 net:net2658
	bbox = (94.8200, 988.7000) - (95.0200, 989.8600) on Layer Metal3
violation type: Short
	srcs: inst:IO_FILL_IO_WEST_8_0 net:net2658
	bbox = (94.8200, 988.7000) - (129.7000, 988.9000) on Layer Metal3
violation type: Short
	srcs: inst:IO_FILL_IO_WEST_8_0 net:net2658
	bbox = (94.4000, 989.6600) - (94.6000, 990.3400) on Layer Metal3
violation type: Short
	srcs: inst:IO_FILL_IO_WEST_8_0 net:net2658
	bbox = (94.4000, 989.6600) - (95.0200, 989.8600) on Layer Metal3
violation type: Short
	srcs: inst:IO_FILL_IO_WEST_8_0 net:net2658
	bbox = (93.5000, 990.1400) - (93.7000, 990.8250) on Layer Metal3
violation type: Short
	srcs: inst:IO_FILL_IO_WEST_8_0 net:net2658
	bbox = (93.5000, 990.1400) - (94.6000, 990.3400) on Layer Metal3
violation type: Short
	srcs: inst:IO_FILL_IO_WEST_8_10 net:net2658
	bbox = (93.4550, 990.6150) - (93.7450, 990.8250) on Layer Metal3
violation type: Short
	srcs: inst:IO_FILL_IO_WEST_8_10 net:net2658
	bbox = (129.5000, 987.7400) - (129.7000, 988.9000) on Layer Metal3
violation type: Short
	srcs: inst:IO_FILL_IO_WEST_8_10 net:net2658
	bbox = (94.8200, 988.7000) - (95.0200, 989.8600) on Layer Metal3
violation type: Short
	srcs: inst:IO_FILL_IO_WEST_8_10 net:net2658
	bbox = (94.8200, 988.7000) - (129.7000, 988.9000) on Layer Metal3
violation type: Short
	srcs: inst:IO_FILL_IO_WEST_8_10 net:net2658
	bbox = (94.4000, 989.6600) - (94.6000, 990.3400) on Layer Metal3
violation type: Short
	srcs: inst:IO_FILL_IO_WEST_8_10 net:net2658
	bbox = (94.4000, 989.6600) - (95.0200, 989.8600) on Layer Metal3
violation type: Short
	srcs: inst:IO_FILL_IO_WEST_8_10 net:net2658
	bbox = (93.5000, 990.1400) - (93.7000, 990.8250) on Layer Metal3
violation type: Short
	srcs: inst:IO_FILL_IO_WEST_8_10 net:net2658
	bbox = (93.5000, 990.1400) - (94.6000, 990.3400) on Layer Metal3
violation type: Short
	srcs: net:VSSIO net:net2658
	bbox = (129.5000, 987.7400) - (134.0000, 987.9400) on Layer Metal3
violation type: Short
	srcs: net:VSSIO net:net2658
	bbox = (129.5000, 987.7400) - (129.7000, 988.9000) on Layer Metal3
violation type: Short
	srcs: net:VSSIO net:net2658
	bbox = (126.0000, 988.7000) - (129.7000, 988.9000) on Layer Metal3
violation type: Short
	srcs: net:VDDIO net:net2658
	bbox = (93.5000, 990.6150) - (93.7450, 990.8250) on Layer Metal3
violation type: Short
	srcs: net:VDDIO net:net2658
	bbox = (94.8200, 988.7000) - (95.0200, 989.8600) on Layer Metal3
violation type: Short
	srcs: net:VDDIO net:net2658
	bbox = (94.8200, 988.7000) - (119.0000, 988.9000) on Layer Metal3
violation type: Short
	srcs: net:VDDIO net:net2658
	bbox = (94.4000, 989.6600) - (94.6000, 990.3400) on Layer Metal3
violation type: Short
	srcs: net:VDDIO net:net2658
	bbox = (94.4000, 989.6600) - (95.0200, 989.8600) on Layer Metal3
violation type: Short
	srcs: net:VDDIO net:net2658
	bbox = (93.5000, 990.1400) - (93.7000, 990.8250) on Layer Metal3
violation type: Short
	srcs: net:VDDIO net:net2658
	bbox = (93.5000, 990.1400) - (94.6000, 990.3400) on Layer Metal3
violation type: Short
	srcs: inst:IO_FILL_IO_WEST_8_0 net:net2658
	bbox = (93.5000, 990.5750) - (93.7000, 990.8650) on Layer Metal4
violation type: Short
	srcs: inst:IO_FILL_IO_WEST_8_0 net:net2658
	bbox = (77.6000, 990.6200) - (93.7000, 990.8200) on Layer Metal4
violation type: Short
	srcs: inst:IO_FILL_IO_WEST_8_10 net:net2658
	bbox = (93.5000, 990.5750) - (93.7000, 990.8650) on Layer Metal4
violation type: Short
	srcs: inst:IO_FILL_IO_WEST_8_10 net:net2658
	bbox = (77.6000, 990.6200) - (93.7000, 990.8200) on Layer Metal4
violation type: Short
	srcs: net:VDDIO net:net2658
	bbox = (93.5000, 990.5750) - (93.7000, 990.8650) on Layer Metal4
violation type: Short
	srcs: net:VDDIO net:net2658
	bbox = (93.5000, 990.6200) - (93.7000, 990.8200) on Layer Metal4
violation type: Short
	srcs: inst:pad_fetch_enable_i_0_inst net:net2664
	bbox = (129.5000, 1026.6200) - (129.7000, 1033.0600) on Layer Metal3
violation type: Short
	srcs: inst:IO_FILL_IO_WEST_8_0 net:net2664
	bbox = (129.5000, 1026.6200) - (129.7000, 1033.0600) on Layer Metal3
violation type: Short
	srcs: inst:IO_FILL_IO_WEST_8_10 net:net2664
	bbox = (129.5000, 1026.6200) - (129.7000, 1033.0600) on Layer Metal3
violation type: Short
	srcs: inst:IO_FILL_IO_WEST_8_15 net:net2664
	bbox = (129.5000, 1026.6200) - (129.7000, 1033.0600) on Layer Metal3
violation type: Short
	srcs: inst:IO_FILL_IO_WEST_8_17 net:net2664
	bbox = (129.5000, 1026.6200) - (129.7000, 1033.0600) on Layer Metal3
violation type: Short
	srcs: net:VSSIO net:net2664
	bbox = (129.5000, 1026.6200) - (129.7000, 1033.0600) on Layer Metal3
violation type: Short
	srcs: net:VSSIO net:net2664
	bbox = (129.5000, 1032.8600) - (134.0000, 1033.0600) on Layer Metal3
violation type: Short
	srcs: net:VDD net:net2658
	bbox = (160.0000, 987.7400) - (165.7450, 987.9400) on Layer Metal3
violation type: Short
	srcs: net:VDD net:net2658
	bbox = (165.4550, 987.7350) - (165.7450, 987.9450) on Layer Metal3
violation type: Short
	srcs: inst:IO_FILL_IO_WEST_8_0 net:net2658
	bbox = (129.5000, 987.7400) - (165.7450, 987.9400) on Layer Metal3
violation type: Short
	srcs: inst:IO_FILL_IO_WEST_8_0 net:net2658
	bbox = (165.4550, 987.7350) - (165.7450, 987.9450) on Layer Metal3
violation type: Short
	srcs: inst:IO_FILL_IO_WEST_8_10 net:net2658
	bbox = (129.5000, 987.7400) - (165.7450, 987.9400) on Layer Metal3
violation type: Short
	srcs: inst:IO_FILL_IO_WEST_8_10 net:net2658
	bbox = (165.4550, 987.7350) - (165.7450, 987.9450) on Layer Metal3
violation type: Short
	srcs: net:VSS net:net2658
	bbox = (165.5000, 987.6950) - (165.7000, 987.9850) on Layer Metal4
violation type: Short
	srcs: net:VSS net:net2658
	bbox = (165.5000, 987.7400) - (178.0000, 987.9400) on Layer Metal4
violation type: Short
	srcs: inst:IO_FILL_IO_WEST_8_0 net:net2658
	bbox = (165.5000, 987.6950) - (165.7000, 987.9850) on Layer Metal4
violation type: Short
	srcs: inst:IO_FILL_IO_WEST_8_0 net:net2658
	bbox = (165.5000, 987.7400) - (178.0000, 987.9400) on Layer Metal4
violation type: Short
	srcs: inst:IO_FILL_IO_WEST_8_10 net:net2658
	bbox = (165.5000, 987.6950) - (165.7000, 987.9850) on Layer Metal4
violation type: Short
	srcs: inst:IO_FILL_IO_WEST_8_10 net:net2658
	bbox = (165.5000, 987.7400) - (178.0000, 987.9400) on Layer Metal4
violation type: Short
	srcs: net:VDD net:net2664
	bbox = (165.5000, 1031.4200) - (165.7000, 1033.0600) on Layer Metal3
violation type: Short
	srcs: net:VDD net:net2664
	bbox = (165.5000, 1031.4200) - (178.0000, 1031.6200) on Layer Metal3
violation type: Short
	srcs: net:VDD net:net2664
	bbox = (160.0000, 1032.8600) - (165.7000, 1033.0600) on Layer Metal3
violation type: Short
	srcs: inst:pad_fetch_enable_i_0_inst net:net2664
	bbox = (165.5000, 1031.4200) - (165.7000, 1033.0600) on Layer Metal3
violation type: Short
	srcs: inst:pad_fetch_enable_i_0_inst net:net2664
	bbox = (165.5000, 1031.4200) - (178.0000, 1031.6200) on Layer Metal3
violation type: Short
	srcs: inst:pad_fetch_enable_i_0_inst net:net2664
	bbox = (129.5000, 1032.8600) - (165.7000, 1033.0600) on Layer Metal3
violation type: Short
	srcs: inst:IO_FILL_IO_WEST_8_0 net:net2664
	bbox = (165.5000, 1031.4200) - (165.7000, 1033.0600) on Layer Metal3
violation type: Short
	srcs: inst:IO_FILL_IO_WEST_8_0 net:net2664
	bbox = (165.5000, 1031.4200) - (178.0000, 1031.6200) on Layer Metal3
violation type: Short
	srcs: inst:IO_FILL_IO_WEST_8_0 net:net2664
	bbox = (129.5000, 1032.8600) - (165.7000, 1033.0600) on Layer Metal3
violation type: Short
	srcs: inst:IO_FILL_IO_WEST_8_10 net:net2664
	bbox = (165.5000, 1031.4200) - (165.7000, 1033.0600) on Layer Metal3
violation type: Short
	srcs: inst:IO_FILL_IO_WEST_8_10 net:net2664
	bbox = (165.5000, 1031.4200) - (178.0000, 1031.6200) on Layer Metal3
violation type: Short
	srcs: inst:IO_FILL_IO_WEST_8_10 net:net2664
	bbox = (129.5000, 1032.8600) - (165.7000, 1033.0600) on Layer Metal3
violation type: Short
	srcs: inst:IO_FILL_IO_WEST_8_15 net:net2664
	bbox = (165.5000, 1031.4200) - (165.7000, 1033.0600) on Layer Metal3
violation type: Short
	srcs: inst:IO_FILL_IO_WEST_8_15 net:net2664
	bbox = (165.5000, 1031.4200) - (178.0000, 1031.6200) on Layer Metal3
violation type: Short
	srcs: inst:IO_FILL_IO_WEST_8_15 net:net2664
	bbox = (129.5000, 1032.8600) - (165.7000, 1033.0600) on Layer Metal3
violation type: Short
	srcs: inst:IO_FILL_IO_WEST_8_17 net:net2664
	bbox = (165.5000, 1031.4200) - (165.7000, 1033.0600) on Layer Metal3
violation type: Short
	srcs: inst:IO_FILL_IO_WEST_8_17 net:net2664
	bbox = (165.5000, 1031.4200) - (178.0000, 1031.6200) on Layer Metal3
violation type: Short
	srcs: inst:IO_FILL_IO_WEST_8_17 net:net2664
	bbox = (129.5000, 1032.8600) - (165.7000, 1033.0600) on Layer Metal3
violation type: Metal Spacing
	srcs: net:net2661
	bbox = (441.1000, 1821.4950) - (441.2750, 1821.7000) on Layer Metal3
violation type: Metal Spacing
	srcs: inst:IO_FILL_IO_WEST_8_15 net:net2658
	bbox = (93.4550, 990.8250) - (93.7450, 991.0000) on Layer Metal3
violation type: Metal Spacing
	srcs: inst:IO_FILL_IO_WEST_8_15 net:net2658
	bbox = (93.5000, 990.8250) - (93.7000, 991.0000) on Layer Metal3
violation type: Metal Spacing
	srcs: inst:IO_FILL_IO_WEST_8_15 net:net2658
	bbox = (93.5000, 990.8650) - (93.7000, 991.0000) on Layer Metal4
violation type: Metal Spacing
	srcs: inst:IO_FILL_IO_WEST_8_15 net:net2658
	bbox = (77.6000, 990.8200) - (93.7000, 991.0000) on Layer Metal4
