violation type: Short
	srcs: inst:IO_FILL_IO_WEST_9_0 net:net2658
	bbox = (31.8200, 1078.4600) - (32.0200, 1099.3000) on Layer Metal4
violation type: Short
	srcs: inst:IO_FILL_IO_WEST_9_10 net:net2658
	bbox = (31.8200, 1084.0000) - (32.0200, 1099.3000) on Layer Metal4
violation type: Short
	srcs: inst:IO_FILL_IO_WEST_9_15 net:net2658
	bbox = (31.8200, 1089.0000) - (32.0200, 1099.3000) on Layer Metal4
violation type: Short
	srcs: inst:IO_FILL_IO_WEST_9_17 net:net2658
	bbox = (31.8200, 1091.0000) - (32.0200, 1099.3000) on Layer Metal4
violation type: Short
	srcs: inst:pad_debug_req_i_inst net:net2658
	bbox = (31.8200, 1092.0000) - (32.0200, 1099.3000) on Layer Metal4
violation type: Short
	srcs: net:VSSIO net:net2658
	bbox = (31.8200, 1078.4600) - (32.0200, 1099.3000) on Layer Metal4
violation type: Short
	srcs: net:VSSIO net:net2658
	bbox = (31.8200, 1078.4600) - (32.5000, 1078.6600) on Layer Metal4
violation type: Short
	srcs: net:VDDIO net:net2664
	bbox = (66.0000, 1031.9000) - (91.5000, 1032.1000) on Layer Metal3
violation type: Short
	srcs: inst:pad_fetch_enable_i_0_inst net:net2658
	bbox = (54.0800, 1043.9000) - (54.2800, 1074.0000) on Layer Metal4
violation type: Short
	srcs: inst:pad_fetch_enable_i_0_inst net:net2658
	bbox = (52.8200, 1043.9000) - (54.2800, 1044.1000) on Layer Metal4
violation type: Short
	srcs: inst:IO_FILL_IO_WEST_9_0 net:net2658
	bbox = (54.0800, 1074.0000) - (54.2800, 1077.7000) on Layer Metal4
violation type: Short
	srcs: inst:IO_FILL_IO_WEST_9_0 net:net2658
	bbox = (36.8600, 1077.5000) - (37.0600, 1078.6600) on Layer Metal4
violation type: Short
	srcs: inst:IO_FILL_IO_WEST_9_0 net:net2658
	bbox = (36.8600, 1077.5000) - (54.2800, 1077.7000) on Layer Metal4
violation type: Short
	srcs: inst:IO_FILL_IO_WEST_9_0 net:net2658
	bbox = (31.8200, 1078.4600) - (37.0600, 1078.6600) on Layer Metal4
violation type: Short
	srcs: net:VSSIO net:net2658
	bbox = (54.0800, 1043.9000) - (54.2800, 1077.7000) on Layer Metal4
violation type: Short
	srcs: net:VSSIO net:net2658
	bbox = (52.8200, 1043.9000) - (54.2800, 1044.1000) on Layer Metal4
violation type: Short
	srcs: net:VSSIO net:net2658
	bbox = (36.8600, 1077.5000) - (37.0600, 1078.6600) on Layer Metal4
violation type: Short
	srcs: net:VSSIO net:net2658
	bbox = (36.8600, 1077.5000) - (54.2800, 1077.7000) on Layer Metal4
violation type: Short
	srcs: net:VSSIO net:net2658
	bbox = (34.5000, 1078.4600) - (37.0600, 1078.6600) on Layer Metal4
violation type: Short
	srcs: inst:IO_FILL_IO_WEST_8_0 net:net2658
	bbox = (54.0800, 1043.9000) - (54.2800, 1056.0000) on Layer Metal4
violation type: Short
	srcs: inst:IO_FILL_IO_WEST_8_0 net:net2658
	bbox = (52.8200, 1043.9000) - (54.2800, 1044.1000) on Layer Metal4
violation type: Short
	srcs: inst:IO_FILL_IO_WEST_8_10 net:net2658
	bbox = (54.0800, 1043.9000) - (54.2800, 1066.0000) on Layer Metal4
violation type: Short
	srcs: inst:IO_FILL_IO_WEST_8_10 net:net2658
	bbox = (52.8200, 1043.9000) - (54.2800, 1044.1000) on Layer Metal4
violation type: Short
	srcs: inst:IO_FILL_IO_WEST_8_15 net:net2658
	bbox = (54.0800, 1043.9000) - (54.2800, 1071.0000) on Layer Metal4
violation type: Short
	srcs: inst:IO_FILL_IO_WEST_8_15 net:net2658
	bbox = (52.8200, 1043.9000) - (54.2800, 1044.1000) on Layer Metal4
violation type: Short
	srcs: inst:IO_FILL_IO_WEST_8_17 net:net2658
	bbox = (54.0800, 1043.9000) - (54.2800, 1073.0000) on Layer Metal4
violation type: Short
	srcs: inst:IO_FILL_IO_WEST_8_17 net:net2658
	bbox = (52.8200, 1043.9000) - (54.2800, 1044.1000) on Layer Metal4
violation type: Short
	srcs: inst:pad_irq_nm_i_inst net:net2661
	bbox = (431.6150, 1879.0950) - (431.9050, 1879.3050) on Layer Metal3
violation type: Short
	srcs: net:VDDIO net:net2661
	bbox = (431.6150, 1879.0950) - (431.9050, 1879.3050) on Layer Metal3
violation type: Short
	srcs: inst:IO_FILL_IO_NORTH_2_17 net:net2661
	bbox = (431.6150, 1879.0950) - (431.9050, 1879.3050) on Layer Metal3
violation type: Short
	srcs: inst:IO_FILL_IO_NORTH_2_0 net:net2661
	bbox = (431.6150, 1879.0950) - (431.9050, 1879.3050) on Layer Metal3
violation type: Short
	srcs: inst:IO_FILL_IO_NORTH_2_10 net:net2661
	bbox = (431.6150, 1879.0950) - (431.9050, 1879.3050) on Layer Metal3
violation type: Short
	srcs: inst:IO_FILL_IO_NORTH_2_15 net:net2661
	bbox = (431.6150, 1879.0950) - (431.9050, 1879.3050) on Layer Metal3
violation type: Short
	srcs: net:VDDIO net:net2661
	bbox = (431.6600, 1879.0550) - (431.8600, 1894.0000) on Layer Metal4
violation type: Short
	srcs: net:VSSIO net:net2658
	bbox = (7.0000, 1099.1000) - (32.0200, 1099.3000) on Layer Metal4
violation type: Short
	srcs: inst:pad_fetch_enable_i_0_inst net:net2664
	bbox = (50.3000, 1029.5000) - (50.5000, 1032.1000) on Layer Metal3
violation type: Short
	srcs: inst:IO_FILL_IO_WEST_8_17 net:net2664
	bbox = (50.3000, 1029.5000) - (50.5000, 1032.1000) on Layer Metal3
violation type: Short
	srcs: inst:IO_FILL_IO_WEST_8_15 net:net2664
	bbox = (50.3000, 1029.5000) - (50.5000, 1032.1000) on Layer Metal3
violation type: Short
	srcs: inst:IO_FILL_IO_WEST_8_10 net:net2664
	bbox = (50.3000, 1029.5000) - (50.5000, 1032.1000) on Layer Metal3
violation type: Short
	srcs: inst:IO_FILL_IO_WEST_8_0 net:net2664
	bbox = (50.3000, 1029.5000) - (50.5000, 1032.1000) on Layer Metal3
violation type: Short
	srcs: net:VSSIO net:net2664
	bbox = (50.3000, 1029.5000) - (50.5000, 1032.1000) on Layer Metal3
violation type: Short
	srcs: net:VSSIO net:net2664
	bbox = (7.0000, 1029.5000) - (32.5000, 1029.7000) on Layer Metal3
violation type: Short
	srcs: net:VSSIO net:net2664
	bbox = (34.5000, 1029.5000) - (50.5000, 1029.7000) on Layer Metal3
violation type: Short
	srcs: net:VSSIO net:net2664
	bbox = (50.3000, 1031.9000) - (60.0000, 1032.1000) on Layer Metal3
violation type: Short
	srcs: net:VSSIO net:net2658
	bbox = (126.0000, 990.6200) - (134.0000, 990.8200) on Layer Metal3
violation type: Short
	srcs: inst:IO_FILL_IO_WEST_8_0 net:net2658
	bbox = (100.6550, 990.6150) - (100.9450, 990.8250) on Layer Metal3
violation type: Short
	srcs: inst:IO_FILL_IO_WEST_8_10 net:net2658
	bbox = (100.6550, 990.6150) - (100.9450, 990.8250) on Layer Metal3
violation type: Short
	srcs: net:VDDIO net:net2658
	bbox = (100.6550, 990.6150) - (100.9450, 990.8250) on Layer Metal3
violation type: Short
	srcs: net:VDDIO net:net2658
	bbox = (100.6550, 990.6200) - (119.0000, 990.8200) on Layer Metal3
violation type: Short
	srcs: inst:IO_FILL_IO_WEST_8_0 net:net2658
	bbox = (100.7000, 990.1400) - (100.9000, 990.8650) on Layer Metal4
violation type: Short
	srcs: inst:IO_FILL_IO_WEST_8_0 net:net2658
	bbox = (52.4000, 990.1400) - (100.9000, 990.3400) on Layer Metal4
violation type: Short
	srcs: inst:IO_FILL_IO_WEST_8_0 net:net2658
	bbox = (52.4000, 990.1400) - (52.6000, 1008.1000) on Layer Metal4
violation type: Short
	srcs: inst:IO_FILL_IO_WEST_8_0 net:net2658
	bbox = (52.8200, 1007.9000) - (53.0200, 1044.1000) on Layer Metal4
violation type: Short
	srcs: inst:IO_FILL_IO_WEST_8_0 net:net2658
	bbox = (52.4000, 1007.9000) - (53.0200, 1008.1000) on Layer Metal4
violation type: Short
	srcs: inst:IO_FILL_IO_WEST_8_10 net:net2658
	bbox = (100.7000, 990.1400) - (100.9000, 990.8650) on Layer Metal4
violation type: Short
	srcs: inst:IO_FILL_IO_WEST_8_10 net:net2658
	bbox = (52.4000, 990.1400) - (100.9000, 990.3400) on Layer Metal4
violation type: Short
	srcs: inst:IO_FILL_IO_WEST_8_10 net:net2658
	bbox = (52.4000, 990.1400) - (52.6000, 1008.1000) on Layer Metal4
violation type: Short
	srcs: inst:IO_FILL_IO_WEST_8_10 net:net2658
	bbox = (52.8200, 1007.9000) - (53.0200, 1044.1000) on Layer Metal4
violation type: Short
	srcs: inst:IO_FILL_IO_WEST_8_10 net:net2658
	bbox = (52.4000, 1007.9000) - (53.0200, 1008.1000) on Layer Metal4
violation type: Short
	srcs: inst:IO_FILL_IO_WEST_8_15 net:net2658
	bbox = (52.4000, 991.0000) - (52.6000, 1008.1000) on Layer Metal4
violation type: Short
	srcs: inst:IO_FILL_IO_WEST_8_15 net:net2658
	bbox = (52.8200, 1007.9000) - (53.0200, 1044.1000) on Layer Metal4
violation type: Short
	srcs: inst:IO_FILL_IO_WEST_8_15 net:net2658
	bbox = (52.4000, 1007.9000) - (53.0200, 1008.1000) on Layer Metal4
violation type: Short
	srcs: inst:IO_FILL_IO_WEST_8_17 net:net2658
	bbox = (52.4000, 993.0000) - (52.6000, 1008.1000) on Layer Metal4
violation type: Short
	srcs: inst:IO_FILL_IO_WEST_8_17 net:net2658
	bbox = (52.8200, 1007.9000) - (53.0200, 1044.1000) on Layer Metal4
violation type: Short
	srcs: inst:IO_FILL_IO_WEST_8_17 net:net2658
	bbox = (52.4000, 1007.9000) - (53.0200, 1008.1000) on Layer Metal4
violation type: Short
	srcs: inst:pad_fetch_enable_i_0_inst net:net2658
	bbox = (52.4000, 994.0000) - (52.6000, 1008.1000) on Layer Metal4
violation type: Short
	srcs: inst:pad_fetch_enable_i_0_inst net:net2658
	bbox = (52.8200, 1007.9000) - (53.0200, 1044.1000) on Layer Metal4
violation type: Short
	srcs: inst:pad_fetch_enable_i_0_inst net:net2658
	bbox = (52.4000, 1007.9000) - (53.0200, 1008.1000) on Layer Metal4
violation type: Short
	srcs: net:VSSIO net:net2658
	bbox = (52.4000, 990.1400) - (60.0000, 990.3400) on Layer Metal4
violation type: Short
	srcs: net:VSSIO net:net2658
	bbox = (52.4000, 990.1400) - (52.6000, 1008.1000) on Layer Metal4
violation type: Short
	srcs: net:VSSIO net:net2658
	bbox = (52.8200, 1007.9000) - (53.0200, 1044.1000) on Layer Metal4
violation type: Short
	srcs: net:VSSIO net:net2658
	bbox = (52.4000, 1007.9000) - (53.0200, 1008.1000) on Layer Metal4
violation type: Short
	srcs: net:VDDIO net:net2658
	bbox = (66.0000, 990.1400) - (91.5000, 990.3400) on Layer Metal4
violation type: Short
	srcs: net:VDDIO net:net2658
	bbox = (100.7000, 990.1400) - (100.9000, 990.8650) on Layer Metal4
violation type: Short
	srcs: net:VDDIO net:net2658
	bbox = (93.5000, 990.1400) - (100.9000, 990.3400) on Layer Metal4
violation type: Short
	srcs: inst:pad_fetch_enable_i_0_inst net:net2664
	bbox = (93.5000, 1027.5800) - (93.7000, 1032.1000) on Layer Metal3
violation type: Short
	srcs: inst:pad_fetch_enable_i_0_inst net:net2664
	bbox = (50.3000, 1031.9000) - (93.7000, 1032.1000) on Layer Metal3
violation type: Short
	srcs: inst:IO_FILL_IO_WEST_8_0 net:net2664
	bbox = (93.5000, 1027.5800) - (93.7000, 1032.1000) on Layer Metal3
violation type: Short
	srcs: inst:IO_FILL_IO_WEST_8_0 net:net2664
	bbox = (50.3000, 1031.9000) - (93.7000, 1032.1000) on Layer Metal3
violation type: Short
	srcs: inst:IO_FILL_IO_WEST_8_10 net:net2664
	bbox = (93.5000, 1027.5800) - (93.7000, 1032.1000) on Layer Metal3
violation type: Short
	srcs: inst:IO_FILL_IO_WEST_8_10 net:net2664
	bbox = (50.3000, 1031.9000) - (93.7000, 1032.1000) on Layer Metal3
violation type: Short
	srcs: inst:IO_FILL_IO_WEST_8_15 net:net2664
	bbox = (93.5000, 1027.5800) - (93.7000, 1032.1000) on Layer Metal3
violation type: Short
	srcs: inst:IO_FILL_IO_WEST_8_15 net:net2664
	bbox = (50.3000, 1031.9000) - (93.7000, 1032.1000) on Layer Metal3
violation type: Short
	srcs: inst:IO_FILL_IO_WEST_8_17 net:net2664
	bbox = (93.5000, 1027.5800) - (93.7000, 1032.1000) on Layer Metal3
violation type: Short
	srcs: inst:IO_FILL_IO_WEST_8_17 net:net2664
	bbox = (50.3000, 1031.9000) - (93.7000, 1032.1000) on Layer Metal3
violation type: Short
	srcs: net:VSSIO net:net2664
	bbox = (126.0000, 1027.5800) - (134.0000, 1027.7800) on Layer Metal3
violation type: Short
	srcs: net:VDDIO net:net2664
	bbox = (93.5000, 1027.5800) - (93.7000, 1032.1000) on Layer Metal3
violation type: Short
	srcs: net:VDDIO net:net2664
	bbox = (93.5000, 1027.5800) - (119.0000, 1027.7800) on Layer Metal3
violation type: Short
	srcs: net:VDDIO net:net2664
	bbox = (93.5000, 1031.9000) - (93.7000, 1032.1000) on Layer Metal3
violation type: Short
	srcs: inst:IO_FILL_IO_NORTH_2_0 net:net2661
	bbox = (431.6600, 1879.1000) - (431.8600, 1908.1000) on Layer Metal4
violation type: Short
	srcs: inst:IO_FILL_IO_NORTH_2_0 net:net2661
	bbox = (431.6600, 1907.9000) - (433.5400, 1908.1000) on Layer Metal4
violation type: Short
	srcs: inst:IO_FILL_IO_NORTH_2_17 net:net2661
	bbox = (431.6600, 1879.1000) - (431.8600, 1908.1000) on Layer Metal4
violation type: Short
	srcs: inst:IO_FILL_IO_NORTH_2_17 net:net2661
	bbox = (431.6600, 1907.9000) - (433.5400, 1908.1000) on Layer Metal4
violation type: Short
	srcs: inst:IO_FILL_IO_NORTH_2_10 net:net2661
	bbox = (431.6600, 1879.1000) - (431.8600, 1908.1000) on Layer Metal4
violation type: Short
	srcs: inst:IO_FILL_IO_NORTH_2_10 net:net2661
	bbox = (431.6600, 1907.9000) - (433.5400, 1908.1000) on Layer Metal4
violation type: Short
	srcs: inst:IO_FILL_IO_NORTH_2_15 net:net2661
	bbox = (431.6600, 1879.1000) - (431.8600, 1908.1000) on Layer Metal4
violation type: Short
	srcs: inst:IO_FILL_IO_NORTH_2_15 net:net2661
	bbox = (431.6600, 1907.9000) - (433.5400, 1908.1000) on Layer Metal4
violation type: Short
	srcs: inst:pad_irq_nm_i_inst net:net2661
	bbox = (431.6600, 1879.1000) - (431.8600, 1908.1000) on Layer Metal4
violation type: Short
	srcs: inst:pad_irq_nm_i_inst net:net2661
	bbox = (431.6600, 1907.9000) - (433.5400, 1908.1000) on Layer Metal4
violation type: Short
	srcs: net:VSSIO net:net2661
	bbox = (431.6600, 1900.0000) - (431.8600, 1908.1000) on Layer Metal4
violation type: Short
	srcs: net:VSSIO net:net2661
	bbox = (433.3400, 1907.9000) - (433.5400, 1925.5000) on Layer Metal4
violation type: Short
	srcs: net:VSSIO net:net2661
	bbox = (431.6600, 1907.9000) - (433.5400, 1908.1000) on Layer Metal4
violation type: Short
	srcs: net:VSSIO net:net2661
	bbox = (433.3400, 1927.5000) - (433.5400, 1953.0000) on Layer Metal4
violation type: Short
	srcs: inst:IO_FILL_IO_WEST_8_15 net:net2664
	bbox = (140.1800, 1025.1800) - (140.3800, 1027.7800) on Layer Metal3
violation type: Short
	srcs: inst:IO_FILL_IO_WEST_8_15 net:net2664
	bbox = (140.1800, 1025.1800) - (178.0000, 1025.3800) on Layer Metal3
violation type: Short
	srcs: inst:IO_FILL_IO_WEST_8_15 net:net2664
	bbox = (93.5000, 1027.5800) - (140.3800, 1027.7800) on Layer Metal3
violation type: Short
	srcs: inst:IO_FILL_IO_WEST_8_17 net:net2664
	bbox = (140.1800, 1025.1800) - (140.3800, 1027.7800) on Layer Metal3
violation type: Short
	srcs: inst:IO_FILL_IO_WEST_8_17 net:net2664
	bbox = (140.1800, 1025.1800) - (178.0000, 1025.3800) on Layer Metal3
violation type: Short
	srcs: inst:IO_FILL_IO_WEST_8_17 net:net2664
	bbox = (93.5000, 1027.5800) - (140.3800, 1027.7800) on Layer Metal3
violation type: Short
	srcs: net:VDD net:net2664
	bbox = (160.0000, 1025.1800) - (178.0000, 1025.3800) on Layer Metal3
violation type: Short
	srcs: inst:pad_fetch_enable_i_0_inst net:net2664
	bbox = (140.1800, 1025.1800) - (140.3800, 1027.7800) on Layer Metal3
violation type: Short
	srcs: inst:pad_fetch_enable_i_0_inst net:net2664
	bbox = (140.1800, 1025.1800) - (178.0000, 1025.3800) on Layer Metal3
violation type: Short
	srcs: inst:pad_fetch_enable_i_0_inst net:net2664
	bbox = (93.5000, 1027.5800) - (140.3800, 1027.7800) on Layer Metal3
violation type: Short
	srcs: inst:IO_FILL_IO_WEST_8_0 net:net2664
	bbox = (140.1800, 1025.1800) - (140.3800, 1027.7800) on Layer Metal3
violation type: Short
	srcs: inst:IO_FILL_IO_WEST_8_0 net:net2664
	bbox = (140.1800, 1025.1800) - (178.0000, 1025.3800) on Layer Metal3
violation type: Short
	srcs: inst:IO_FILL_IO_WEST_8_0 net:net2664
	bbox = (93.5000, 1027.5800) - (140.3800, 1027.7800) on Layer Metal3
violation type: Short
	srcs: inst:IO_FILL_IO_WEST_8_10 net:net2664
	bbox = (140.1800, 1025.1800) - (140.3800, 1027.7800) on Layer Metal3
violation type: Short
	srcs: inst:IO_FILL_IO_WEST_8_10 net:net2664
	bbox = (140.1800, 1025.1800) - (178.0000, 1025.3800) on Layer Metal3
violation type: Short
	srcs: inst:IO_FILL_IO_WEST_8_10 net:net2664
	bbox = (93.5000, 1027.5800) - (140.3800, 1027.7800) on Layer Metal3
violation type: Short
	srcs: net:VSS net:net2664
	bbox = (140.1800, 1025.1800) - (140.3800, 1027.7800) on Layer Metal3
violation type: Short
	srcs: net:VSS net:net2664
	bbox = (140.1800, 1025.1800) - (158.0000, 1025.3800) on Layer Metal3
violation type: Short
	srcs: net:VSS net:net2664
	bbox = (140.0000, 1027.5800) - (140.3800, 1027.7800) on Layer Metal3
violation type: Short
	srcs: net:VDD net:net2658
	bbox = (160.0000, 988.7000) - (178.0000, 988.9000) on Layer Metal3
violation type: Short
	srcs: inst:IO_FILL_IO_WEST_8_0 net:net2658
	bbox = (140.1800, 988.7000) - (178.0000, 988.9000) on Layer Metal3
violation type: Short
	srcs: inst:IO_FILL_IO_WEST_8_0 net:net2658
	bbox = (140.1800, 988.7000) - (140.3800, 990.8200) on Layer Metal3
violation type: Short
	srcs: inst:IO_FILL_IO_WEST_8_0 net:net2658
	bbox = (100.7000, 990.6200) - (140.3800, 990.8200) on Layer Metal3
violation type: Short
	srcs: inst:IO_FILL_IO_WEST_8_10 net:net2658
	bbox = (140.1800, 988.7000) - (178.0000, 988.9000) on Layer Metal3
violation type: Short
	srcs: inst:IO_FILL_IO_WEST_8_10 net:net2658
	bbox = (140.1800, 988.7000) - (140.3800, 990.8200) on Layer Metal3
violation type: Short
	srcs: inst:IO_FILL_IO_WEST_8_10 net:net2658
	bbox = (100.7000, 990.6200) - (140.3800, 990.8200) on Layer Metal3
violation type: Short
	srcs: net:VSS net:net2658
	bbox = (140.1800, 988.7000) - (158.0000, 988.9000) on Layer Metal3
violation type: Short
	srcs: net:VSS net:net2658
	bbox = (140.1800, 988.7000) - (140.3800, 990.8200) on Layer Metal3
violation type: Short
	srcs: net:VSS net:net2658
	bbox = (140.0000, 990.6200) - (140.3800, 990.8200) on Layer Metal3
violation type: Short
	srcs: inst:pad_irq_nm_i_inst net:net2661
	bbox = (431.6600, 1879.1000) - (439.0000, 1879.3000) on Layer Metal3
violation type: Short
	srcs: net:VDDIO net:net2661
	bbox = (438.8000, 1841.0000) - (439.0000, 1866.5000) on Layer Metal3
violation type: Short
	srcs: net:VDDIO net:net2661
	bbox = (438.8000, 1868.5000) - (439.0000, 1879.3000) on Layer Metal3
violation type: Short
	srcs: net:VDDIO net:net2661
	bbox = (431.6600, 1879.1000) - (439.0000, 1879.3000) on Layer Metal3
violation type: Short
	srcs: inst:IO_FILL_IO_NORTH_2_17 net:net2661
	bbox = (431.6600, 1879.1000) - (439.0000, 1879.3000) on Layer Metal3
violation type: Short
	srcs: inst:IO_FILL_IO_NORTH_2_0 net:net2661
	bbox = (431.6600, 1879.1000) - (439.0000, 1879.3000) on Layer Metal3
violation type: Short
	srcs: inst:IO_FILL_IO_NORTH_2_10 net:net2661
	bbox = (431.6600, 1879.1000) - (439.0000, 1879.3000) on Layer Metal3
violation type: Short
	srcs: inst:IO_FILL_IO_NORTH_2_15 net:net2661
	bbox = (431.6600, 1879.1000) - (439.0000, 1879.3000) on Layer Metal3
violation type: Short
	srcs: inst:pad_irq_nm_i_inst net:net2661
	bbox = (440.4800, 1782.0000) - (440.6800, 1828.9000) on Layer Metal3
violation type: Short
	srcs: inst:pad_irq_nm_i_inst net:net2661
	bbox = (438.8000, 1828.7000) - (439.0000, 1879.3000) on Layer Metal3
violation type: Short
	srcs: inst:pad_irq_nm_i_inst net:net2661
	bbox = (438.8000, 1828.7000) - (440.6800, 1828.9000) on Layer Metal3
violation type: Short
	srcs: net:VDD net:net2661
	bbox = (440.4800, 1782.0000) - (440.6800, 1800.0000) on Layer Metal3
violation type: Short
	srcs: net:VSS net:net2661
	bbox = (440.4800, 1802.0000) - (440.6800, 1820.0000) on Layer Metal3
violation type: Short
	srcs: net:VSSIO net:net2661
	bbox = (440.4800, 1826.0000) - (440.6800, 1828.9000) on Layer Metal3
violation type: Short
	srcs: net:VSSIO net:net2661
	bbox = (438.8000, 1828.7000) - (439.0000, 1834.0000) on Layer Metal3
violation type: Short
	srcs: net:VSSIO net:net2661
	bbox = (438.8000, 1828.7000) - (440.6800, 1828.9000) on Layer Metal3
violation type: Short
	srcs: inst:IO_FILL_IO_NORTH_2_17 net:net2661
	bbox = (440.4800, 1782.0000) - (440.6800, 1828.9000) on Layer Metal3
violation type: Short
	srcs: inst:IO_FILL_IO_NORTH_2_17 net:net2661
	bbox = (438.8000, 1828.7000) - (439.0000, 1879.3000) on Layer Metal3
violation type: Short
	srcs: inst:IO_FILL_IO_NORTH_2_17 net:net2661
	bbox = (438.8000, 1828.7000) - (440.6800, 1828.9000) on Layer Metal3
violation type: Short
	srcs: inst:IO_FILL_IO_NORTH_2_0 net:net2661
	bbox = (440.4800, 1782.0000) - (440.6800, 1828.9000) on Layer Metal3
violation type: Short
	srcs: inst:IO_FILL_IO_NORTH_2_0 net:net2661
	bbox = (438.8000, 1828.7000) - (439.0000, 1879.3000) on Layer Metal3
violation type: Short
	srcs: inst:IO_FILL_IO_NORTH_2_0 net:net2661
	bbox = (438.8000, 1828.7000) - (440.6800, 1828.9000) on Layer Metal3
violation type: Short
	srcs: inst:IO_FILL_IO_NORTH_2_10 net:net2661
	bbox = (440.4800, 1782.0000) - (440.6800, 1828.9000) on Layer Metal3
violation type: Short
	srcs: inst:IO_FILL_IO_NORTH_2_10 net:net2661
	bbox = (438.8000, 1828.7000) - (439.0000, 1879.3000) on Layer Metal3
violation type: Short
	srcs: inst:IO_FILL_IO_NORTH_2_10 net:net2661
	bbox = (438.8000, 1828.7000) - (440.6800, 1828.9000) on Layer Metal3
violation type: Short
	srcs: inst:IO_FILL_IO_NORTH_2_15 net:net2661
	bbox = (440.4800, 1782.0000) - (440.6800, 1828.9000) on Layer Metal3
violation type: Short
	srcs: inst:IO_FILL_IO_NORTH_2_15 net:net2661
	bbox = (438.8000, 1828.7000) - (439.0000, 1879.3000) on Layer Metal3
violation type: Short
	srcs: inst:IO_FILL_IO_NORTH_2_15 net:net2661
	bbox = (438.8000, 1828.7000) - (440.6800, 1828.9000) on Layer Metal3
violation type: Metal Spacing
	srcs: inst:IO_FILL_IO_WEST_8_15 net:net2658
	bbox = (100.6550, 990.8250) - (100.9450, 991.0000) on Layer Metal3
violation type: Metal Spacing
	srcs: inst:IO_FILL_IO_WEST_8_15 net:net2658
	bbox = (100.7000, 990.8650) - (100.9000, 991.0000) on Layer Metal4
violation type: Metal Spacing
	srcs: inst:IO_FILL_IO_WEST_8_15 net:net2658
	bbox = (140.1800, 990.8200) - (140.3800, 991.0000) on Layer Metal3
violation type: Metal Spacing
	srcs: inst:IO_FILL_IO_WEST_8_15 net:net2658
	bbox = (100.7000, 990.8200) - (140.3800, 991.0000) on Layer Metal3
