violation type: Short
	srcs: net:VDDIO net:net2658
	bbox = (93.5000, 990.1400) - (119.0000, 990.3400) on Layer Metal4
violation type: Short
	srcs: net:VDDIO net:net2658
	bbox = (76.3400, 990.1400) - (91.5000, 990.3400) on Layer Metal4
violation type: Short
	srcs: inst:IO_FILL_IO_WEST_8_0 net:net2658
	bbox = (129.5000, 988.7000) - (178.0000, 988.9000) on Layer Metal3
violation type: Short
	srcs: inst:IO_FILL_IO_WEST_8_0 net:net2658
	bbox = (129.4550, 990.1350) - (129.7450, 990.3450) on Layer Metal3
violation type: Short
	srcs: inst:IO_FILL_IO_WEST_8_0 net:net2658
	bbox = (129.5000, 988.7000) - (129.7000, 990.3450) on Layer Metal3
violation type: Short
	srcs: inst:IO_FILL_IO_WEST_8_10 net:net2658
	bbox = (129.5000, 988.7000) - (178.0000, 988.9000) on Layer Metal3
violation type: Short
	srcs: inst:IO_FILL_IO_WEST_8_10 net:net2658
	bbox = (129.4550, 990.1350) - (129.7450, 990.3450) on Layer Metal3
violation type: Short
	srcs: inst:IO_FILL_IO_WEST_8_10 net:net2658
	bbox = (129.5000, 988.7000) - (129.7000, 990.3450) on Layer Metal3
violation type: Short
	srcs: net:VSSIO net:net2658
	bbox = (129.5000, 988.7000) - (134.0000, 988.9000) on Layer Metal3
violation type: Short
	srcs: net:VSSIO net:net2658
	bbox = (129.4550, 990.1350) - (129.7450, 990.3450) on Layer Metal3
violation type: Short
	srcs: net:VSSIO net:net2658
	bbox = (129.5000, 988.7000) - (129.7000, 990.3450) on Layer Metal3
violation type: Short
	srcs: net:VSS net:net2664
	bbox = (140.0000, 1025.6600) - (158.0000, 1025.8600) on Layer Metal3
violation type: Short
	srcs: net:VSS net:net2658
	bbox = (140.0000, 988.7000) - (158.0000, 988.9000) on Layer Metal3
violation type: Short
	srcs: net:VDD net:net2664
	bbox = (160.0000, 1025.6600) - (178.0000, 1025.8600) on Layer Metal3
violation type: Short
	srcs: net:VDD net:net2658
	bbox = (160.0000, 988.7000) - (178.0000, 988.9000) on Layer Metal3
violation type: Short
	srcs: inst:IO_FILL_IO_WEST_8_0 net:net2658
	bbox = (52.4000, 990.1400) - (129.7000, 990.3400) on Layer Metal4
violation type: Short
	srcs: inst:IO_FILL_IO_WEST_8_0 net:net2658
	bbox = (129.5000, 990.0950) - (129.7000, 990.3850) on Layer Metal4
violation type: Short
	srcs: inst:IO_FILL_IO_WEST_8_10 net:net2658
	bbox = (52.4000, 990.1400) - (129.7000, 990.3400) on Layer Metal4
violation type: Short
	srcs: inst:IO_FILL_IO_WEST_8_10 net:net2658
	bbox = (129.5000, 990.0950) - (129.7000, 990.3850) on Layer Metal4
violation type: Short
	srcs: net:VSSIO net:net2658
	bbox = (126.0000, 990.1400) - (129.7000, 990.3400) on Layer Metal4
violation type: Short
	srcs: net:VSSIO net:net2658
	bbox = (129.5000, 990.0950) - (129.7000, 990.3850) on Layer Metal4
violation type: Short
	srcs: inst:IO_FILL_IO_WEST_8_0 net:net2658
	bbox = (49.2400, 1036.7000) - (49.4400, 1056.0000) on Layer Metal5
violation type: Short
	srcs: inst:pad_fetch_enable_i_0_inst net:net2658
	bbox = (49.2400, 1036.7000) - (49.4400, 1061.3800) on Layer Metal5
violation type: Short
	srcs: inst:pad_fetch_enable_i_0_inst net:net2658
	bbox = (19.6000, 1061.1800) - (19.8000, 1074.0000) on Layer Metal5
violation type: Short
	srcs: inst:pad_fetch_enable_i_0_inst net:net2658
	bbox = (19.6000, 1061.1800) - (49.4400, 1061.3800) on Layer Metal5
violation type: Short
	srcs: inst:IO_FILL_IO_WEST_9_0 net:net2658
	bbox = (19.6000, 1074.0000) - (19.8000, 1099.7800) on Layer Metal5
violation type: Short
	srcs: inst:IO_FILL_IO_WEST_9_0 net:net2658
	bbox = (3.0000, 1099.5800) - (19.8000, 1099.7800) on Layer Metal5
violation type: Short
	srcs: inst:IO_FILL_IO_WEST_9_10 net:net2658
	bbox = (19.6000, 1084.0000) - (19.8000, 1099.7800) on Layer Metal5
violation type: Short
	srcs: inst:IO_FILL_IO_WEST_9_10 net:net2658
	bbox = (3.0000, 1099.5800) - (19.8000, 1099.7800) on Layer Metal5
violation type: Short
	srcs: inst:IO_FILL_IO_WEST_9_15 net:net2658
	bbox = (19.6000, 1089.0000) - (19.8000, 1099.7800) on Layer Metal5
violation type: Short
	srcs: inst:IO_FILL_IO_WEST_9_15 net:net2658
	bbox = (3.0000, 1099.5800) - (19.8000, 1099.7800) on Layer Metal5
violation type: Short
	srcs: inst:IO_FILL_IO_WEST_9_17 net:net2658
	bbox = (19.6000, 1091.0000) - (19.8000, 1099.7800) on Layer Metal5
violation type: Short
	srcs: inst:IO_FILL_IO_WEST_9_17 net:net2658
	bbox = (3.0000, 1099.5800) - (19.8000, 1099.7800) on Layer Metal5
violation type: Short
	srcs: inst:pad_debug_req_i_inst net:net2658
	bbox = (19.6000, 1092.0000) - (19.8000, 1099.7800) on Layer Metal5
violation type: Short
	srcs: inst:pad_debug_req_i_inst net:net2658
	bbox = (3.0000, 1099.5800) - (19.8000, 1099.7800) on Layer Metal5
violation type: Short
	srcs: inst:IO_FILL_IO_WEST_8_17 net:net2658
	bbox = (49.2400, 1036.7000) - (49.4400, 1061.3800) on Layer Metal5
violation type: Short
	srcs: inst:IO_FILL_IO_WEST_8_15 net:net2658
	bbox = (49.2400, 1036.7000) - (49.4400, 1061.3800) on Layer Metal5
violation type: Short
	srcs: inst:IO_FILL_IO_WEST_8_10 net:net2658
	bbox = (49.2400, 1036.7000) - (49.4400, 1061.3800) on Layer Metal5
violation type: Short
	srcs: net:VSSIO net:net2658
	bbox = (49.2400, 1036.7000) - (49.4400, 1061.3800) on Layer Metal5
violation type: Short
	srcs: inst:IO_FILL_IO_WEST_8_17 net:net2658
	bbox = (19.6000, 1061.1800) - (19.8000, 1073.0000) on Layer Metal5
violation type: Short
	srcs: inst:IO_FILL_IO_WEST_8_15 net:net2658
	bbox = (19.6000, 1061.1800) - (19.8000, 1071.0000) on Layer Metal5
violation type: Short
	srcs: inst:IO_FILL_IO_WEST_8_10 net:net2658
	bbox = (19.6000, 1061.1800) - (19.8000, 1066.0000) on Layer Metal5
violation type: Short
	srcs: net:VSSIO net:net2658
	bbox = (19.6000, 1061.1800) - (19.8000, 1099.7800) on Layer Metal5
violation type: Short
	srcs: inst:IO_FILL_IO_WEST_8_17 net:net2658
	bbox = (19.6000, 1061.1800) - (49.4400, 1061.3800) on Layer Metal5
violation type: Short
	srcs: inst:IO_FILL_IO_WEST_8_15 net:net2658
	bbox = (19.6000, 1061.1800) - (49.4400, 1061.3800) on Layer Metal5
violation type: Short
	srcs: inst:IO_FILL_IO_WEST_8_10 net:net2658
	bbox = (19.6000, 1061.1800) - (49.4400, 1061.3800) on Layer Metal5
violation type: Short
	srcs: net:VSSIO net:net2658
	bbox = (34.5000, 1061.1800) - (49.4400, 1061.3800) on Layer Metal5
violation type: Short
	srcs: net:VSSIO net:net2658
	bbox = (19.6000, 1061.1800) - (32.5000, 1061.3800) on Layer Metal5
violation type: Short
	srcs: net:VSSIO net:net2658
	bbox = (7.0000, 1099.5800) - (19.8000, 1099.7800) on Layer Metal5
violation type: Short
	srcs: inst:IO_FILL_IO_NORTH_2_17 net:net2661
	bbox = (435.8600, 1864.7000) - (436.9000, 1864.9000) on Layer Metal4
violation type: Short
	srcs: inst:IO_FILL_IO_NORTH_2_10 net:net2661
	bbox = (435.8600, 1864.7000) - (436.9000, 1864.9000) on Layer Metal4
violation type: Short
	srcs: inst:IO_FILL_IO_NORTH_2_15 net:net2661
	bbox = (435.8600, 1864.7000) - (436.9000, 1864.9000) on Layer Metal4
violation type: Short
	srcs: inst:pad_irq_nm_i_inst net:net2661
	bbox = (435.8600, 1864.7000) - (436.9000, 1864.9000) on Layer Metal4
violation type: Short
	srcs: net:VDDIO net:net2661
	bbox = (436.7000, 1864.7000) - (436.9000, 1866.5000) on Layer Metal4
violation type: Short
	srcs: net:VDDIO net:net2661
	bbox = (435.8600, 1864.7000) - (436.9000, 1864.9000) on Layer Metal4
violation type: Short
	srcs: net:VDDIO net:net2661
	bbox = (436.7000, 1868.5000) - (436.9000, 1894.0000) on Layer Metal4
violation type: Short
	srcs: inst:IO_FILL_IO_NORTH_2_0 net:net2661
	bbox = (435.8600, 1864.7000) - (436.9000, 1864.9000) on Layer Metal4
violation type: Short
	srcs: inst:pad_fetch_enable_i_0_inst net:net2664
	bbox = (50.7200, 1026.6200) - (50.9200, 1029.2200) on Layer Metal3
violation type: Short
	srcs: net:VSSIO net:net2664
	bbox = (50.7200, 1026.6200) - (50.9200, 1029.2200) on Layer Metal3
violation type: Short
	srcs: net:VSSIO net:net2664
	bbox = (50.7200, 1026.6200) - (60.0000, 1026.8200) on Layer Metal3
violation type: Short
	srcs: inst:IO_FILL_IO_WEST_8_0 net:net2664
	bbox = (50.7200, 1026.6200) - (50.9200, 1029.2200) on Layer Metal3
violation type: Short
	srcs: inst:IO_FILL_IO_WEST_8_10 net:net2664
	bbox = (50.7200, 1026.6200) - (50.9200, 1029.2200) on Layer Metal3
violation type: Short
	srcs: inst:IO_FILL_IO_WEST_8_15 net:net2664
	bbox = (50.7200, 1026.6200) - (50.9200, 1029.2200) on Layer Metal3
violation type: Short
	srcs: inst:IO_FILL_IO_WEST_8_17 net:net2664
	bbox = (50.7200, 1026.6200) - (50.9200, 1029.2200) on Layer Metal3
violation type: Short
	srcs: inst:pad_fetch_enable_i_0_inst net:net2658
	bbox = (76.3400, 994.0000) - (76.5400, 1008.1450) on Layer Metal4
violation type: Short
	srcs: inst:pad_fetch_enable_i_0_inst net:net2658
	bbox = (76.3350, 1007.8550) - (76.5450, 1008.1450) on Layer Metal4
violation type: Short
	srcs: net:VDDIO net:net2658
	bbox = (76.3400, 994.0000) - (76.5400, 1008.1450) on Layer Metal4
violation type: Short
	srcs: net:VDDIO net:net2658
	bbox = (76.3350, 1007.8550) - (76.5450, 1008.1450) on Layer Metal4
violation type: Short
	srcs: inst:IO_FILL_IO_WEST_8_0 net:net2658
	bbox = (76.3400, 990.1400) - (76.5400, 1008.1450) on Layer Metal4
violation type: Short
	srcs: inst:IO_FILL_IO_WEST_8_0 net:net2658
	bbox = (76.3350, 1007.8550) - (76.5450, 1008.1450) on Layer Metal4
violation type: Short
	srcs: inst:IO_FILL_IO_WEST_8_10 net:net2658
	bbox = (76.3400, 990.1400) - (76.5400, 1008.1450) on Layer Metal4
violation type: Short
	srcs: inst:IO_FILL_IO_WEST_8_10 net:net2658
	bbox = (76.3350, 1007.8550) - (76.5450, 1008.1450) on Layer Metal4
violation type: Short
	srcs: inst:IO_FILL_IO_WEST_8_15 net:net2658
	bbox = (76.3400, 991.0000) - (76.5400, 1008.1450) on Layer Metal4
violation type: Short
	srcs: inst:IO_FILL_IO_WEST_8_15 net:net2658
	bbox = (76.3350, 1007.8550) - (76.5450, 1008.1450) on Layer Metal4
violation type: Short
	srcs: inst:IO_FILL_IO_WEST_8_17 net:net2658
	bbox = (76.3400, 993.0000) - (76.5400, 1008.1450) on Layer Metal4
violation type: Short
	srcs: inst:IO_FILL_IO_WEST_8_17 net:net2658
	bbox = (76.3350, 1007.8550) - (76.5450, 1008.1450) on Layer Metal4
violation type: Short
	srcs: inst:pad_fetch_enable_i_0_inst net:net2658
	bbox = (76.6000, 1007.9000) - (76.8000, 1008.5800) on Layer Metal5
violation type: Short
	srcs: inst:pad_fetch_enable_i_0_inst net:net2658
	bbox = (76.2950, 1007.9000) - (76.8000, 1008.1000) on Layer Metal5
violation type: Short
	srcs: inst:pad_fetch_enable_i_0_inst net:net2658
	bbox = (50.3000, 1008.3800) - (50.5000, 1036.9000) on Layer Metal5
violation type: Short
	srcs: inst:pad_fetch_enable_i_0_inst net:net2658
	bbox = (50.3000, 1008.3800) - (76.8000, 1008.5800) on Layer Metal5
violation type: Short
	srcs: inst:pad_fetch_enable_i_0_inst net:net2658
	bbox = (49.2400, 1036.7000) - (50.5000, 1036.9000) on Layer Metal5
violation type: Short
	srcs: net:VSSIO net:net2658
	bbox = (50.3000, 1008.3800) - (50.5000, 1036.9000) on Layer Metal5
violation type: Short
	srcs: net:VSSIO net:net2658
	bbox = (50.3000, 1008.3800) - (60.0000, 1008.5800) on Layer Metal5
violation type: Short
	srcs: net:VSSIO net:net2658
	bbox = (49.2400, 1036.7000) - (50.5000, 1036.9000) on Layer Metal5
violation type: Short
	srcs: net:VDDIO net:net2658
	bbox = (76.6000, 1007.9000) - (76.8000, 1008.5800) on Layer Metal5
violation type: Short
	srcs: net:VDDIO net:net2658
	bbox = (76.2950, 1007.9000) - (76.8000, 1008.1000) on Layer Metal5
violation type: Short
	srcs: net:VDDIO net:net2658
	bbox = (66.0000, 1008.3800) - (76.8000, 1008.5800) on Layer Metal5
violation type: Short
	srcs: inst:IO_FILL_IO_WEST_8_0 net:net2658
	bbox = (76.6000, 1007.9000) - (76.8000, 1008.5800) on Layer Metal5
violation type: Short
	srcs: inst:IO_FILL_IO_WEST_8_0 net:net2658
	bbox = (76.2950, 1007.9000) - (76.8000, 1008.1000) on Layer Metal5
violation type: Short
	srcs: inst:IO_FILL_IO_WEST_8_0 net:net2658
	bbox = (50.3000, 1008.3800) - (50.5000, 1036.9000) on Layer Metal5
violation type: Short
	srcs: inst:IO_FILL_IO_WEST_8_0 net:net2658
	bbox = (50.3000, 1008.3800) - (76.8000, 1008.5800) on Layer Metal5
violation type: Short
	srcs: inst:IO_FILL_IO_WEST_8_0 net:net2658
	bbox = (49.2400, 1036.7000) - (50.5000, 1036.9000) on Layer Metal5
violation type: Short
	srcs: inst:IO_FILL_IO_WEST_8_10 net:net2658
	bbox = (76.6000, 1007.9000) - (76.8000, 1008.5800) on Layer Metal5
violation type: Short
	srcs: inst:IO_FILL_IO_WEST_8_10 net:net2658
	bbox = (76.2950, 1007.9000) - (76.8000, 1008.1000) on Layer Metal5
violation type: Short
	srcs: inst:IO_FILL_IO_WEST_8_10 net:net2658
	bbox = (50.3000, 1008.3800) - (50.5000, 1036.9000) on Layer Metal5
violation type: Short
	srcs: inst:IO_FILL_IO_WEST_8_10 net:net2658
	bbox = (50.3000, 1008.3800) - (76.8000, 1008.5800) on Layer Metal5
violation type: Short
	srcs: inst:IO_FILL_IO_WEST_8_10 net:net2658
	bbox = (49.2400, 1036.7000) - (50.5000, 1036.9000) on Layer Metal5
violation type: Short
	srcs: inst:IO_FILL_IO_WEST_8_15 net:net2658
	bbox = (76.6000, 1007.9000) - (76.8000, 1008.5800) on Layer Metal5
violation type: Short
	srcs: inst:IO_FILL_IO_WEST_8_15 net:net2658
	bbox = (76.2950, 1007.9000) - (76.8000, 1008.1000) on Layer Metal5
violation type: Short
	srcs: inst:IO_FILL_IO_WEST_8_15 net:net2658
	bbox = (50.3000, 1008.3800) - (50.5000, 1036.9000) on Layer Metal5
violation type: Short
	srcs: inst:IO_FILL_IO_WEST_8_15 net:net2658
	bbox = (50.3000, 1008.3800) - (76.8000, 1008.5800) on Layer Metal5
violation type: Short
	srcs: inst:IO_FILL_IO_WEST_8_15 net:net2658
	bbox = (49.2400, 1036.7000) - (50.5000, 1036.9000) on Layer Metal5
violation type: Short
	srcs: inst:IO_FILL_IO_WEST_8_17 net:net2658
	bbox = (76.6000, 1007.9000) - (76.8000, 1008.5800) on Layer Metal5
violation type: Short
	srcs: inst:IO_FILL_IO_WEST_8_17 net:net2658
	bbox = (76.2950, 1007.9000) - (76.8000, 1008.1000) on Layer Metal5
violation type: Short
	srcs: inst:IO_FILL_IO_WEST_8_17 net:net2658
	bbox = (50.3000, 1008.3800) - (50.5000, 1036.9000) on Layer Metal5
violation type: Short
	srcs: inst:IO_FILL_IO_WEST_8_17 net:net2658
	bbox = (50.3000, 1008.3800) - (76.8000, 1008.5800) on Layer Metal5
violation type: Short
	srcs: inst:IO_FILL_IO_WEST_8_17 net:net2658
	bbox = (49.2400, 1036.7000) - (50.5000, 1036.9000) on Layer Metal5
violation type: Short
	srcs: inst:pad_fetch_enable_i_0_inst net:net2664
	bbox = (43.1000, 1027.1000) - (43.3000, 1029.2200) on Layer Metal3
violation type: Short
	srcs: inst:pad_fetch_enable_i_0_inst net:net2664
	bbox = (43.1000, 1029.0200) - (50.9200, 1029.2200) on Layer Metal3
violation type: Short
	srcs: inst:IO_FILL_IO_WEST_8_17 net:net2664
	bbox = (43.1000, 1027.1000) - (43.3000, 1029.2200) on Layer Metal3
violation type: Short
	srcs: inst:IO_FILL_IO_WEST_8_15 net:net2664
	bbox = (43.1000, 1027.1000) - (43.3000, 1029.2200) on Layer Metal3
violation type: Short
	srcs: inst:IO_FILL_IO_WEST_8_10 net:net2664
	bbox = (43.1000, 1027.1000) - (43.3000, 1029.2200) on Layer Metal3
violation type: Short
	srcs: inst:IO_FILL_IO_WEST_8_0 net:net2664
	bbox = (43.1000, 1027.1000) - (43.3000, 1029.2200) on Layer Metal3
violation type: Short
	srcs: net:VSSIO net:net2664
	bbox = (43.1000, 1027.1000) - (43.3000, 1029.2200) on Layer Metal3
violation type: Short
	srcs: net:VSSIO net:net2664
	bbox = (7.0000, 1027.1000) - (32.5000, 1027.3000) on Layer Metal3
violation type: Short
	srcs: net:VSSIO net:net2664
	bbox = (34.5000, 1027.1000) - (43.3000, 1027.3000) on Layer Metal3
violation type: Short
	srcs: inst:IO_FILL_IO_WEST_8_17 net:net2664
	bbox = (43.1000, 1029.0200) - (50.9200, 1029.2200) on Layer Metal3
violation type: Short
	srcs: inst:IO_FILL_IO_WEST_8_15 net:net2664
	bbox = (43.1000, 1029.0200) - (50.9200, 1029.2200) on Layer Metal3
violation type: Short
	srcs: inst:IO_FILL_IO_WEST_8_10 net:net2664
	bbox = (43.1000, 1029.0200) - (50.9200, 1029.2200) on Layer Metal3
violation type: Short
	srcs: inst:IO_FILL_IO_WEST_8_0 net:net2664
	bbox = (43.1000, 1029.0200) - (50.9200, 1029.2200) on Layer Metal3
violation type: Short
	srcs: net:VSSIO net:net2664
	bbox = (43.1000, 1029.0200) - (50.9200, 1029.2200) on Layer Metal3
violation type: Short
	srcs: inst:IO_FILL_IO_NORTH_2_0 net:net2661
	bbox = (436.7000, 1864.7000) - (436.9000, 1908.1000) on Layer Metal4
violation type: Short
	srcs: inst:IO_FILL_IO_NORTH_2_0 net:net2661
	bbox = (435.0200, 1907.9000) - (436.9000, 1908.1000) on Layer Metal4
violation type: Short
	srcs: inst:IO_FILL_IO_NORTH_2_17 net:net2661
	bbox = (436.7000, 1864.7000) - (436.9000, 1908.1000) on Layer Metal4
violation type: Short
	srcs: inst:IO_FILL_IO_NORTH_2_17 net:net2661
	bbox = (435.0200, 1907.9000) - (436.9000, 1908.1000) on Layer Metal4
violation type: Short
	srcs: inst:IO_FILL_IO_NORTH_2_10 net:net2661
	bbox = (436.7000, 1864.7000) - (436.9000, 1908.1000) on Layer Metal4
violation type: Short
	srcs: inst:IO_FILL_IO_NORTH_2_10 net:net2661
	bbox = (435.0200, 1907.9000) - (436.9000, 1908.1000) on Layer Metal4
violation type: Short
	srcs: inst:IO_FILL_IO_NORTH_2_15 net:net2661
	bbox = (436.7000, 1864.7000) - (436.9000, 1908.1000) on Layer Metal4
violation type: Short
	srcs: inst:IO_FILL_IO_NORTH_2_15 net:net2661
	bbox = (435.0200, 1907.9000) - (436.9000, 1908.1000) on Layer Metal4
violation type: Short
	srcs: inst:pad_irq_nm_i_inst net:net2661
	bbox = (436.7000, 1864.7000) - (436.9000, 1908.1000) on Layer Metal4
violation type: Short
	srcs: inst:pad_irq_nm_i_inst net:net2661
	bbox = (435.0200, 1907.9000) - (436.9000, 1908.1000) on Layer Metal4
violation type: Short
	srcs: net:VSSIO net:net2661
	bbox = (436.7000, 1900.0000) - (436.9000, 1908.1000) on Layer Metal4
violation type: Short
	srcs: net:VSSIO net:net2661
	bbox = (435.0200, 1907.9000) - (435.2200, 1925.5000) on Layer Metal4
violation type: Short
	srcs: net:VSSIO net:net2661
	bbox = (435.0200, 1907.9000) - (436.9000, 1908.1000) on Layer Metal4
violation type: Short
	srcs: inst:IO_FILL_IO_WEST_8_15 net:net2664
	bbox = (133.8800, 1025.6600) - (134.0800, 1028.2600) on Layer Metal3
violation type: Short
	srcs: inst:IO_FILL_IO_WEST_8_15 net:net2664
	bbox = (133.8800, 1025.6600) - (178.0000, 1025.8600) on Layer Metal3
violation type: Short
	srcs: inst:IO_FILL_IO_WEST_8_15 net:net2664
	bbox = (86.3000, 1026.6200) - (86.5000, 1028.2600) on Layer Metal3
violation type: Short
	srcs: inst:IO_FILL_IO_WEST_8_15 net:net2664
	bbox = (50.7200, 1026.6200) - (86.5000, 1026.8200) on Layer Metal3
violation type: Short
	srcs: inst:IO_FILL_IO_WEST_8_15 net:net2664
	bbox = (86.3000, 1028.0600) - (134.0800, 1028.2600) on Layer Metal3
violation type: Short
	srcs: inst:IO_FILL_IO_WEST_8_17 net:net2664
	bbox = (133.8800, 1025.6600) - (134.0800, 1028.2600) on Layer Metal3
violation type: Short
	srcs: inst:IO_FILL_IO_WEST_8_17 net:net2664
	bbox = (133.8800, 1025.6600) - (178.0000, 1025.8600) on Layer Metal3
violation type: Short
	srcs: inst:IO_FILL_IO_WEST_8_17 net:net2664
	bbox = (86.3000, 1026.6200) - (86.5000, 1028.2600) on Layer Metal3
violation type: Short
	srcs: inst:IO_FILL_IO_WEST_8_17 net:net2664
	bbox = (50.7200, 1026.6200) - (86.5000, 1026.8200) on Layer Metal3
violation type: Short
	srcs: inst:IO_FILL_IO_WEST_8_17 net:net2664
	bbox = (86.3000, 1028.0600) - (134.0800, 1028.2600) on Layer Metal3
violation type: Short
	srcs: inst:pad_fetch_enable_i_0_inst net:net2664
	bbox = (133.8800, 1025.6600) - (134.0800, 1028.2600) on Layer Metal3
violation type: Short
	srcs: inst:pad_fetch_enable_i_0_inst net:net2664
	bbox = (133.8800, 1025.6600) - (178.0000, 1025.8600) on Layer Metal3
violation type: Short
	srcs: inst:pad_fetch_enable_i_0_inst net:net2664
	bbox = (86.3000, 1026.6200) - (86.5000, 1028.2600) on Layer Metal3
violation type: Short
	srcs: inst:pad_fetch_enable_i_0_inst net:net2664
	bbox = (50.7200, 1026.6200) - (86.5000, 1026.8200) on Layer Metal3
violation type: Short
	srcs: inst:pad_fetch_enable_i_0_inst net:net2664
	bbox = (86.3000, 1028.0600) - (134.0800, 1028.2600) on Layer Metal3
violation type: Short
	srcs: net:VDDIO net:net2664
	bbox = (86.3000, 1026.6200) - (86.5000, 1028.2600) on Layer Metal3
violation type: Short
	srcs: net:VDDIO net:net2664
	bbox = (66.0000, 1026.6200) - (86.5000, 1026.8200) on Layer Metal3
violation type: Short
	srcs: net:VDDIO net:net2664
	bbox = (86.3000, 1028.0600) - (91.5000, 1028.2600) on Layer Metal3
violation type: Short
	srcs: net:VDDIO net:net2664
	bbox = (93.5000, 1028.0600) - (119.0000, 1028.2600) on Layer Metal3
violation type: Short
	srcs: inst:IO_FILL_IO_WEST_8_0 net:net2664
	bbox = (133.8800, 1025.6600) - (134.0800, 1028.2600) on Layer Metal3
violation type: Short
	srcs: inst:IO_FILL_IO_WEST_8_0 net:net2664
	bbox = (133.8800, 1025.6600) - (178.0000, 1025.8600) on Layer Metal3
violation type: Short
	srcs: inst:IO_FILL_IO_WEST_8_0 net:net2664
	bbox = (86.3000, 1026.6200) - (86.5000, 1028.2600) on Layer Metal3
violation type: Short
	srcs: inst:IO_FILL_IO_WEST_8_0 net:net2664
	bbox = (50.7200, 1026.6200) - (86.5000, 1026.8200) on Layer Metal3
violation type: Short
	srcs: inst:IO_FILL_IO_WEST_8_0 net:net2664
	bbox = (86.3000, 1028.0600) - (134.0800, 1028.2600) on Layer Metal3
violation type: Short
	srcs: inst:IO_FILL_IO_WEST_8_10 net:net2664
	bbox = (133.8800, 1025.6600) - (134.0800, 1028.2600) on Layer Metal3
violation type: Short
	srcs: inst:IO_FILL_IO_WEST_8_10 net:net2664
	bbox = (133.8800, 1025.6600) - (178.0000, 1025.8600) on Layer Metal3
violation type: Short
	srcs: inst:IO_FILL_IO_WEST_8_10 net:net2664
	bbox = (86.3000, 1026.6200) - (86.5000, 1028.2600) on Layer Metal3
violation type: Short
	srcs: inst:IO_FILL_IO_WEST_8_10 net:net2664
	bbox = (50.7200, 1026.6200) - (86.5000, 1026.8200) on Layer Metal3
violation type: Short
	srcs: inst:IO_FILL_IO_WEST_8_10 net:net2664
	bbox = (86.3000, 1028.0600) - (134.0800, 1028.2600) on Layer Metal3
violation type: Short
	srcs: net:VSSIO net:net2664
	bbox = (133.8800, 1025.6600) - (134.0000, 1028.2600) on Layer Metal3
violation type: Short
	srcs: net:VSSIO net:net2664
	bbox = (133.8800, 1025.6600) - (134.0000, 1025.8600) on Layer Metal3
violation type: Short
	srcs: net:VSSIO net:net2664
	bbox = (126.0000, 1028.0600) - (134.0000, 1028.2600) on Layer Metal3
violation type: Short
	srcs: inst:IO_FILL_IO_NORTH_2_0 net:net2661
	bbox = (438.3800, 1792.7000) - (438.5800, 1804.4250) on Layer Metal3
violation type: Short
	srcs: inst:IO_FILL_IO_NORTH_2_0 net:net2661
	bbox = (438.3350, 1804.2150) - (438.6250, 1804.4250) on Layer Metal3
violation type: Short
	srcs: inst:IO_FILL_IO_NORTH_2_17 net:net2661
	bbox = (438.3800, 1792.7000) - (438.5800, 1804.4250) on Layer Metal3
violation type: Short
	srcs: inst:IO_FILL_IO_NORTH_2_17 net:net2661
	bbox = (438.3350, 1804.2150) - (438.6250, 1804.4250) on Layer Metal3
violation type: Short
	srcs: inst:IO_FILL_IO_NORTH_2_10 net:net2661
	bbox = (438.3800, 1792.7000) - (438.5800, 1804.4250) on Layer Metal3
violation type: Short
	srcs: inst:IO_FILL_IO_NORTH_2_10 net:net2661
	bbox = (438.3350, 1804.2150) - (438.6250, 1804.4250) on Layer Metal3
violation type: Short
	srcs: inst:IO_FILL_IO_NORTH_2_15 net:net2661
	bbox = (438.3800, 1792.7000) - (438.5800, 1804.4250) on Layer Metal3
violation type: Short
	srcs: inst:IO_FILL_IO_NORTH_2_15 net:net2661
	bbox = (438.3350, 1804.2150) - (438.6250, 1804.4250) on Layer Metal3
violation type: Short
	srcs: inst:pad_irq_nm_i_inst net:net2661
	bbox = (438.3800, 1792.7000) - (438.5800, 1804.4250) on Layer Metal3
violation type: Short
	srcs: inst:pad_irq_nm_i_inst net:net2661
	bbox = (438.3350, 1804.2150) - (438.6250, 1804.4250) on Layer Metal3
violation type: Short
	srcs: net:VSS net:net2661
	bbox = (438.3800, 1802.0000) - (438.5800, 1804.4250) on Layer Metal3
violation type: Short
	srcs: net:VSS net:net2661
	bbox = (438.3350, 1804.2150) - (438.6250, 1804.4250) on Layer Metal3
violation type: Short
	srcs: net:VDD net:net2661
	bbox = (438.3800, 1792.7000) - (438.5800, 1800.0000) on Layer Metal3
violation type: Short
	srcs: inst:IO_FILL_IO_NORTH_2_0 net:net2661
	bbox = (438.3800, 1804.1750) - (438.5800, 1804.4650) on Layer Metal4
violation type: Short
	srcs: inst:IO_FILL_IO_NORTH_2_0 net:net2661
	bbox = (437.9600, 1804.2200) - (438.1600, 1849.5400) on Layer Metal4
violation type: Short
	srcs: inst:IO_FILL_IO_NORTH_2_0 net:net2661
	bbox = (437.9600, 1804.2200) - (438.5800, 1804.4200) on Layer Metal4
violation type: Short
	srcs: inst:IO_FILL_IO_NORTH_2_0 net:net2661
	bbox = (435.8600, 1849.3400) - (436.0600, 1864.9000) on Layer Metal4
violation type: Short
	srcs: inst:IO_FILL_IO_NORTH_2_0 net:net2661
	bbox = (435.8600, 1849.3400) - (438.1600, 1849.5400) on Layer Metal4
violation type: Short
	srcs: inst:IO_FILL_IO_NORTH_2_17 net:net2661
	bbox = (438.3800, 1804.1750) - (438.5800, 1804.4650) on Layer Metal4
violation type: Short
	srcs: inst:IO_FILL_IO_NORTH_2_17 net:net2661
	bbox = (437.9600, 1804.2200) - (438.1600, 1849.5400) on Layer Metal4
violation type: Short
	srcs: inst:IO_FILL_IO_NORTH_2_17 net:net2661
	bbox = (437.9600, 1804.2200) - (438.5800, 1804.4200) on Layer Metal4
violation type: Short
	srcs: inst:IO_FILL_IO_NORTH_2_17 net:net2661
	bbox = (435.8600, 1849.3400) - (436.0600, 1864.9000) on Layer Metal4
violation type: Short
	srcs: inst:IO_FILL_IO_NORTH_2_17 net:net2661
	bbox = (435.8600, 1849.3400) - (438.1600, 1849.5400) on Layer Metal4
violation type: Short
	srcs: inst:IO_FILL_IO_NORTH_2_10 net:net2661
	bbox = (438.3800, 1804.1750) - (438.5800, 1804.4650) on Layer Metal4
violation type: Short
	srcs: inst:IO_FILL_IO_NORTH_2_10 net:net2661
	bbox = (437.9600, 1804.2200) - (438.1600, 1849.5400) on Layer Metal4
violation type: Short
	srcs: inst:IO_FILL_IO_NORTH_2_10 net:net2661
	bbox = (437.9600, 1804.2200) - (438.5800, 1804.4200) on Layer Metal4
violation type: Short
	srcs: inst:IO_FILL_IO_NORTH_2_10 net:net2661
	bbox = (435.8600, 1849.3400) - (436.0600, 1864.9000) on Layer Metal4
violation type: Short
	srcs: inst:IO_FILL_IO_NORTH_2_10 net:net2661
	bbox = (435.8600, 1849.3400) - (438.1600, 1849.5400) on Layer Metal4
violation type: Short
	srcs: inst:IO_FILL_IO_NORTH_2_15 net:net2661
	bbox = (438.3800, 1804.1750) - (438.5800, 1804.4650) on Layer Metal4
violation type: Short
	srcs: inst:IO_FILL_IO_NORTH_2_15 net:net2661
	bbox = (437.9600, 1804.2200) - (438.1600, 1849.5400) on Layer Metal4
violation type: Short
	srcs: inst:IO_FILL_IO_NORTH_2_15 net:net2661
	bbox = (437.9600, 1804.2200) - (438.5800, 1804.4200) on Layer Metal4
violation type: Short
	srcs: inst:IO_FILL_IO_NORTH_2_15 net:net2661
	bbox = (435.8600, 1849.3400) - (436.0600, 1864.9000) on Layer Metal4
violation type: Short
	srcs: inst:IO_FILL_IO_NORTH_2_15 net:net2661
	bbox = (435.8600, 1849.3400) - (438.1600, 1849.5400) on Layer Metal4
violation type: Short
	srcs: inst:pad_irq_nm_i_inst net:net2661
	bbox = (438.3800, 1804.1750) - (438.5800, 1804.4650) on Layer Metal4
violation type: Short
	srcs: inst:pad_irq_nm_i_inst net:net2661
	bbox = (437.9600, 1804.2200) - (438.1600, 1849.5400) on Layer Metal4
violation type: Short
	srcs: inst:pad_irq_nm_i_inst net:net2661
	bbox = (437.9600, 1804.2200) - (438.5800, 1804.4200) on Layer Metal4
violation type: Short
	srcs: inst:pad_irq_nm_i_inst net:net2661
	bbox = (435.8600, 1849.3400) - (436.0600, 1864.9000) on Layer Metal4
violation type: Short
	srcs: inst:pad_irq_nm_i_inst net:net2661
	bbox = (435.8600, 1849.3400) - (438.1600, 1849.5400) on Layer Metal4
violation type: Short
	srcs: net:VDDIO net:net2661
	bbox = (437.9600, 1841.0000) - (438.1600, 1849.5400) on Layer Metal4
violation type: Short
	srcs: net:VDDIO net:net2661
	bbox = (435.8600, 1849.3400) - (436.0600, 1864.9000) on Layer Metal4
violation type: Short
	srcs: net:VDDIO net:net2661
	bbox = (435.8600, 1849.3400) - (438.1600, 1849.5400) on Layer Metal4
violation type: Short
	srcs: net:VSSIO net:net2661
	bbox = (437.9600, 1826.0000) - (438.1600, 1834.0000) on Layer Metal4
violation type: Short
	srcs: net:VDD net:net2661
	bbox = (438.3800, 1804.2000) - (438.5800, 1804.4650) on Layer Metal4
violation type: Short
	srcs: net:VDD net:net2661
	bbox = (437.9600, 1804.2200) - (438.1600, 1820.0000) on Layer Metal4
violation type: Short
	srcs: net:VDD net:net2661
	bbox = (437.9600, 1804.2200) - (438.5800, 1804.4200) on Layer Metal4
violation type: Short
	srcs: net:VSSIO net:net2661
	bbox = (435.0200, 1927.5000) - (435.2200, 1953.0000) on Layer Metal4
violation type: Short
	srcs: inst:pad_irq_nm_i_inst net:net2661
	bbox = (441.3200, 1782.0000) - (441.5200, 1792.9000) on Layer Metal3
violation type: Short
	srcs: inst:pad_irq_nm_i_inst net:net2661
	bbox = (438.3800, 1792.7000) - (441.5200, 1792.9000) on Layer Metal3
violation type: Short
	srcs: net:VDD net:net2661
	bbox = (441.3200, 1782.0000) - (441.5200, 1792.9000) on Layer Metal3
violation type: Short
	srcs: net:VDD net:net2661
	bbox = (438.3800, 1792.7000) - (441.5200, 1792.9000) on Layer Metal3
violation type: Short
	srcs: inst:IO_FILL_IO_NORTH_2_17 net:net2661
	bbox = (441.3200, 1782.0000) - (441.5200, 1792.9000) on Layer Metal3
violation type: Short
	srcs: inst:IO_FILL_IO_NORTH_2_17 net:net2661
	bbox = (438.3800, 1792.7000) - (441.5200, 1792.9000) on Layer Metal3
violation type: Short
	srcs: inst:IO_FILL_IO_NORTH_2_0 net:net2661
	bbox = (441.3200, 1782.0000) - (441.5200, 1792.9000) on Layer Metal3
violation type: Short
	srcs: inst:IO_FILL_IO_NORTH_2_0 net:net2661
	bbox = (438.3800, 1792.7000) - (441.5200, 1792.9000) on Layer Metal3
violation type: Short
	srcs: inst:IO_FILL_IO_NORTH_2_10 net:net2661
	bbox = (441.3200, 1782.0000) - (441.5200, 1792.9000) on Layer Metal3
violation type: Short
	srcs: inst:IO_FILL_IO_NORTH_2_10 net:net2661
	bbox = (438.3800, 1792.7000) - (441.5200, 1792.9000) on Layer Metal3
violation type: Short
	srcs: inst:IO_FILL_IO_NORTH_2_15 net:net2661
	bbox = (441.3200, 1782.0000) - (441.5200, 1792.9000) on Layer Metal3
violation type: Short
	srcs: inst:IO_FILL_IO_NORTH_2_15 net:net2661
	bbox = (438.3800, 1792.7000) - (441.5200, 1792.9000) on Layer Metal3
violation type: Minimum Cut
	srcs: net:net2658
	bbox = (0.3250, 1099.5850) - (0.5150, 1099.7750) on Layer Metal4
violation type: Minimum Cut
	srcs: net:net2658
	bbox = (0.3250, 1099.5850) - (0.5150, 1099.7750) on Layer Metal5
