violation type: Short
	srcs: net:VDD net:net2661
	bbox = (438.3800, 1782.0000) - (438.5800, 1800.0000) on Layer Metal3
violation type: Short
	srcs: net:VSS net:net2661
	bbox = (438.3800, 1802.0000) - (438.5800, 1820.0000) on Layer Metal3
violation type: Short
	srcs: inst:pad_fetch_enable_i_0_inst net:net2664
	bbox = (115.1000, 1028.5400) - (115.3000, 1029.2200) on Layer Metal3
violation type: Short
	srcs: inst:IO_FILL_IO_WEST_8_0 net:net2664
	bbox = (115.1000, 1028.5400) - (115.3000, 1029.2200) on Layer Metal3
violation type: Short
	srcs: inst:IO_FILL_IO_WEST_8_10 net:net2664
	bbox = (115.1000, 1028.5400) - (115.3000, 1029.2200) on Layer Metal3
violation type: Short
	srcs: inst:IO_FILL_IO_WEST_8_15 net:net2664
	bbox = (115.1000, 1028.5400) - (115.3000, 1029.2200) on Layer Metal3
violation type: Short
	srcs: inst:IO_FILL_IO_WEST_8_17 net:net2664
	bbox = (115.1000, 1028.5400) - (115.3000, 1029.2200) on Layer Metal3
violation type: Short
	srcs: net:VSSIO net:net2664
	bbox = (126.0000, 1028.5400) - (134.0000, 1028.7400) on Layer Metal3
violation type: Short
	srcs: net:VDDIO net:net2664
	bbox = (115.1000, 1028.5400) - (115.3000, 1029.2200) on Layer Metal3
violation type: Short
	srcs: net:VDDIO net:net2664
	bbox = (115.1000, 1028.5400) - (119.0000, 1028.7400) on Layer Metal3
violation type: Short
	srcs: inst:pad_irq_nm_i_inst net:net2661
	bbox = (438.3800, 1782.0000) - (438.5800, 1828.9050) on Layer Metal3
violation type: Short
	srcs: inst:pad_irq_nm_i_inst net:net2661
	bbox = (438.3350, 1828.6950) - (438.6250, 1828.9050) on Layer Metal3
violation type: Short
	srcs: net:VSSIO net:net2661
	bbox = (438.3800, 1826.0000) - (438.5800, 1828.9050) on Layer Metal3
violation type: Short
	srcs: net:VSSIO net:net2661
	bbox = (438.3350, 1828.6950) - (438.6250, 1828.9050) on Layer Metal3
violation type: Short
	srcs: inst:IO_FILL_IO_NORTH_2_17 net:net2661
	bbox = (438.3800, 1782.0000) - (438.5800, 1828.9050) on Layer Metal3
violation type: Short
	srcs: inst:IO_FILL_IO_NORTH_2_17 net:net2661
	bbox = (438.3350, 1828.6950) - (438.6250, 1828.9050) on Layer Metal3
violation type: Short
	srcs: inst:IO_FILL_IO_NORTH_2_0 net:net2661
	bbox = (438.3800, 1782.0000) - (438.5800, 1828.9050) on Layer Metal3
violation type: Short
	srcs: inst:IO_FILL_IO_NORTH_2_0 net:net2661
	bbox = (438.3350, 1828.6950) - (438.6250, 1828.9050) on Layer Metal3
violation type: Short
	srcs: inst:IO_FILL_IO_NORTH_2_10 net:net2661
	bbox = (438.3800, 1782.0000) - (438.5800, 1828.9050) on Layer Metal3
violation type: Short
	srcs: inst:IO_FILL_IO_NORTH_2_10 net:net2661
	bbox = (438.3350, 1828.6950) - (438.6250, 1828.9050) on Layer Metal3
violation type: Short
	srcs: inst:IO_FILL_IO_NORTH_2_15 net:net2661
	bbox = (438.3800, 1782.0000) - (438.5800, 1828.9050) on Layer Metal3
violation type: Short
	srcs: inst:IO_FILL_IO_NORTH_2_15 net:net2661
	bbox = (438.3350, 1828.6950) - (438.6250, 1828.9050) on Layer Metal3
violation type: Short
	srcs: inst:pad_irq_nm_i_inst net:net2661
	bbox = (438.3800, 1828.6550) - (438.5800, 1829.8600) on Layer Metal4
violation type: Short
	srcs: inst:pad_irq_nm_i_inst net:net2661
	bbox = (430.8200, 1829.6600) - (431.0200, 1879.3000) on Layer Metal4
violation type: Short
	srcs: inst:pad_irq_nm_i_inst net:net2661
	bbox = (430.8200, 1829.6600) - (438.5800, 1829.8600) on Layer Metal4
violation type: Short
	srcs: inst:pad_irq_nm_i_inst net:net2661
	bbox = (430.8200, 1879.1000) - (431.8600, 1879.3000) on Layer Metal4
violation type: Short
	srcs: net:VDDIO net:net2661
	bbox = (430.8200, 1841.0000) - (431.0200, 1866.5000) on Layer Metal4
violation type: Short
	srcs: net:VDDIO net:net2661
	bbox = (430.8200, 1868.5000) - (431.0200, 1879.3000) on Layer Metal4
violation type: Short
	srcs: net:VDDIO net:net2661
	bbox = (431.6600, 1879.1000) - (431.8600, 1894.0000) on Layer Metal4
violation type: Short
	srcs: net:VDDIO net:net2661
	bbox = (430.8200, 1879.1000) - (431.8600, 1879.3000) on Layer Metal4
violation type: Short
	srcs: net:VSSIO net:net2661
	bbox = (438.3800, 1828.6550) - (438.5800, 1829.8600) on Layer Metal4
violation type: Short
	srcs: net:VSSIO net:net2661
	bbox = (430.8200, 1829.6600) - (431.0200, 1834.0000) on Layer Metal4
violation type: Short
	srcs: net:VSSIO net:net2661
	bbox = (430.8200, 1829.6600) - (438.5800, 1829.8600) on Layer Metal4
violation type: Short
	srcs: inst:IO_FILL_IO_NORTH_2_17 net:net2661
	bbox = (438.3800, 1828.6550) - (438.5800, 1829.8600) on Layer Metal4
violation type: Short
	srcs: inst:IO_FILL_IO_NORTH_2_17 net:net2661
	bbox = (430.8200, 1829.6600) - (431.0200, 1879.3000) on Layer Metal4
violation type: Short
	srcs: inst:IO_FILL_IO_NORTH_2_17 net:net2661
	bbox = (430.8200, 1829.6600) - (438.5800, 1829.8600) on Layer Metal4
violation type: Short
	srcs: inst:IO_FILL_IO_NORTH_2_17 net:net2661
	bbox = (430.8200, 1879.1000) - (431.8600, 1879.3000) on Layer Metal4
violation type: Short
	srcs: inst:IO_FILL_IO_NORTH_2_0 net:net2661
	bbox = (438.3800, 1828.6550) - (438.5800, 1829.8600) on Layer Metal4
violation type: Short
	srcs: inst:IO_FILL_IO_NORTH_2_0 net:net2661
	bbox = (430.8200, 1829.6600) - (431.0200, 1879.3000) on Layer Metal4
violation type: Short
	srcs: inst:IO_FILL_IO_NORTH_2_0 net:net2661
	bbox = (430.8200, 1829.6600) - (438.5800, 1829.8600) on Layer Metal4
violation type: Short
	srcs: inst:IO_FILL_IO_NORTH_2_0 net:net2661
	bbox = (430.8200, 1879.1000) - (431.8600, 1879.3000) on Layer Metal4
violation type: Short
	srcs: inst:IO_FILL_IO_NORTH_2_10 net:net2661
	bbox = (438.3800, 1828.6550) - (438.5800, 1829.8600) on Layer Metal4
violation type: Short
	srcs: inst:IO_FILL_IO_NORTH_2_10 net:net2661
	bbox = (430.8200, 1829.6600) - (431.0200, 1879.3000) on Layer Metal4
violation type: Short
	srcs: inst:IO_FILL_IO_NORTH_2_10 net:net2661
	bbox = (430.8200, 1829.6600) - (438.5800, 1829.8600) on Layer Metal4
violation type: Short
	srcs: inst:IO_FILL_IO_NORTH_2_10 net:net2661
	bbox = (430.8200, 1879.1000) - (431.8600, 1879.3000) on Layer Metal4
violation type: Short
	srcs: inst:IO_FILL_IO_NORTH_2_15 net:net2661
	bbox = (438.3800, 1828.6550) - (438.5800, 1829.8600) on Layer Metal4
violation type: Short
	srcs: inst:IO_FILL_IO_NORTH_2_15 net:net2661
	bbox = (430.8200, 1829.6600) - (431.0200, 1879.3000) on Layer Metal4
violation type: Short
	srcs: inst:IO_FILL_IO_NORTH_2_15 net:net2661
	bbox = (430.8200, 1829.6600) - (438.5800, 1829.8600) on Layer Metal4
violation type: Short
	srcs: inst:IO_FILL_IO_NORTH_2_15 net:net2661
	bbox = (430.8200, 1879.1000) - (431.8600, 1879.3000) on Layer Metal4
violation type: Short
	srcs: net:VSSIO net:net2664
	bbox = (7.0000, 1029.9800) - (32.5000, 1030.1800) on Layer Metal3
violation type: Short
	srcs: inst:IO_FILL_IO_WEST_9_0 net:net2658
	bbox = (31.8200, 1078.4600) - (32.0200, 1099.3000) on Layer Metal4
violation type: Short
	srcs: inst:IO_FILL_IO_WEST_9_10 net:net2658
	bbox = (31.8200, 1084.0000) - (32.0200, 1099.3000) on Layer Metal4
violation type: Short
	srcs: inst:IO_FILL_IO_WEST_9_15 net:net2658
	bbox = (31.8200, 1089.0000) - (32.0200, 1099.3000) on Layer Metal4
violation type: Short
	srcs: inst:IO_FILL_IO_WEST_9_17 net:net2658
	bbox = (31.8200, 1091.0000) - (32.0200, 1099.3000) on Layer Metal4
violation type: Short
	srcs: inst:pad_debug_req_i_inst net:net2658
	bbox = (31.8200, 1092.0000) - (32.0200, 1099.3000) on Layer Metal4
violation type: Short
	srcs: net:VSSIO net:net2658
	bbox = (31.8200, 1078.4600) - (32.0200, 1099.3000) on Layer Metal4
violation type: Short
	srcs: net:VSSIO net:net2658
	bbox = (31.8200, 1078.4600) - (32.5000, 1078.6600) on Layer Metal4
violation type: Short
	srcs: net:VSSIO net:net2658
	bbox = (7.0000, 1099.1000) - (32.0200, 1099.3000) on Layer Metal4
violation type: Short
	srcs: net:VSSIO net:net2658
	bbox = (126.0000, 992.5400) - (134.0000, 992.7400) on Layer Metal3
violation type: Short
	srcs: inst:IO_FILL_IO_WEST_8_0 net:net2658
	bbox = (98.6000, 992.5400) - (98.8000, 1003.7800) on Layer Metal3
violation type: Short
	srcs: inst:IO_FILL_IO_WEST_8_10 net:net2658
	bbox = (98.6000, 992.5400) - (98.8000, 1003.7800) on Layer Metal3
violation type: Short
	srcs: inst:IO_FILL_IO_WEST_8_15 net:net2658
	bbox = (98.6000, 992.5400) - (98.8000, 1003.7800) on Layer Metal3
violation type: Short
	srcs: inst:IO_FILL_IO_WEST_8_17 net:net2658
	bbox = (98.6000, 993.0000) - (98.8000, 1003.7800) on Layer Metal3
violation type: Short
	srcs: inst:pad_fetch_enable_i_0_inst net:net2658
	bbox = (98.6000, 994.0000) - (98.8000, 1003.7800) on Layer Metal3
violation type: Short
	srcs: net:VDDIO net:net2658
	bbox = (98.6000, 992.5400) - (98.8000, 1003.7800) on Layer Metal3
violation type: Short
	srcs: net:VDDIO net:net2658
	bbox = (98.6000, 992.5400) - (119.0000, 992.7400) on Layer Metal3
violation type: Short
	srcs: inst:IO_FILL_IO_NORTH_2_0 net:net2661
	bbox = (431.6600, 1879.1000) - (431.8600, 1908.1000) on Layer Metal4
violation type: Short
	srcs: inst:IO_FILL_IO_NORTH_2_0 net:net2661
	bbox = (429.9800, 1907.9000) - (431.8600, 1908.1000) on Layer Metal4
violation type: Short
	srcs: inst:IO_FILL_IO_NORTH_2_17 net:net2661
	bbox = (431.6600, 1879.1000) - (431.8600, 1908.1000) on Layer Metal4
violation type: Short
	srcs: inst:IO_FILL_IO_NORTH_2_17 net:net2661
	bbox = (429.9800, 1907.9000) - (431.8600, 1908.1000) on Layer Metal4
violation type: Short
	srcs: inst:IO_FILL_IO_NORTH_2_10 net:net2661
	bbox = (431.6600, 1879.1000) - (431.8600, 1908.1000) on Layer Metal4
violation type: Short
	srcs: inst:IO_FILL_IO_NORTH_2_10 net:net2661
	bbox = (429.9800, 1907.9000) - (431.8600, 1908.1000) on Layer Metal4
violation type: Short
	srcs: inst:IO_FILL_IO_NORTH_2_15 net:net2661
	bbox = (431.6600, 1879.1000) - (431.8600, 1908.1000) on Layer Metal4
violation type: Short
	srcs: inst:IO_FILL_IO_NORTH_2_15 net:net2661
	bbox = (429.9800, 1907.9000) - (431.8600, 1908.1000) on Layer Metal4
violation type: Short
	srcs: inst:pad_irq_nm_i_inst net:net2661
	bbox = (431.6600, 1879.1000) - (431.8600, 1908.1000) on Layer Metal4
violation type: Short
	srcs: inst:pad_irq_nm_i_inst net:net2661
	bbox = (429.9800, 1907.9000) - (431.8600, 1908.1000) on Layer Metal4
violation type: Short
	srcs: net:VSSIO net:net2661
	bbox = (431.6600, 1900.0000) - (431.8600, 1908.1000) on Layer Metal4
violation type: Short
	srcs: net:VSSIO net:net2661
	bbox = (429.9800, 1927.5000) - (430.1800, 1953.0000) on Layer Metal4
violation type: Short
	srcs: net:VSSIO net:net2661
	bbox = (429.9800, 1907.9000) - (430.1800, 1925.5000) on Layer Metal4
violation type: Short
	srcs: net:VSSIO net:net2661
	bbox = (429.9800, 1907.9000) - (431.8600, 1908.1000) on Layer Metal4
violation type: Short
	srcs: inst:pad_fetch_enable_i_0_inst net:net2658
	bbox = (93.4550, 1003.5800) - (98.8000, 1003.7800) on Layer Metal3
violation type: Short
	srcs: inst:pad_fetch_enable_i_0_inst net:net2658
	bbox = (93.4550, 1003.5750) - (93.7450, 1003.7850) on Layer Metal3
violation type: Short
	srcs: inst:pad_fetch_enable_i_0_inst net:net2664
	bbox = (93.5000, 1029.0200) - (93.7000, 1032.1000) on Layer Metal3
violation type: Short
	srcs: inst:pad_fetch_enable_i_0_inst net:net2664
	bbox = (93.5000, 1029.0200) - (115.3000, 1029.2200) on Layer Metal3
violation type: Short
	srcs: inst:pad_fetch_enable_i_0_inst net:net2664
	bbox = (43.1000, 1029.9800) - (43.3000, 1032.1000) on Layer Metal3
violation type: Short
	srcs: inst:pad_fetch_enable_i_0_inst net:net2664
	bbox = (0.4200, 1029.9800) - (43.3000, 1030.1800) on Layer Metal3
violation type: Short
	srcs: inst:pad_fetch_enable_i_0_inst net:net2664
	bbox = (43.1000, 1031.9000) - (93.7000, 1032.1000) on Layer Metal3
violation type: Short
	srcs: net:VSSIO net:net2664
	bbox = (43.1000, 1029.9800) - (43.3000, 1032.1000) on Layer Metal3
violation type: Short
	srcs: net:VSSIO net:net2664
	bbox = (34.5000, 1029.9800) - (43.3000, 1030.1800) on Layer Metal3
violation type: Short
	srcs: net:VSSIO net:net2664
	bbox = (43.1000, 1031.9000) - (60.0000, 1032.1000) on Layer Metal3
violation type: Short
	srcs: net:VDDIO net:net2664
	bbox = (66.0000, 1031.9000) - (91.5000, 1032.1000) on Layer Metal3
violation type: Short
	srcs: net:VDDIO net:net2658
	bbox = (93.5000, 1003.5800) - (98.8000, 1003.7800) on Layer Metal3
violation type: Short
	srcs: net:VDDIO net:net2658
	bbox = (93.5000, 1003.5750) - (93.7450, 1003.7850) on Layer Metal3
violation type: Short
	srcs: net:VDDIO net:net2664
	bbox = (93.5000, 1029.0200) - (93.7000, 1032.1000) on Layer Metal3
violation type: Short
	srcs: net:VDDIO net:net2664
	bbox = (93.5000, 1029.0200) - (115.3000, 1029.2200) on Layer Metal3
violation type: Short
	srcs: net:VDDIO net:net2664
	bbox = (93.5000, 1031.9000) - (93.7000, 1032.1000) on Layer Metal3
violation type: Short
	srcs: inst:IO_FILL_IO_WEST_8_0 net:net2658
	bbox = (93.4550, 1003.5800) - (98.8000, 1003.7800) on Layer Metal3
violation type: Short
	srcs: inst:IO_FILL_IO_WEST_8_0 net:net2658
	bbox = (93.4550, 1003.5750) - (93.7450, 1003.7850) on Layer Metal3
violation type: Short
	srcs: inst:IO_FILL_IO_WEST_8_0 net:net2664
	bbox = (93.5000, 1029.0200) - (93.7000, 1032.1000) on Layer Metal3
violation type: Short
	srcs: inst:IO_FILL_IO_WEST_8_0 net:net2664
	bbox = (93.5000, 1029.0200) - (115.3000, 1029.2200) on Layer Metal3
violation type: Short
	srcs: inst:IO_FILL_IO_WEST_8_0 net:net2664
	bbox = (43.1000, 1029.9800) - (43.3000, 1032.1000) on Layer Metal3
violation type: Short
	srcs: inst:IO_FILL_IO_WEST_8_0 net:net2664
	bbox = (0.4200, 1029.9800) - (43.3000, 1030.1800) on Layer Metal3
violation type: Short
	srcs: inst:IO_FILL_IO_WEST_8_0 net:net2664
	bbox = (43.1000, 1031.9000) - (93.7000, 1032.1000) on Layer Metal3
violation type: Short
	srcs: inst:IO_FILL_IO_WEST_8_10 net:net2658
	bbox = (93.4550, 1003.5800) - (98.8000, 1003.7800) on Layer Metal3
violation type: Short
	srcs: inst:IO_FILL_IO_WEST_8_10 net:net2658
	bbox = (93.4550, 1003.5750) - (93.7450, 1003.7850) on Layer Metal3
violation type: Short
	srcs: inst:IO_FILL_IO_WEST_8_10 net:net2664
	bbox = (93.5000, 1029.0200) - (93.7000, 1032.1000) on Layer Metal3
violation type: Short
	srcs: inst:IO_FILL_IO_WEST_8_10 net:net2664
	bbox = (93.5000, 1029.0200) - (115.3000, 1029.2200) on Layer Metal3
violation type: Short
	srcs: inst:IO_FILL_IO_WEST_8_10 net:net2664
	bbox = (43.1000, 1029.9800) - (43.3000, 1032.1000) on Layer Metal3
violation type: Short
	srcs: inst:IO_FILL_IO_WEST_8_10 net:net2664
	bbox = (0.4200, 1029.9800) - (43.3000, 1030.1800) on Layer Metal3
violation type: Short
	srcs: inst:IO_FILL_IO_WEST_8_10 net:net2664
	bbox = (43.1000, 1031.9000) - (93.7000, 1032.1000) on Layer Metal3
violation type: Short
	srcs: inst:IO_FILL_IO_WEST_8_15 net:net2658
	bbox = (93.4550, 1003.5800) - (98.8000, 1003.7800) on Layer Metal3
violation type: Short
	srcs: inst:IO_FILL_IO_WEST_8_15 net:net2658
	bbox = (93.4550, 1003.5750) - (93.7450, 1003.7850) on Layer Metal3
violation type: Short
	srcs: inst:IO_FILL_IO_WEST_8_15 net:net2664
	bbox = (93.5000, 1029.0200) - (93.7000, 1032.1000) on Layer Metal3
violation type: Short
	srcs: inst:IO_FILL_IO_WEST_8_15 net:net2664
	bbox = (93.5000, 1029.0200) - (115.3000, 1029.2200) on Layer Metal3
violation type: Short
	srcs: inst:IO_FILL_IO_WEST_8_15 net:net2664
	bbox = (43.1000, 1029.9800) - (43.3000, 1032.1000) on Layer Metal3
violation type: Short
	srcs: inst:IO_FILL_IO_WEST_8_15 net:net2664
	bbox = (0.4200, 1029.9800) - (43.3000, 1030.1800) on Layer Metal3
violation type: Short
	srcs: inst:IO_FILL_IO_WEST_8_15 net:net2664
	bbox = (43.1000, 1031.9000) - (93.7000, 1032.1000) on Layer Metal3
violation type: Short
	srcs: inst:IO_FILL_IO_WEST_8_17 net:net2658
	bbox = (93.4550, 1003.5800) - (98.8000, 1003.7800) on Layer Metal3
violation type: Short
	srcs: inst:IO_FILL_IO_WEST_8_17 net:net2658
	bbox = (93.4550, 1003.5750) - (93.7450, 1003.7850) on Layer Metal3
violation type: Short
	srcs: inst:IO_FILL_IO_WEST_8_17 net:net2664
	bbox = (93.5000, 1029.0200) - (93.7000, 1032.1000) on Layer Metal3
violation type: Short
	srcs: inst:IO_FILL_IO_WEST_8_17 net:net2664
	bbox = (93.5000, 1029.0200) - (115.3000, 1029.2200) on Layer Metal3
violation type: Short
	srcs: inst:IO_FILL_IO_WEST_8_17 net:net2664
	bbox = (43.1000, 1029.9800) - (43.3000, 1032.1000) on Layer Metal3
violation type: Short
	srcs: inst:IO_FILL_IO_WEST_8_17 net:net2664
	bbox = (0.4200, 1029.9800) - (43.3000, 1030.1800) on Layer Metal3
violation type: Short
	srcs: inst:IO_FILL_IO_WEST_8_17 net:net2664
	bbox = (43.1000, 1031.9000) - (93.7000, 1032.1000) on Layer Metal3
violation type: Short
	srcs: inst:pad_fetch_enable_i_0_inst net:net2658
	bbox = (93.5000, 1003.5350) - (93.7000, 1004.2600) on Layer Metal4
violation type: Short
	srcs: inst:pad_fetch_enable_i_0_inst net:net2658
	bbox = (52.8200, 1004.0600) - (93.7000, 1004.2600) on Layer Metal4
violation type: Short
	srcs: net:VSSIO net:net2658
	bbox = (52.8200, 1004.0600) - (60.0000, 1004.2600) on Layer Metal4
violation type: Short
	srcs: net:VDDIO net:net2658
	bbox = (66.0000, 1004.0600) - (91.5000, 1004.2600) on Layer Metal4
violation type: Short
	srcs: net:VDDIO net:net2658
	bbox = (93.5000, 1003.5350) - (93.7000, 1004.2600) on Layer Metal4
violation type: Short
	srcs: net:VDDIO net:net2658
	bbox = (93.5000, 1004.0600) - (93.7000, 1004.2600) on Layer Metal4
violation type: Short
	srcs: inst:IO_FILL_IO_WEST_8_0 net:net2658
	bbox = (93.5000, 1003.5350) - (93.7000, 1004.2600) on Layer Metal4
violation type: Short
	srcs: inst:IO_FILL_IO_WEST_8_0 net:net2658
	bbox = (52.8200, 1004.0600) - (93.7000, 1004.2600) on Layer Metal4
violation type: Short
	srcs: inst:IO_FILL_IO_WEST_8_10 net:net2658
	bbox = (93.5000, 1003.5350) - (93.7000, 1004.2600) on Layer Metal4
violation type: Short
	srcs: inst:IO_FILL_IO_WEST_8_10 net:net2658
	bbox = (52.8200, 1004.0600) - (93.7000, 1004.2600) on Layer Metal4
violation type: Short
	srcs: inst:IO_FILL_IO_WEST_8_15 net:net2658
	bbox = (93.5000, 1003.5350) - (93.7000, 1004.2600) on Layer Metal4
violation type: Short
	srcs: inst:IO_FILL_IO_WEST_8_15 net:net2658
	bbox = (52.8200, 1004.0600) - (93.7000, 1004.2600) on Layer Metal4
violation type: Short
	srcs: inst:IO_FILL_IO_WEST_8_17 net:net2658
	bbox = (93.5000, 1003.5350) - (93.7000, 1004.2600) on Layer Metal4
violation type: Short
	srcs: inst:IO_FILL_IO_WEST_8_17 net:net2658
	bbox = (52.8200, 1004.0600) - (93.7000, 1004.2600) on Layer Metal4
violation type: Short
	srcs: net:VDD net:net2664
	bbox = (160.0000, 1027.1000) - (178.0000, 1027.3000) on Layer Metal3
violation type: Short
	srcs: inst:pad_fetch_enable_i_0_inst net:net2664
	bbox = (115.1000, 1028.5400) - (144.1000, 1028.7400) on Layer Metal3
violation type: Short
	srcs: inst:pad_fetch_enable_i_0_inst net:net2664
	bbox = (143.9000, 1027.1000) - (144.1000, 1028.7400) on Layer Metal3
violation type: Short
	srcs: inst:pad_fetch_enable_i_0_inst net:net2664
	bbox = (143.9000, 1027.1000) - (178.0000, 1027.3000) on Layer Metal3
violation type: Short
	srcs: inst:IO_FILL_IO_WEST_8_0 net:net2664
	bbox = (115.1000, 1028.5400) - (144.1000, 1028.7400) on Layer Metal3
violation type: Short
	srcs: inst:IO_FILL_IO_WEST_8_0 net:net2664
	bbox = (143.9000, 1027.1000) - (144.1000, 1028.7400) on Layer Metal3
violation type: Short
	srcs: inst:IO_FILL_IO_WEST_8_0 net:net2664
	bbox = (143.9000, 1027.1000) - (178.0000, 1027.3000) on Layer Metal3
violation type: Short
	srcs: inst:IO_FILL_IO_WEST_8_10 net:net2664
	bbox = (115.1000, 1028.5400) - (144.1000, 1028.7400) on Layer Metal3
violation type: Short
	srcs: inst:IO_FILL_IO_WEST_8_10 net:net2664
	bbox = (143.9000, 1027.1000) - (144.1000, 1028.7400) on Layer Metal3
violation type: Short
	srcs: inst:IO_FILL_IO_WEST_8_10 net:net2664
	bbox = (143.9000, 1027.1000) - (178.0000, 1027.3000) on Layer Metal3
violation type: Short
	srcs: inst:IO_FILL_IO_WEST_8_15 net:net2664
	bbox = (115.1000, 1028.5400) - (144.1000, 1028.7400) on Layer Metal3
violation type: Short
	srcs: inst:IO_FILL_IO_WEST_8_15 net:net2664
	bbox = (143.9000, 1027.1000) - (144.1000, 1028.7400) on Layer Metal3
violation type: Short
	srcs: inst:IO_FILL_IO_WEST_8_15 net:net2664
	bbox = (143.9000, 1027.1000) - (178.0000, 1027.3000) on Layer Metal3
violation type: Short
	srcs: inst:IO_FILL_IO_WEST_8_17 net:net2664
	bbox = (115.1000, 1028.5400) - (144.1000, 1028.7400) on Layer Metal3
violation type: Short
	srcs: inst:IO_FILL_IO_WEST_8_17 net:net2664
	bbox = (143.9000, 1027.1000) - (144.1000, 1028.7400) on Layer Metal3
violation type: Short
	srcs: inst:IO_FILL_IO_WEST_8_17 net:net2664
	bbox = (143.9000, 1027.1000) - (178.0000, 1027.3000) on Layer Metal3
violation type: Short
	srcs: net:VSS net:net2664
	bbox = (140.0000, 1028.5400) - (144.1000, 1028.7400) on Layer Metal3
violation type: Short
	srcs: net:VSS net:net2664
	bbox = (143.9000, 1027.1000) - (144.1000, 1028.7400) on Layer Metal3
violation type: Short
	srcs: net:VSS net:net2664
	bbox = (143.9000, 1027.1000) - (158.0000, 1027.3000) on Layer Metal3
violation type: Short
	srcs: net:VDD net:net2658
	bbox = (160.0000, 994.9400) - (178.0000, 995.1400) on Layer Metal3
violation type: Short
	srcs: inst:IO_FILL_IO_WEST_8_0 net:net2658
	bbox = (143.9600, 994.9400) - (178.0000, 995.1400) on Layer Metal3
violation type: Short
	srcs: inst:IO_FILL_IO_WEST_8_10 net:net2658
	bbox = (143.9600, 994.9400) - (178.0000, 995.1400) on Layer Metal3
violation type: Short
	srcs: inst:IO_FILL_IO_WEST_8_15 net:net2658
	bbox = (143.9600, 994.9400) - (178.0000, 995.1400) on Layer Metal3
violation type: Short
	srcs: inst:IO_FILL_IO_WEST_8_17 net:net2658
	bbox = (143.9600, 994.9400) - (178.0000, 995.1400) on Layer Metal3
violation type: Short
	srcs: inst:pad_fetch_enable_i_0_inst net:net2658
	bbox = (143.9600, 994.9400) - (178.0000, 995.1400) on Layer Metal3
violation type: Short
	srcs: net:VSS net:net2658
	bbox = (143.9600, 994.9400) - (158.0000, 995.1400) on Layer Metal3
violation type: Short
	srcs: inst:pad_fetch_enable_i_0_inst net:net2658
	bbox = (52.8200, 1004.0600) - (53.0200, 1044.1000) on Layer Metal4
violation type: Short
	srcs: inst:pad_fetch_enable_i_0_inst net:net2658
	bbox = (54.0800, 1043.9000) - (54.2800, 1074.0000) on Layer Metal4
violation type: Short
	srcs: inst:pad_fetch_enable_i_0_inst net:net2658
	bbox = (52.8200, 1043.9000) - (54.2800, 1044.1000) on Layer Metal4
violation type: Short
	srcs: inst:IO_FILL_IO_WEST_9_0 net:net2658
	bbox = (54.0800, 1074.0000) - (54.2800, 1077.7000) on Layer Metal4
violation type: Short
	srcs: inst:IO_FILL_IO_WEST_9_0 net:net2658
	bbox = (36.8600, 1077.5000) - (37.0600, 1078.6600) on Layer Metal4
violation type: Short
	srcs: inst:IO_FILL_IO_WEST_9_0 net:net2658
	bbox = (36.8600, 1077.5000) - (54.2800, 1077.7000) on Layer Metal4
violation type: Short
	srcs: inst:IO_FILL_IO_WEST_9_0 net:net2658
	bbox = (31.8200, 1078.4600) - (37.0600, 1078.6600) on Layer Metal4
violation type: Short
	srcs: net:VSSIO net:net2658
	bbox = (52.8200, 1004.0600) - (53.0200, 1044.1000) on Layer Metal4
violation type: Short
	srcs: net:VSSIO net:net2658
	bbox = (54.0800, 1043.9000) - (54.2800, 1077.7000) on Layer Metal4
violation type: Short
	srcs: net:VSSIO net:net2658
	bbox = (52.8200, 1043.9000) - (54.2800, 1044.1000) on Layer Metal4
violation type: Short
	srcs: net:VSSIO net:net2658
	bbox = (36.8600, 1077.5000) - (37.0600, 1078.6600) on Layer Metal4
violation type: Short
	srcs: net:VSSIO net:net2658
	bbox = (36.8600, 1077.5000) - (54.2800, 1077.7000) on Layer Metal4
violation type: Short
	srcs: net:VSSIO net:net2658
	bbox = (34.5000, 1078.4600) - (37.0600, 1078.6600) on Layer Metal4
violation type: Short
	srcs: inst:IO_FILL_IO_WEST_8_0 net:net2658
	bbox = (52.8200, 1004.0600) - (53.0200, 1044.1000) on Layer Metal4
violation type: Short
	srcs: inst:IO_FILL_IO_WEST_8_0 net:net2658
	bbox = (54.0800, 1043.9000) - (54.2800, 1056.0000) on Layer Metal4
violation type: Short
	srcs: inst:IO_FILL_IO_WEST_8_0 net:net2658
	bbox = (52.8200, 1043.9000) - (54.2800, 1044.1000) on Layer Metal4
violation type: Short
	srcs: inst:IO_FILL_IO_WEST_8_10 net:net2658
	bbox = (52.8200, 1004.0600) - (53.0200, 1044.1000) on Layer Metal4
violation type: Short
	srcs: inst:IO_FILL_IO_WEST_8_10 net:net2658
	bbox = (54.0800, 1043.9000) - (54.2800, 1066.0000) on Layer Metal4
violation type: Short
	srcs: inst:IO_FILL_IO_WEST_8_10 net:net2658
	bbox = (52.8200, 1043.9000) - (54.2800, 1044.1000) on Layer Metal4
violation type: Short
	srcs: inst:IO_FILL_IO_WEST_8_15 net:net2658
	bbox = (52.8200, 1004.0600) - (53.0200, 1044.1000) on Layer Metal4
violation type: Short
	srcs: inst:IO_FILL_IO_WEST_8_15 net:net2658
	bbox = (54.0800, 1043.9000) - (54.2800, 1071.0000) on Layer Metal4
violation type: Short
	srcs: inst:IO_FILL_IO_WEST_8_15 net:net2658
	bbox = (52.8200, 1043.9000) - (54.2800, 1044.1000) on Layer Metal4
violation type: Short
	srcs: inst:IO_FILL_IO_WEST_8_17 net:net2658
	bbox = (52.8200, 1004.0600) - (53.0200, 1044.1000) on Layer Metal4
violation type: Short
	srcs: inst:IO_FILL_IO_WEST_8_17 net:net2658
	bbox = (54.0800, 1043.9000) - (54.2800, 1073.0000) on Layer Metal4
violation type: Short
	srcs: inst:IO_FILL_IO_WEST_8_17 net:net2658
	bbox = (52.8200, 1043.9000) - (54.2800, 1044.1000) on Layer Metal4
violation type: Short
	srcs: inst:IO_FILL_IO_WEST_8_0 net:net2658
	bbox = (143.9600, 992.5400) - (144.1600, 995.1400) on Layer Metal3
violation type: Short
	srcs: inst:IO_FILL_IO_WEST_8_0 net:net2658
	bbox = (98.6000, 992.5400) - (144.1600, 992.7400) on Layer Metal3
violation type: Short
	srcs: inst:IO_FILL_IO_WEST_8_10 net:net2658
	bbox = (143.9600, 992.5400) - (144.1600, 995.1400) on Layer Metal3
violation type: Short
	srcs: inst:IO_FILL_IO_WEST_8_10 net:net2658
	bbox = (98.6000, 992.5400) - (144.1600, 992.7400) on Layer Metal3
violation type: Short
	srcs: inst:IO_FILL_IO_WEST_8_15 net:net2658
	bbox = (143.9600, 992.5400) - (144.1600, 995.1400) on Layer Metal3
violation type: Short
	srcs: inst:IO_FILL_IO_WEST_8_15 net:net2658
	bbox = (98.6000, 992.5400) - (144.1600, 992.7400) on Layer Metal3
violation type: Short
	srcs: inst:IO_FILL_IO_WEST_8_17 net:net2658
	bbox = (143.9600, 993.0000) - (144.1600, 995.1400) on Layer Metal3
violation type: Short
	srcs: inst:pad_fetch_enable_i_0_inst net:net2658
	bbox = (143.9600, 994.0000) - (144.1600, 995.1400) on Layer Metal3
violation type: Short
	srcs: net:VSS net:net2658
	bbox = (143.9600, 992.5400) - (144.1600, 995.1400) on Layer Metal3
violation type: Short
	srcs: net:VSS net:net2658
	bbox = (140.0000, 992.5400) - (144.1600, 992.7400) on Layer Metal3
