violation type: Short
	srcs: net:VSSIO net:net2661
	bbox = (438.3800, 1826.0000) - (438.5800, 1834.0000) on Layer Metal4
violation type: Short
	srcs: net:VDDIO net:net2661
	bbox = (438.3800, 1841.0000) - (438.5800, 1864.9000) on Layer Metal4
violation type: Short
	srcs: inst:pad_fetch_enable_i_0_inst net:net2658
	bbox = (9.5600, 1068.8600) - (9.7600, 1074.0000) on Layer Metal4
violation type: Short
	srcs: inst:IO_FILL_IO_WEST_9_0 net:net2658
	bbox = (9.5600, 1074.0000) - (9.7600, 1099.3000) on Layer Metal4
violation type: Short
	srcs: inst:IO_FILL_IO_WEST_9_0 net:net2658
	bbox = (3.0000, 1099.1000) - (9.7600, 1099.3000) on Layer Metal4
violation type: Short
	srcs: inst:IO_FILL_IO_WEST_9_10 net:net2658
	bbox = (9.5600, 1084.0000) - (9.7600, 1099.3000) on Layer Metal4
violation type: Short
	srcs: inst:IO_FILL_IO_WEST_9_10 net:net2658
	bbox = (3.0000, 1099.1000) - (9.7600, 1099.3000) on Layer Metal4
violation type: Short
	srcs: inst:IO_FILL_IO_WEST_9_15 net:net2658
	bbox = (9.5600, 1089.0000) - (9.7600, 1099.3000) on Layer Metal4
violation type: Short
	srcs: inst:IO_FILL_IO_WEST_9_15 net:net2658
	bbox = (3.0000, 1099.1000) - (9.7600, 1099.3000) on Layer Metal4
violation type: Short
	srcs: inst:IO_FILL_IO_WEST_9_17 net:net2658
	bbox = (9.5600, 1091.0000) - (9.7600, 1099.3000) on Layer Metal4
violation type: Short
	srcs: inst:IO_FILL_IO_WEST_9_17 net:net2658
	bbox = (3.0000, 1099.1000) - (9.7600, 1099.3000) on Layer Metal4
violation type: Short
	srcs: inst:pad_debug_req_i_inst net:net2658
	bbox = (9.5600, 1092.0000) - (9.7600, 1099.3000) on Layer Metal4
violation type: Short
	srcs: inst:pad_debug_req_i_inst net:net2658
	bbox = (3.0000, 1099.1000) - (9.7600, 1099.3000) on Layer Metal4
violation type: Short
	srcs: net:VSSIO net:net2658
	bbox = (9.5600, 1068.8600) - (9.7600, 1099.3000) on Layer Metal4
violation type: Short
	srcs: inst:IO_FILL_IO_WEST_8_15 net:net2658
	bbox = (9.5600, 1068.8600) - (9.7600, 1071.0000) on Layer Metal4
violation type: Short
	srcs: inst:IO_FILL_IO_WEST_8_17 net:net2658
	bbox = (9.5600, 1068.8600) - (9.7600, 1073.0000) on Layer Metal4
violation type: Short
	srcs: net:VSSIO net:net2658
	bbox = (9.5600, 1068.8600) - (32.5000, 1069.0600) on Layer Metal4
violation type: Short
	srcs: net:VSSIO net:net2658
	bbox = (7.0000, 1099.1000) - (9.7600, 1099.3000) on Layer Metal4
violation type: Short
	srcs: inst:IO_FILL_IO_NORTH_2_17 net:net2661
	bbox = (437.0750, 1803.7350) - (437.3650, 1803.9450) on Layer Metal3
violation type: Short
	srcs: inst:IO_FILL_IO_NORTH_2_10 net:net2661
	bbox = (437.0750, 1803.7350) - (437.3650, 1803.9450) on Layer Metal3
violation type: Short
	srcs: inst:IO_FILL_IO_NORTH_2_15 net:net2661
	bbox = (437.0750, 1803.7350) - (437.3650, 1803.9450) on Layer Metal3
violation type: Short
	srcs: inst:pad_irq_nm_i_inst net:net2661
	bbox = (437.0750, 1803.7350) - (437.3650, 1803.9450) on Layer Metal3
violation type: Short
	srcs: net:VSS net:net2661
	bbox = (437.1200, 1802.0000) - (437.3200, 1803.9450) on Layer Metal3
violation type: Short
	srcs: net:VSS net:net2661
	bbox = (437.0750, 1803.7350) - (437.3650, 1803.9450) on Layer Metal3
violation type: Short
	srcs: inst:IO_FILL_IO_NORTH_2_0 net:net2661
	bbox = (437.0750, 1803.7350) - (437.3650, 1803.9450) on Layer Metal3
violation type: Short
	srcs: inst:IO_FILL_IO_NORTH_2_17 net:net2661
	bbox = (437.1200, 1803.6950) - (437.3200, 1814.5000) on Layer Metal4
violation type: Short
	srcs: inst:IO_FILL_IO_NORTH_2_17 net:net2661
	bbox = (438.3800, 1814.3000) - (438.5800, 1864.9000) on Layer Metal4
violation type: Short
	srcs: inst:IO_FILL_IO_NORTH_2_17 net:net2661
	bbox = (437.1200, 1814.3000) - (438.5800, 1814.5000) on Layer Metal4
violation type: Short
	srcs: inst:IO_FILL_IO_NORTH_2_10 net:net2661
	bbox = (437.1200, 1803.6950) - (437.3200, 1814.5000) on Layer Metal4
violation type: Short
	srcs: inst:IO_FILL_IO_NORTH_2_10 net:net2661
	bbox = (438.3800, 1814.3000) - (438.5800, 1864.9000) on Layer Metal4
violation type: Short
	srcs: inst:IO_FILL_IO_NORTH_2_10 net:net2661
	bbox = (437.1200, 1814.3000) - (438.5800, 1814.5000) on Layer Metal4
violation type: Short
	srcs: inst:IO_FILL_IO_NORTH_2_15 net:net2661
	bbox = (437.1200, 1803.6950) - (437.3200, 1814.5000) on Layer Metal4
violation type: Short
	srcs: inst:IO_FILL_IO_NORTH_2_15 net:net2661
	bbox = (438.3800, 1814.3000) - (438.5800, 1864.9000) on Layer Metal4
violation type: Short
	srcs: inst:IO_FILL_IO_NORTH_2_15 net:net2661
	bbox = (437.1200, 1814.3000) - (438.5800, 1814.5000) on Layer Metal4
violation type: Short
	srcs: inst:pad_irq_nm_i_inst net:net2661
	bbox = (437.1200, 1803.6950) - (437.3200, 1814.5000) on Layer Metal4
violation type: Short
	srcs: inst:pad_irq_nm_i_inst net:net2661
	bbox = (438.3800, 1814.3000) - (438.5800, 1864.9000) on Layer Metal4
violation type: Short
	srcs: inst:pad_irq_nm_i_inst net:net2661
	bbox = (437.1200, 1814.3000) - (438.5800, 1814.5000) on Layer Metal4
violation type: Short
	srcs: net:VDD net:net2661
	bbox = (437.1200, 1804.2000) - (437.3200, 1814.5000) on Layer Metal4
violation type: Short
	srcs: net:VDD net:net2661
	bbox = (438.3800, 1814.3000) - (438.5800, 1820.0000) on Layer Metal4
violation type: Short
	srcs: net:VDD net:net2661
	bbox = (437.1200, 1814.3000) - (438.5800, 1814.5000) on Layer Metal4
violation type: Short
	srcs: inst:IO_FILL_IO_NORTH_2_0 net:net2661
	bbox = (437.1200, 1803.6950) - (437.3200, 1814.5000) on Layer Metal4
violation type: Short
	srcs: inst:IO_FILL_IO_NORTH_2_0 net:net2661
	bbox = (438.3800, 1814.3000) - (438.5800, 1864.9000) on Layer Metal4
violation type: Short
	srcs: inst:IO_FILL_IO_NORTH_2_0 net:net2661
	bbox = (437.1200, 1814.3000) - (438.5800, 1814.5000) on Layer Metal4
violation type: Short
	srcs: inst:pad_fetch_enable_i_0_inst net:net2664
	bbox = (50.3000, 1025.6600) - (50.5000, 1028.2600) on Layer Metal3
violation type: Short
	srcs: inst:pad_fetch_enable_i_0_inst net:net2664
	bbox = (100.7000, 1026.6200) - (100.9000, 1028.2600) on Layer Metal3
violation type: Short
	srcs: inst:pad_fetch_enable_i_0_inst net:net2664
	bbox = (50.3000, 1028.0600) - (100.9000, 1028.2600) on Layer Metal3
violation type: Short
	srcs: net:VSSIO net:net2664
	bbox = (50.3000, 1025.6600) - (50.5000, 1028.2600) on Layer Metal3
violation type: Short
	srcs: net:VSSIO net:net2664
	bbox = (34.5000, 1025.6600) - (50.5000, 1025.8600) on Layer Metal3
violation type: Short
	srcs: net:VSSIO net:net2664
	bbox = (50.3000, 1028.0600) - (60.0000, 1028.2600) on Layer Metal3
violation type: Short
	srcs: net:VDDIO net:net2664
	bbox = (66.0000, 1028.0600) - (91.5000, 1028.2600) on Layer Metal3
violation type: Short
	srcs: net:VDDIO net:net2664
	bbox = (100.7000, 1026.6200) - (100.9000, 1028.2600) on Layer Metal3
violation type: Short
	srcs: net:VDDIO net:net2664
	bbox = (100.7000, 1026.6200) - (119.0000, 1026.8200) on Layer Metal3
violation type: Short
	srcs: net:VDDIO net:net2664
	bbox = (93.5000, 1028.0600) - (100.9000, 1028.2600) on Layer Metal3
violation type: Short
	srcs: inst:IO_FILL_IO_WEST_8_0 net:net2664
	bbox = (50.3000, 1025.6600) - (50.5000, 1028.2600) on Layer Metal3
violation type: Short
	srcs: inst:IO_FILL_IO_WEST_8_0 net:net2664
	bbox = (100.7000, 1026.6200) - (100.9000, 1028.2600) on Layer Metal3
violation type: Short
	srcs: inst:IO_FILL_IO_WEST_8_0 net:net2664
	bbox = (50.3000, 1028.0600) - (100.9000, 1028.2600) on Layer Metal3
violation type: Short
	srcs: inst:IO_FILL_IO_WEST_8_10 net:net2664
	bbox = (50.3000, 1025.6600) - (50.5000, 1028.2600) on Layer Metal3
violation type: Short
	srcs: inst:IO_FILL_IO_WEST_8_10 net:net2664
	bbox = (100.7000, 1026.6200) - (100.9000, 1028.2600) on Layer Metal3
violation type: Short
	srcs: inst:IO_FILL_IO_WEST_8_10 net:net2664
	bbox = (50.3000, 1028.0600) - (100.9000, 1028.2600) on Layer Metal3
violation type: Short
	srcs: inst:IO_FILL_IO_WEST_8_15 net:net2664
	bbox = (50.3000, 1025.6600) - (50.5000, 1028.2600) on Layer Metal3
violation type: Short
	srcs: inst:IO_FILL_IO_WEST_8_15 net:net2664
	bbox = (100.7000, 1026.6200) - (100.9000, 1028.2600) on Layer Metal3
violation type: Short
	srcs: inst:IO_FILL_IO_WEST_8_15 net:net2664
	bbox = (50.3000, 1028.0600) - (100.9000, 1028.2600) on Layer Metal3
violation type: Short
	srcs: inst:IO_FILL_IO_WEST_8_17 net:net2664
	bbox = (50.3000, 1025.6600) - (50.5000, 1028.2600) on Layer Metal3
violation type: Short
	srcs: inst:IO_FILL_IO_WEST_8_17 net:net2664
	bbox = (100.7000, 1026.6200) - (100.9000, 1028.2600) on Layer Metal3
violation type: Short
	srcs: inst:IO_FILL_IO_WEST_8_17 net:net2664
	bbox = (50.3000, 1028.0600) - (100.9000, 1028.2600) on Layer Metal3
violation type: Short
	srcs: inst:pad_fetch_enable_i_0_inst net:net2658
	bbox = (74.6600, 1028.5400) - (75.2800, 1028.7400) on Layer Metal4
violation type: Short
	srcs: net:VDDIO net:net2658
	bbox = (74.6600, 1028.5400) - (75.2800, 1028.7400) on Layer Metal4
violation type: Short
	srcs: inst:IO_FILL_IO_WEST_8_0 net:net2658
	bbox = (74.6600, 1028.5400) - (75.2800, 1028.7400) on Layer Metal4
violation type: Short
	srcs: inst:IO_FILL_IO_WEST_8_10 net:net2658
	bbox = (74.6600, 1028.5400) - (75.2800, 1028.7400) on Layer Metal4
violation type: Short
	srcs: inst:IO_FILL_IO_WEST_8_15 net:net2658
	bbox = (74.6600, 1028.5400) - (75.2800, 1028.7400) on Layer Metal4
violation type: Short
	srcs: inst:IO_FILL_IO_WEST_8_17 net:net2658
	bbox = (74.6600, 1028.5400) - (75.2800, 1028.7400) on Layer Metal4
violation type: Short
	srcs: inst:IO_FILL_IO_WEST_8_0 net:net2658
	bbox = (99.8600, 988.7000) - (100.0600, 1007.1400) on Layer Metal3
violation type: Short
	srcs: inst:IO_FILL_IO_WEST_8_0 net:net2658
	bbox = (75.5000, 1006.9400) - (75.7000, 1008.1050) on Layer Metal3
violation type: Short
	srcs: inst:IO_FILL_IO_WEST_8_0 net:net2658
	bbox = (75.5000, 1006.9400) - (100.0600, 1007.1400) on Layer Metal3
violation type: Short
	srcs: inst:IO_FILL_IO_WEST_8_0 net:net2658
	bbox = (75.4550, 1007.8950) - (75.7450, 1008.1050) on Layer Metal3
violation type: Short
	srcs: inst:IO_FILL_IO_WEST_8_10 net:net2658
	bbox = (99.8600, 988.7000) - (100.0600, 1007.1400) on Layer Metal3
violation type: Short
	srcs: inst:IO_FILL_IO_WEST_8_10 net:net2658
	bbox = (75.5000, 1006.9400) - (75.7000, 1008.1050) on Layer Metal3
violation type: Short
	srcs: inst:IO_FILL_IO_WEST_8_10 net:net2658
	bbox = (75.5000, 1006.9400) - (100.0600, 1007.1400) on Layer Metal3
violation type: Short
	srcs: inst:IO_FILL_IO_WEST_8_10 net:net2658
	bbox = (75.4550, 1007.8950) - (75.7450, 1008.1050) on Layer Metal3
violation type: Short
	srcs: inst:IO_FILL_IO_WEST_8_15 net:net2658
	bbox = (99.8600, 991.0000) - (100.0600, 1007.1400) on Layer Metal3
violation type: Short
	srcs: inst:IO_FILL_IO_WEST_8_15 net:net2658
	bbox = (75.5000, 1006.9400) - (75.7000, 1008.1050) on Layer Metal3
violation type: Short
	srcs: inst:IO_FILL_IO_WEST_8_15 net:net2658
	bbox = (75.5000, 1006.9400) - (100.0600, 1007.1400) on Layer Metal3
violation type: Short
	srcs: inst:IO_FILL_IO_WEST_8_15 net:net2658
	bbox = (75.4550, 1007.8950) - (75.7450, 1008.1050) on Layer Metal3
violation type: Short
	srcs: inst:IO_FILL_IO_WEST_8_17 net:net2658
	bbox = (99.8600, 993.0000) - (100.0600, 1007.1400) on Layer Metal3
violation type: Short
	srcs: inst:IO_FILL_IO_WEST_8_17 net:net2658
	bbox = (75.5000, 1006.9400) - (75.7000, 1008.1050) on Layer Metal3
violation type: Short
	srcs: inst:IO_FILL_IO_WEST_8_17 net:net2658
	bbox = (75.5000, 1006.9400) - (100.0600, 1007.1400) on Layer Metal3
violation type: Short
	srcs: inst:IO_FILL_IO_WEST_8_17 net:net2658
	bbox = (75.4550, 1007.8950) - (75.7450, 1008.1050) on Layer Metal3
violation type: Short
	srcs: inst:pad_fetch_enable_i_0_inst net:net2658
	bbox = (99.8600, 994.0000) - (100.0600, 1007.1400) on Layer Metal3
violation type: Short
	srcs: inst:pad_fetch_enable_i_0_inst net:net2658
	bbox = (75.5000, 1006.9400) - (75.7000, 1008.1050) on Layer Metal3
violation type: Short
	srcs: inst:pad_fetch_enable_i_0_inst net:net2658
	bbox = (75.5000, 1006.9400) - (100.0600, 1007.1400) on Layer Metal3
violation type: Short
	srcs: inst:pad_fetch_enable_i_0_inst net:net2658
	bbox = (75.4550, 1007.8950) - (75.7450, 1008.1050) on Layer Metal3
violation type: Short
	srcs: net:VDDIO net:net2658
	bbox = (75.5000, 1006.9400) - (75.7000, 1008.1050) on Layer Metal3
violation type: Short
	srcs: net:VDDIO net:net2658
	bbox = (75.5000, 1006.9400) - (91.5000, 1007.1400) on Layer Metal3
violation type: Short
	srcs: net:VDDIO net:net2658
	bbox = (75.4550, 1007.8950) - (75.7450, 1008.1050) on Layer Metal3
violation type: Short
	srcs: net:VDDIO net:net2658
	bbox = (99.8600, 988.7000) - (100.0600, 1007.1400) on Layer Metal3
violation type: Short
	srcs: net:VDDIO net:net2658
	bbox = (99.8600, 988.7000) - (119.0000, 988.9000) on Layer Metal3
violation type: Short
	srcs: net:VDDIO net:net2658
	bbox = (93.5000, 1006.9400) - (100.0600, 1007.1400) on Layer Metal3
violation type: Short
	srcs: inst:IO_FILL_IO_WEST_8_0 net:net2658
	bbox = (75.5000, 1007.8550) - (75.7000, 1008.1450) on Layer Metal4
violation type: Short
	srcs: inst:IO_FILL_IO_WEST_8_0 net:net2658
	bbox = (75.0800, 1007.9000) - (75.2800, 1028.7400) on Layer Metal4
violation type: Short
	srcs: inst:IO_FILL_IO_WEST_8_0 net:net2658
	bbox = (75.0800, 1007.9000) - (75.7000, 1008.1000) on Layer Metal4
violation type: Short
	srcs: inst:IO_FILL_IO_WEST_8_10 net:net2658
	bbox = (75.5000, 1007.8550) - (75.7000, 1008.1450) on Layer Metal4
violation type: Short
	srcs: inst:IO_FILL_IO_WEST_8_10 net:net2658
	bbox = (75.0800, 1007.9000) - (75.2800, 1028.7400) on Layer Metal4
violation type: Short
	srcs: inst:IO_FILL_IO_WEST_8_10 net:net2658
	bbox = (75.0800, 1007.9000) - (75.7000, 1008.1000) on Layer Metal4
violation type: Short
	srcs: inst:IO_FILL_IO_WEST_8_15 net:net2658
	bbox = (75.5000, 1007.8550) - (75.7000, 1008.1450) on Layer Metal4
violation type: Short
	srcs: inst:IO_FILL_IO_WEST_8_15 net:net2658
	bbox = (75.0800, 1007.9000) - (75.2800, 1028.7400) on Layer Metal4
violation type: Short
	srcs: inst:IO_FILL_IO_WEST_8_15 net:net2658
	bbox = (75.0800, 1007.9000) - (75.7000, 1008.1000) on Layer Metal4
violation type: Short
	srcs: inst:IO_FILL_IO_WEST_8_17 net:net2658
	bbox = (75.5000, 1007.8550) - (75.7000, 1008.1450) on Layer Metal4
violation type: Short
	srcs: inst:IO_FILL_IO_WEST_8_17 net:net2658
	bbox = (75.0800, 1007.9000) - (75.2800, 1028.7400) on Layer Metal4
violation type: Short
	srcs: inst:IO_FILL_IO_WEST_8_17 net:net2658
	bbox = (75.0800, 1007.9000) - (75.7000, 1008.1000) on Layer Metal4
violation type: Short
	srcs: inst:pad_fetch_enable_i_0_inst net:net2658
	bbox = (75.5000, 1007.8550) - (75.7000, 1008.1450) on Layer Metal4
violation type: Short
	srcs: inst:pad_fetch_enable_i_0_inst net:net2658
	bbox = (75.0800, 1007.9000) - (75.2800, 1028.7400) on Layer Metal4
violation type: Short
	srcs: inst:pad_fetch_enable_i_0_inst net:net2658
	bbox = (75.0800, 1007.9000) - (75.7000, 1008.1000) on Layer Metal4
violation type: Short
	srcs: net:VDDIO net:net2658
	bbox = (75.5000, 1007.8550) - (75.7000, 1008.1450) on Layer Metal4
violation type: Short
	srcs: net:VDDIO net:net2658
	bbox = (75.0800, 1007.9000) - (75.2800, 1028.7400) on Layer Metal4
violation type: Short
	srcs: net:VDDIO net:net2658
	bbox = (75.0800, 1007.9000) - (75.7000, 1008.1000) on Layer Metal4
violation type: Short
	srcs: inst:IO_FILL_IO_NORTH_2_0 net:net2661
	bbox = (441.6950, 1907.8950) - (441.9850, 1908.1050) on Layer Metal3
violation type: Short
	srcs: inst:IO_FILL_IO_NORTH_2_17 net:net2661
	bbox = (441.6950, 1907.8950) - (441.9850, 1908.1050) on Layer Metal3
violation type: Short
	srcs: inst:IO_FILL_IO_NORTH_2_10 net:net2661
	bbox = (441.6950, 1907.8950) - (441.9850, 1908.1050) on Layer Metal3
violation type: Short
	srcs: inst:IO_FILL_IO_NORTH_2_15 net:net2661
	bbox = (441.6950, 1907.8950) - (441.9850, 1908.1050) on Layer Metal3
violation type: Short
	srcs: inst:pad_irq_nm_i_inst net:net2661
	bbox = (441.6950, 1907.8950) - (441.9850, 1908.1050) on Layer Metal3
violation type: Short
	srcs: net:VSSIO net:net2661
	bbox = (441.7400, 1907.8950) - (441.9400, 1925.5000) on Layer Metal3
violation type: Short
	srcs: net:VSSIO net:net2661
	bbox = (441.6950, 1907.8950) - (441.9850, 1908.1050) on Layer Metal3
violation type: Short
	srcs: inst:pad_fetch_enable_i_0_inst net:net2658
	bbox = (43.5800, 1068.3800) - (43.7800, 1069.0600) on Layer Metal4
violation type: Short
	srcs: inst:pad_fetch_enable_i_0_inst net:net2658
	bbox = (9.5600, 1068.8600) - (43.7800, 1069.0600) on Layer Metal4
violation type: Short
	srcs: net:VSSIO net:net2658
	bbox = (43.5800, 1068.3800) - (43.7800, 1069.0600) on Layer Metal4
violation type: Short
	srcs: net:VSSIO net:net2658
	bbox = (43.5800, 1068.3800) - (60.0000, 1068.5800) on Layer Metal4
violation type: Short
	srcs: net:VSSIO net:net2658
	bbox = (34.5000, 1068.8600) - (43.7800, 1069.0600) on Layer Metal4
violation type: Short
	srcs: inst:IO_FILL_IO_WEST_8_15 net:net2658
	bbox = (43.5800, 1068.3800) - (43.7800, 1069.0600) on Layer Metal4
violation type: Short
	srcs: inst:IO_FILL_IO_WEST_8_15 net:net2658
	bbox = (9.5600, 1068.8600) - (43.7800, 1069.0600) on Layer Metal4
violation type: Short
	srcs: inst:IO_FILL_IO_WEST_8_17 net:net2658
	bbox = (43.5800, 1068.3800) - (43.7800, 1069.0600) on Layer Metal4
violation type: Short
	srcs: inst:IO_FILL_IO_WEST_8_17 net:net2658
	bbox = (9.5600, 1068.8600) - (43.7800, 1069.0600) on Layer Metal4
violation type: Short
	srcs: inst:pad_irq_nm_i_inst net:net2661
	bbox = (442.5800, 1864.7000) - (442.7800, 1900.9000) on Layer Metal4
violation type: Short
	srcs: inst:pad_irq_nm_i_inst net:net2661
	bbox = (438.3800, 1864.7000) - (442.7800, 1864.9000) on Layer Metal4
violation type: Short
	srcs: inst:pad_irq_nm_i_inst net:net2661
	bbox = (441.7400, 1900.7000) - (441.9400, 1908.1000) on Layer Metal4
violation type: Short
	srcs: inst:pad_irq_nm_i_inst net:net2661
	bbox = (441.7400, 1900.7000) - (442.7800, 1900.9000) on Layer Metal4
violation type: Short
	srcs: net:VDDIO net:net2661
	bbox = (442.5800, 1864.7000) - (442.7800, 1866.5000) on Layer Metal4
violation type: Short
	srcs: net:VDDIO net:net2661
	bbox = (438.3800, 1864.7000) - (442.7800, 1864.9000) on Layer Metal4
violation type: Short
	srcs: net:VDDIO net:net2661
	bbox = (442.5800, 1868.5000) - (442.7800, 1894.0000) on Layer Metal4
violation type: Short
	srcs: inst:IO_FILL_IO_NORTH_2_17 net:net2661
	bbox = (442.5800, 1864.7000) - (442.7800, 1900.9000) on Layer Metal4
violation type: Short
	srcs: inst:IO_FILL_IO_NORTH_2_17 net:net2661
	bbox = (438.3800, 1864.7000) - (442.7800, 1864.9000) on Layer Metal4
violation type: Short
	srcs: inst:IO_FILL_IO_NORTH_2_17 net:net2661
	bbox = (441.7400, 1900.7000) - (441.9400, 1908.1000) on Layer Metal4
violation type: Short
	srcs: inst:IO_FILL_IO_NORTH_2_17 net:net2661
	bbox = (441.7400, 1900.7000) - (442.7800, 1900.9000) on Layer Metal4
violation type: Short
	srcs: inst:IO_FILL_IO_NORTH_2_0 net:net2661
	bbox = (442.5800, 1864.7000) - (442.7800, 1900.9000) on Layer Metal4
violation type: Short
	srcs: inst:IO_FILL_IO_NORTH_2_0 net:net2661
	bbox = (438.3800, 1864.7000) - (442.7800, 1864.9000) on Layer Metal4
violation type: Short
	srcs: inst:IO_FILL_IO_NORTH_2_0 net:net2661
	bbox = (441.7400, 1900.7000) - (441.9400, 1908.1000) on Layer Metal4
violation type: Short
	srcs: inst:IO_FILL_IO_NORTH_2_0 net:net2661
	bbox = (441.7400, 1900.7000) - (442.7800, 1900.9000) on Layer Metal4
violation type: Short
	srcs: inst:IO_FILL_IO_NORTH_2_10 net:net2661
	bbox = (442.5800, 1864.7000) - (442.7800, 1900.9000) on Layer Metal4
violation type: Short
	srcs: inst:IO_FILL_IO_NORTH_2_10 net:net2661
	bbox = (438.3800, 1864.7000) - (442.7800, 1864.9000) on Layer Metal4
violation type: Short
	srcs: inst:IO_FILL_IO_NORTH_2_10 net:net2661
	bbox = (441.7400, 1900.7000) - (441.9400, 1908.1000) on Layer Metal4
violation type: Short
	srcs: inst:IO_FILL_IO_NORTH_2_10 net:net2661
	bbox = (441.7400, 1900.7000) - (442.7800, 1900.9000) on Layer Metal4
violation type: Short
	srcs: inst:IO_FILL_IO_NORTH_2_15 net:net2661
	bbox = (442.5800, 1864.7000) - (442.7800, 1900.9000) on Layer Metal4
violation type: Short
	srcs: inst:IO_FILL_IO_NORTH_2_15 net:net2661
	bbox = (438.3800, 1864.7000) - (442.7800, 1864.9000) on Layer Metal4
violation type: Short
	srcs: inst:IO_FILL_IO_NORTH_2_15 net:net2661
	bbox = (441.7400, 1900.7000) - (441.9400, 1908.1000) on Layer Metal4
violation type: Short
	srcs: inst:IO_FILL_IO_NORTH_2_15 net:net2661
	bbox = (441.7400, 1900.7000) - (442.7800, 1900.9000) on Layer Metal4
violation type: Short
	srcs: net:VSSIO net:net2661
	bbox = (442.5800, 1900.0000) - (442.7800, 1900.9000) on Layer Metal4
violation type: Short
	srcs: net:VSSIO net:net2661
	bbox = (441.7400, 1900.7000) - (441.9400, 1908.1000) on Layer Metal4
violation type: Short
	srcs: net:VSSIO net:net2661
	bbox = (441.7400, 1900.7000) - (442.7800, 1900.9000) on Layer Metal4
violation type: Short
	srcs: inst:IO_FILL_IO_WEST_8_0 net:net2658
	bbox = (99.8600, 988.7000) - (140.3800, 988.9000) on Layer Metal3
violation type: Short
	srcs: inst:IO_FILL_IO_WEST_8_0 net:net2664
	bbox = (129.5000, 1024.7000) - (129.7000, 1026.8200) on Layer Metal3
violation type: Short
	srcs: inst:IO_FILL_IO_WEST_8_0 net:net2664
	bbox = (100.7000, 1026.6200) - (129.7000, 1026.8200) on Layer Metal3
violation type: Short
	srcs: inst:IO_FILL_IO_WEST_8_10 net:net2658
	bbox = (99.8600, 988.7000) - (140.3800, 988.9000) on Layer Metal3
violation type: Short
	srcs: inst:IO_FILL_IO_WEST_8_10 net:net2664
	bbox = (129.5000, 1024.7000) - (129.7000, 1026.8200) on Layer Metal3
violation type: Short
	srcs: inst:IO_FILL_IO_WEST_8_10 net:net2664
	bbox = (100.7000, 1026.6200) - (129.7000, 1026.8200) on Layer Metal3
violation type: Short
	srcs: inst:IO_FILL_IO_WEST_8_15 net:net2664
	bbox = (129.5000, 1024.7000) - (129.7000, 1026.8200) on Layer Metal3
violation type: Short
	srcs: inst:IO_FILL_IO_WEST_8_15 net:net2664
	bbox = (100.7000, 1026.6200) - (129.7000, 1026.8200) on Layer Metal3
violation type: Short
	srcs: inst:IO_FILL_IO_WEST_8_17 net:net2664
	bbox = (129.5000, 1024.7000) - (129.7000, 1026.8200) on Layer Metal3
violation type: Short
	srcs: inst:IO_FILL_IO_WEST_8_17 net:net2664
	bbox = (100.7000, 1026.6200) - (129.7000, 1026.8200) on Layer Metal3
violation type: Short
	srcs: inst:pad_fetch_enable_i_0_inst net:net2664
	bbox = (129.5000, 1024.7000) - (129.7000, 1026.8200) on Layer Metal3
violation type: Short
	srcs: inst:pad_fetch_enable_i_0_inst net:net2664
	bbox = (100.7000, 1026.6200) - (129.7000, 1026.8200) on Layer Metal3
violation type: Short
	srcs: net:VSSIO net:net2658
	bbox = (126.0000, 988.7000) - (134.0000, 988.9000) on Layer Metal3
violation type: Short
	srcs: net:VSSIO net:net2664
	bbox = (129.5000, 1024.7000) - (129.7000, 1026.8200) on Layer Metal3
violation type: Short
	srcs: net:VSSIO net:net2664
	bbox = (129.5000, 1024.7000) - (134.0000, 1024.9000) on Layer Metal3
violation type: Short
	srcs: net:VSSIO net:net2664
	bbox = (126.0000, 1026.6200) - (129.7000, 1026.8200) on Layer Metal3
violation type: Short
	srcs: net:VSS net:net2658
	bbox = (140.0000, 988.7000) - (140.3800, 988.9000) on Layer Metal3
violation type: Short
	srcs: net:VSS net:net2664
	bbox = (140.0000, 1024.7000) - (158.0000, 1024.9000) on Layer Metal3
violation type: Short
	srcs: inst:IO_FILL_IO_WEST_8_0 net:net2658
	bbox = (140.1800, 982.9400) - (140.3800, 988.9000) on Layer Metal3
violation type: Short
	srcs: inst:IO_FILL_IO_WEST_8_10 net:net2658
	bbox = (140.1800, 986.0000) - (140.3800, 988.9000) on Layer Metal3
violation type: Short
	srcs: net:VSS net:net2658
	bbox = (140.1800, 982.9400) - (140.3800, 988.9000) on Layer Metal3
violation type: Short
	srcs: net:VSS net:net2658
	bbox = (140.1800, 982.9400) - (158.0000, 983.1400) on Layer Metal3
violation type: Short
	srcs: net:VSSIO net:net2664
	bbox = (7.0000, 1025.6600) - (32.5000, 1025.8600) on Layer Metal3
violation type: Short
	srcs: inst:IO_FILL_IO_WEST_8_0 net:net2658
	bbox = (140.1800, 982.9400) - (178.0000, 983.1400) on Layer Metal3
violation type: Short
	srcs: inst:IO_FILL_IO_WEST_8_0 net:net2664
	bbox = (129.5000, 1024.7000) - (178.0000, 1024.9000) on Layer Metal3
violation type: Short
	srcs: net:VDD net:net2658
	bbox = (160.0000, 982.9400) - (178.0000, 983.1400) on Layer Metal3
violation type: Short
	srcs: net:VDD net:net2664
	bbox = (160.0000, 1024.7000) - (178.0000, 1024.9000) on Layer Metal3
violation type: Short
	srcs: inst:IO_FILL_IO_WEST_8_10 net:net2664
	bbox = (129.5000, 1024.7000) - (178.0000, 1024.9000) on Layer Metal3
violation type: Short
	srcs: inst:IO_FILL_IO_WEST_8_15 net:net2664
	bbox = (129.5000, 1024.7000) - (178.0000, 1024.9000) on Layer Metal3
violation type: Short
	srcs: inst:IO_FILL_IO_WEST_8_17 net:net2664
	bbox = (129.5000, 1024.7000) - (178.0000, 1024.9000) on Layer Metal3
violation type: Short
	srcs: inst:pad_fetch_enable_i_0_inst net:net2664
	bbox = (129.5000, 1024.7000) - (178.0000, 1024.9000) on Layer Metal3
violation type: Short
	srcs: inst:pad_fetch_enable_i_0_inst net:net2658
	bbox = (74.6600, 1028.5400) - (74.8600, 1029.7000) on Layer Metal4
violation type: Short
	srcs: inst:pad_fetch_enable_i_0_inst net:net2658
	bbox = (71.9000, 1029.5000) - (72.1000, 1068.5800) on Layer Metal4
violation type: Short
	srcs: inst:pad_fetch_enable_i_0_inst net:net2658
	bbox = (71.9000, 1029.5000) - (74.8600, 1029.7000) on Layer Metal4
violation type: Short
	srcs: inst:pad_fetch_enable_i_0_inst net:net2658
	bbox = (43.5800, 1068.3800) - (72.1000, 1068.5800) on Layer Metal4
violation type: Short
	srcs: net:VDDIO net:net2658
	bbox = (74.6600, 1028.5400) - (74.8600, 1029.7000) on Layer Metal4
violation type: Short
	srcs: net:VDDIO net:net2658
	bbox = (71.9000, 1029.5000) - (72.1000, 1068.5800) on Layer Metal4
violation type: Short
	srcs: net:VDDIO net:net2658
	bbox = (71.9000, 1029.5000) - (74.8600, 1029.7000) on Layer Metal4
violation type: Short
	srcs: net:VDDIO net:net2658
	bbox = (66.0000, 1068.3800) - (72.1000, 1068.5800) on Layer Metal4
violation type: Short
	srcs: inst:IO_FILL_IO_WEST_8_0 net:net2658
	bbox = (74.6600, 1028.5400) - (74.8600, 1029.7000) on Layer Metal4
violation type: Short
	srcs: inst:IO_FILL_IO_WEST_8_0 net:net2658
	bbox = (71.9000, 1029.5000) - (72.1000, 1056.0000) on Layer Metal4
violation type: Short
	srcs: inst:IO_FILL_IO_WEST_8_0 net:net2658
	bbox = (71.9000, 1029.5000) - (74.8600, 1029.7000) on Layer Metal4
violation type: Short
	srcs: inst:IO_FILL_IO_WEST_8_10 net:net2658
	bbox = (74.6600, 1028.5400) - (74.8600, 1029.7000) on Layer Metal4
violation type: Short
	srcs: inst:IO_FILL_IO_WEST_8_10 net:net2658
	bbox = (71.9000, 1029.5000) - (72.1000, 1066.0000) on Layer Metal4
violation type: Short
	srcs: inst:IO_FILL_IO_WEST_8_10 net:net2658
	bbox = (71.9000, 1029.5000) - (74.8600, 1029.7000) on Layer Metal4
violation type: Short
	srcs: inst:IO_FILL_IO_WEST_8_15 net:net2658
	bbox = (74.6600, 1028.5400) - (74.8600, 1029.7000) on Layer Metal4
violation type: Short
	srcs: inst:IO_FILL_IO_WEST_8_15 net:net2658
	bbox = (71.9000, 1029.5000) - (72.1000, 1068.5800) on Layer Metal4
violation type: Short
	srcs: inst:IO_FILL_IO_WEST_8_15 net:net2658
	bbox = (71.9000, 1029.5000) - (74.8600, 1029.7000) on Layer Metal4
violation type: Short
	srcs: inst:IO_FILL_IO_WEST_8_15 net:net2658
	bbox = (43.5800, 1068.3800) - (72.1000, 1068.5800) on Layer Metal4
violation type: Short
	srcs: inst:IO_FILL_IO_WEST_8_17 net:net2658
	bbox = (74.6600, 1028.5400) - (74.8600, 1029.7000) on Layer Metal4
violation type: Short
	srcs: inst:IO_FILL_IO_WEST_8_17 net:net2658
	bbox = (71.9000, 1029.5000) - (72.1000, 1068.5800) on Layer Metal4
violation type: Short
	srcs: inst:IO_FILL_IO_WEST_8_17 net:net2658
	bbox = (71.9000, 1029.5000) - (74.8600, 1029.7000) on Layer Metal4
violation type: Short
	srcs: inst:IO_FILL_IO_WEST_8_17 net:net2658
	bbox = (43.5800, 1068.3800) - (72.1000, 1068.5800) on Layer Metal4
violation type: Short
	srcs: inst:pad_irq_nm_i_inst net:net2661
	bbox = (437.1200, 1782.0000) - (437.3200, 1803.9400) on Layer Metal3
violation type: Short
	srcs: net:VDD net:net2661
	bbox = (437.1200, 1782.0000) - (437.3200, 1800.0000) on Layer Metal3
violation type: Short
	srcs: inst:IO_FILL_IO_NORTH_2_15 net:net2661
	bbox = (437.1200, 1782.0000) - (437.3200, 1803.9400) on Layer Metal3
violation type: Short
	srcs: inst:IO_FILL_IO_NORTH_2_10 net:net2661
	bbox = (437.1200, 1782.0000) - (437.3200, 1803.9400) on Layer Metal3
violation type: Short
	srcs: inst:IO_FILL_IO_NORTH_2_0 net:net2661
	bbox = (437.1200, 1782.0000) - (437.3200, 1803.9400) on Layer Metal3
violation type: Short
	srcs: inst:IO_FILL_IO_NORTH_2_17 net:net2661
	bbox = (437.1200, 1782.0000) - (437.3200, 1803.9400) on Layer Metal3
violation type: Short
	srcs: net:VSSIO net:net2661
	bbox = (441.7400, 1927.5000) - (441.9400, 1953.0000) on Layer Metal3
