
==========================================================================
04_fir_chip.cts check_setup
--------------------------------------------------------------------------
0

==========================================================================
04_fir_chip.cts report_tns
--------------------------------------------------------------------------
tns max 0.00

==========================================================================
04_fir_chip.cts report_wns
--------------------------------------------------------------------------
wns max 0.00

==========================================================================
04_fir_chip.cts report_worst_slack
--------------------------------------------------------------------------
worst slack max 2.01

==========================================================================
04_fir_chip.cts report_checks -path_delay min
--------------------------------------------------------------------------
[WARNING STA-0168] unknown field nets.
Startpoint: i_fir.i4.q_3__reg
            (rising edge-triggered flip-flop clocked by clk_sys)
Endpoint: i_fir.i5.q_3__reg (rising edge-triggered flip-flop clocked by clk_sys)
Path Group: clk_sys
Path Type: min
Corner: ff

Fanout     Cap    Slew   Delay    Time   Description
-----------------------------------------------------------------------------
                          0.00    0.00   clock clk_sys (rise edge)
                          0.00    0.00   clock source latency
     2    0.20    0.00    0.00    0.00 ^ clk (in)
                  0.00    0.00    0.00 ^ pad_clk/pad (sg13g2_IOPadIn)
     1    0.10    0.12    0.08    0.08 ^ pad_clk/p2c (sg13g2_IOPadIn)
                  0.11    0.03    0.11 ^ clkbuf_0_chip_clk/A (sg13g2_buf_8)
     4    0.05    0.03    0.08    0.19 ^ clkbuf_0_chip_clk/X (sg13g2_buf_8)
                  0.03    0.00    0.19 ^ clkbuf_2_0__f_chip_clk/A (sg13g2_buf_8)
     6    0.03    0.02    0.05    0.24 ^ clkbuf_2_0__f_chip_clk/X (sg13g2_buf_8)
                  0.02    0.00    0.24 ^ i_fir.i4.q_3__reg/CLK (sg13g2_dfrbpq_1)
     2    0.01    0.03    0.12    0.37 v i_fir.i4.q_3__reg/Q (sg13g2_dfrbpq_1)
                  0.03    0.00    0.37 v i_fir.i5.q_3__reg/D (sg13g2_dfrbpq_2)
                                  0.37   data arrival time

                          0.00    0.00   clock clk_sys (rise edge)
                          0.00    0.00   clock source latency
     2    0.24    0.00    0.00    0.00 ^ clk (in)
                  0.00    0.00    0.00 ^ pad_clk/pad (sg13g2_IOPadIn)
     1    0.10    0.12    0.08    0.08 ^ pad_clk/p2c (sg13g2_IOPadIn)
                  0.11    0.03    0.11 ^ clkbuf_0_chip_clk/A (sg13g2_buf_8)
     4    0.05    0.03    0.08    0.19 ^ clkbuf_0_chip_clk/X (sg13g2_buf_8)
                  0.03    0.00    0.19 ^ clkbuf_2_2__f_chip_clk/A (sg13g2_buf_8)
     6    0.03    0.02    0.05    0.24 ^ clkbuf_2_2__f_chip_clk/X (sg13g2_buf_8)
                  0.02    0.00    0.24 ^ i_fir.i5.q_3__reg/CLK (sg13g2_dfrbpq_2)
                          0.10    0.34   clock uncertainty
                          0.00    0.34   clock reconvergence pessimism
                         -0.02    0.32   library hold time
                                  0.32   data required time
-----------------------------------------------------------------------------
                                  0.32   data required time
                                 -0.37   data arrival time
-----------------------------------------------------------------------------
                                  0.05   slack (MET)



==========================================================================
04_fir_chip.cts report_checks -path_delay max
--------------------------------------------------------------------------
[WARNING STA-0168] unknown field nets.
Startpoint: i_fir.i1.q_3__reg
            (rising edge-triggered flip-flop clocked by clk_sys)
Endpoint: out_8_ (output port clocked by clk_sys)
Path Group: clk_sys
Path Type: max
Corner: tt

Fanout     Cap    Slew   Delay    Time   Description
-----------------------------------------------------------------------------
                          0.00    0.00   clock clk_sys (rise edge)
                          0.00    0.00   clock source latency
     2    0.24    0.00    0.00    0.00 ^ clk (in)
                  0.00    0.00    0.00 ^ pad_clk/pad (sg13g2_IOPadIn)
     1    0.10    0.18    0.13    0.13 ^ pad_clk/p2c (sg13g2_IOPadIn)
                  0.15    0.03    0.16 ^ clkbuf_0_chip_clk/A (sg13g2_buf_8)
     4    0.04    0.04    0.13    0.28 ^ clkbuf_0_chip_clk/X (sg13g2_buf_8)
                  0.04    0.00    0.28 ^ clkbuf_2_0__f_chip_clk/A (sg13g2_buf_8)
     6    0.02    0.03    0.07    0.36 ^ clkbuf_2_0__f_chip_clk/X (sg13g2_buf_8)
                  0.03    0.00    0.36 ^ i_fir.i1.q_3__reg/CLK (sg13g2_dfrbpq_2)
     4    0.02    0.05    0.19    0.55 ^ i_fir.i1.q_3__reg/Q (sg13g2_dfrbpq_2)
                  0.05    0.00    0.55 ^ _138_/A (sg13g2_xor2_1)
     5    0.02    0.18    0.20    0.75 ^ _138_/X (sg13g2_xor2_1)
                  0.18    0.00    0.75 ^ _162_/A2 (sg13g2_a21oi_1)
     1    0.00    0.06    0.11    0.86 v _162_/Y (sg13g2_a21oi_1)
                  0.06    0.00    0.86 v _165_/A1 (sg13g2_o21ai_1)
     1    0.00    0.07    0.10    0.96 ^ _165_/Y (sg13g2_o21ai_1)
                  0.07    0.00    0.96 ^ _170_/A (sg13g2_nand4_1)
     7    0.03    0.35    0.31    1.27 v _170_/Y (sg13g2_nand4_1)
                  0.35    0.00    1.27 v _206_/A2 (sg13g2_a21o_1)
     1    0.01    0.04    0.20    1.47 v _206_/X (sg13g2_a21o_1)
                  0.04    0.00    1.47 v _207_/B1 (sg13g2_o21ai_1)
     1    0.01    0.15    0.06    1.53 ^ _207_/Y (sg13g2_o21ai_1)
                  0.15    0.00    1.53 ^ _214_/A1 (sg13g2_a21oi_2)
     5    0.02    0.09    0.13    1.66 v _214_/Y (sg13g2_a21oi_2)
                  0.09    0.00    1.66 v _235_/A1 (sg13g2_o21ai_1)
     1    0.01    0.09    0.13    1.78 ^ _235_/Y (sg13g2_o21ai_1)
                  0.09    0.00    1.78 ^ _236_/B1 (sg13g2_a21oi_1)
     1    0.01    0.06    0.06    1.84 v _236_/Y (sg13g2_a21oi_1)
                  0.06    0.00    1.84 v _237_/A2 (sg13g2_o21ai_1)
     1    0.05    0.48    0.39    2.24 ^ _237_/Y (sg13g2_o21ai_1)
                  0.48    0.01    2.24 ^ place65/A (sg13g2_buf_1)
     1    0.07    0.30    0.35    2.59 ^ place65/X (sg13g2_buf_1)
                  0.40    0.01    2.60 ^ pad_out8/c2p (sg13g2_IOPadOut16mA)
     2   15.00    3.55    3.28    5.89 ^ pad_out8/pad (sg13g2_IOPadOut16mA)
                  2.66    0.00    5.89 ^ out_8_ (out)
                                  5.89   data arrival time

                         10.00   10.00   clock clk_sys (rise edge)
                          0.00   10.00   clock network delay (propagated)
                         -0.10    9.90   clock uncertainty
                          0.00    9.90   clock reconvergence pessimism
                         -2.00    7.90   output external delay
                                  7.90   data required time
-----------------------------------------------------------------------------
                                  7.90   data required time
                                 -5.89   data arrival time
-----------------------------------------------------------------------------
                                  2.01   slack (MET)



==========================================================================
04_fir_chip.cts report_checks -unconstrained
--------------------------------------------------------------------------
[WARNING STA-0168] unknown field nets.
Startpoint: i_fir.i1.q_3__reg
            (rising edge-triggered flip-flop clocked by clk_sys)
Endpoint: out_8_ (output port clocked by clk_sys)
Path Group: clk_sys
Path Type: max
Corner: tt

Fanout     Cap    Slew   Delay    Time   Description
-----------------------------------------------------------------------------
                          0.00    0.00   clock clk_sys (rise edge)
                          0.00    0.00   clock source latency
     2    0.24    0.00    0.00    0.00 ^ clk (in)
                  0.00    0.00    0.00 ^ pad_clk/pad (sg13g2_IOPadIn)
     1    0.10    0.18    0.13    0.13 ^ pad_clk/p2c (sg13g2_IOPadIn)
                  0.15    0.03    0.16 ^ clkbuf_0_chip_clk/A (sg13g2_buf_8)
     4    0.04    0.04    0.13    0.28 ^ clkbuf_0_chip_clk/X (sg13g2_buf_8)
                  0.04    0.00    0.28 ^ clkbuf_2_0__f_chip_clk/A (sg13g2_buf_8)
     6    0.02    0.03    0.07    0.36 ^ clkbuf_2_0__f_chip_clk/X (sg13g2_buf_8)
                  0.03    0.00    0.36 ^ i_fir.i1.q_3__reg/CLK (sg13g2_dfrbpq_2)
     4    0.02    0.05    0.19    0.55 ^ i_fir.i1.q_3__reg/Q (sg13g2_dfrbpq_2)
                  0.05    0.00    0.55 ^ _138_/A (sg13g2_xor2_1)
     5    0.02    0.18    0.20    0.75 ^ _138_/X (sg13g2_xor2_1)
                  0.18    0.00    0.75 ^ _162_/A2 (sg13g2_a21oi_1)
     1    0.00    0.06    0.11    0.86 v _162_/Y (sg13g2_a21oi_1)
                  0.06    0.00    0.86 v _165_/A1 (sg13g2_o21ai_1)
     1    0.00    0.07    0.10    0.96 ^ _165_/Y (sg13g2_o21ai_1)
                  0.07    0.00    0.96 ^ _170_/A (sg13g2_nand4_1)
     7    0.03    0.35    0.31    1.27 v _170_/Y (sg13g2_nand4_1)
                  0.35    0.00    1.27 v _206_/A2 (sg13g2_a21o_1)
     1    0.01    0.04    0.20    1.47 v _206_/X (sg13g2_a21o_1)
                  0.04    0.00    1.47 v _207_/B1 (sg13g2_o21ai_1)
     1    0.01    0.15    0.06    1.53 ^ _207_/Y (sg13g2_o21ai_1)
                  0.15    0.00    1.53 ^ _214_/A1 (sg13g2_a21oi_2)
     5    0.02    0.09    0.13    1.66 v _214_/Y (sg13g2_a21oi_2)
                  0.09    0.00    1.66 v _235_/A1 (sg13g2_o21ai_1)
     1    0.01    0.09    0.13    1.78 ^ _235_/Y (sg13g2_o21ai_1)
                  0.09    0.00    1.78 ^ _236_/B1 (sg13g2_a21oi_1)
     1    0.01    0.06    0.06    1.84 v _236_/Y (sg13g2_a21oi_1)
                  0.06    0.00    1.84 v _237_/A2 (sg13g2_o21ai_1)
     1    0.05    0.48    0.39    2.24 ^ _237_/Y (sg13g2_o21ai_1)
                  0.48    0.01    2.24 ^ place65/A (sg13g2_buf_1)
     1    0.07    0.30    0.35    2.59 ^ place65/X (sg13g2_buf_1)
                  0.40    0.01    2.60 ^ pad_out8/c2p (sg13g2_IOPadOut16mA)
     2   15.00    3.55    3.28    5.89 ^ pad_out8/pad (sg13g2_IOPadOut16mA)
                  2.66    0.00    5.89 ^ out_8_ (out)
                                  5.89   data arrival time

                         10.00   10.00   clock clk_sys (rise edge)
                          0.00   10.00   clock network delay (propagated)
                         -0.10    9.90   clock uncertainty
                          0.00    9.90   clock reconvergence pessimism
                         -2.00    7.90   output external delay
                                  7.90   data required time
-----------------------------------------------------------------------------
                                  7.90   data required time
                                 -5.89   data arrival time
-----------------------------------------------------------------------------
                                  2.01   slack (MET)



==========================================================================
04_fir_chip.cts report_check_types -max_slew -max_cap -max_fanout -violators
--------------------------------------------------------------------------

==========================================================================
04_fir_chip.cts max_slew_check_slack
--------------------------------------------------------------------------
-2.549528121948242

==========================================================================
04_fir_chip.cts max_slew_check_limit
--------------------------------------------------------------------------
1.0

==========================================================================
04_fir_chip.cts max_slew_check_slack_limit
--------------------------------------------------------------------------
-2.5495

==========================================================================
04_fir_chip.cts max_fanout_check_slack
--------------------------------------------------------------------------
0.0

==========================================================================
04_fir_chip.cts max_fanout_check_limit
--------------------------------------------------------------------------
8.0

==========================================================================
04_fir_chip.cts max_fanout_check_slack_limit
--------------------------------------------------------------------------
0.0000

==========================================================================
04_fir_chip.cts max_capacitance_check_slack
--------------------------------------------------------------------------
-14.499999046325684

==========================================================================
04_fir_chip.cts max_capacitance_check_limit
--------------------------------------------------------------------------
0.5

==========================================================================
04_fir_chip.cts max_capacitance_check_slack_limit
--------------------------------------------------------------------------
-29.0000

==========================================================================
04_fir_chip.cts max_slew_violation_count
--------------------------------------------------------------------------
max slew violation count 27

==========================================================================
04_fir_chip.cts max_fanout_violation_count
--------------------------------------------------------------------------
max fanout violation count 0

==========================================================================
04_fir_chip.cts max_cap_violation_count
--------------------------------------------------------------------------
max cap violation count 9

==========================================================================
04_fir_chip.cts setup_violation_count
--------------------------------------------------------------------------
setup violation count 0

==========================================================================
04_fir_chip.cts hold_violation_count
--------------------------------------------------------------------------
hold violation count 0

==========================================================================
04_fir_chip.cts critical path delay
--------------------------------------------------------------------------
5.8874

==========================================================================
04_fir_chip.cts critical path slack
--------------------------------------------------------------------------
2.0126

==========================================================================
04_fir_chip.cts slack div critical path delay
--------------------------------------------------------------------------
34.184869

==========================================================================
04_fir_chip.cts report_power tt
--------------------------------------------------------------------------
Group                  Internal  Switching    Leakage      Total
                          Power      Power      Power      Power (Watts)
----------------------------------------------------------------
Sequential             1.11e-04   2.84e-06   1.13e-08   1.14e-04   0.2%
Combinational          1.49e-05   2.66e-05   1.87e-08   4.16e-05   0.1%
Clock                  4.03e-05   1.86e-05   3.83e-09   5.90e-05   0.1%
Macro                  0.00e+00   0.00e+00   0.00e+00   0.00e+00   0.0%
Pad                    4.02e-03   4.79e-02   3.39e-08   5.19e-02  99.6%
----------------------------------------------------------------
Total                  4.18e-03   4.79e-02   6.77e-08   5.21e-02 100.0%
                           8.0%      92.0%       0.0%

==========================================================================
04_fir_chip.cts report_design_area
--------------------------------------------------------------------------

==========================================================================
04_fir_chip.cts area by hierarchy
--------------------------------------------------------------------------

--------------------------------------------------------------------------------
Design Area Summary
--------------------------------------------------------------------------------
Die Area:              3097600.0 um2
Core Area:             1764086.688 um2
Total Area:            1365645.3952 um2
Total Active Area:     2645.3952 um2

Core Utilization:      0.0014995834490419326
Std Cell Utilization:  0.0014995834490419326

--------------------------------------------------------------------------------
Hierarchical Area Report
--------------------------------------------------------------------------------
                                                                                Global Area (um^2)                                                              Global Instances                                                                Local Area (um^2)                                                               Local Instances
                                                                                ------------------------------------------------------------------------------- ------------------------------------------------------------------------------- ------------------------------------------------------------------------------- ----------------------------------------------------------------------------
Hierarchy Name                                                                  Total           StdCell         Macro           Cover           Pad             Total           StdCell         Macro           Cover           Pad             Total           StdCell         Macro           Cover           Pad             Total           StdCell         Macro           Cover           Pad             
-----------------------------------------------------------------------------------------------------------------------------------------------------------------------------------------------------------------------------------------------------------------------------------------------------------------------------------------------------------------------------------------------------------
<top>                                                                           1365645.395     2645.395        0.000           225400.000      1137600.000     488             192             0               46              250             1365645.395     2645.395        0.000           225400.000      1137600.000     488             192             0               46              250             
