
==========================================================================
07_fir_chip.final check_setup
--------------------------------------------------------------------------
0

==========================================================================
07_fir_chip.final report_tns
--------------------------------------------------------------------------
tns max 0.00

==========================================================================
07_fir_chip.final report_wns
--------------------------------------------------------------------------
wns max 0.00

==========================================================================
07_fir_chip.final report_worst_slack
--------------------------------------------------------------------------
worst slack max 1.88

==========================================================================
07_fir_chip.final report_checks -path_delay min
--------------------------------------------------------------------------
[WARNING STA-0168] unknown field nets.
Startpoint: i_fir.i2.q_1__reg
            (rising edge-triggered flip-flop clocked by clk_sys)
Endpoint: i_fir.i3.q_1__reg (rising edge-triggered flip-flop clocked by clk_sys)
Path Group: clk_sys
Path Type: min
Corner: ff

Fanout     Cap    Slew   Delay    Time   Description
-----------------------------------------------------------------------------
                          0.00    0.00   clock clk_sys (rise edge)
                          0.00    0.00   clock source latency
     2    0.20    0.00    0.00    0.00 ^ clk (in)
                  0.00    0.00    0.00 ^ pad_clk/pad (sg13g2_IOPadIn)
     1    0.10    0.13    0.08    0.08 ^ pad_clk/p2c (sg13g2_IOPadIn)
                  0.11    0.03    0.11 ^ clkbuf_0_chip_clk/A (sg13g2_buf_8)
     4    0.05    0.03    0.08    0.19 ^ clkbuf_0_chip_clk/X (sg13g2_buf_8)
                  0.03    0.00    0.19 ^ clkbuf_2_3__f_chip_clk/A (sg13g2_buf_8)
     5    0.02    0.02    0.05    0.24 ^ clkbuf_2_3__f_chip_clk/X (sg13g2_buf_8)
                  0.02    0.00    0.24 ^ i_fir.i2.q_1__reg/CLK (sg13g2_dfrbpq_2)
     4    0.02    0.03    0.13    0.37 v i_fir.i2.q_1__reg/Q (sg13g2_dfrbpq_2)
                  0.03    0.00    0.37 v i_fir.i3.q_1__reg/D (sg13g2_dfrbpq_2)
                                  0.37   data arrival time

                          0.00    0.00   clock clk_sys (rise edge)
                          0.00    0.00   clock source latency
     2    0.24    0.00    0.00    0.00 ^ clk (in)
                  0.00    0.00    0.00 ^ pad_clk/pad (sg13g2_IOPadIn)
     1    0.10    0.13    0.08    0.08 ^ pad_clk/p2c (sg13g2_IOPadIn)
                  0.11    0.03    0.11 ^ clkbuf_0_chip_clk/A (sg13g2_buf_8)
     4    0.05    0.03    0.08    0.19 ^ clkbuf_0_chip_clk/X (sg13g2_buf_8)
                  0.03    0.00    0.19 ^ clkbuf_2_3__f_chip_clk/A (sg13g2_buf_8)
     5    0.02    0.02    0.05    0.24 ^ clkbuf_2_3__f_chip_clk/X (sg13g2_buf_8)
                  0.02    0.00    0.24 ^ i_fir.i3.q_1__reg/CLK (sg13g2_dfrbpq_2)
                          0.10    0.34   clock uncertainty
                          0.00    0.34   clock reconvergence pessimism
                         -0.02    0.32   library hold time
                                  0.32   data required time
-----------------------------------------------------------------------------
                                  0.32   data required time
                                 -0.37   data arrival time
-----------------------------------------------------------------------------
                                  0.05   slack (MET)



==========================================================================
07_fir_chip.final report_checks -path_delay max
--------------------------------------------------------------------------
[WARNING STA-0168] unknown field nets.
Startpoint: i_fir.i1.q_3__reg
            (rising edge-triggered flip-flop clocked by clk_sys)
Endpoint: out_8_ (output port clocked by clk_sys)
Path Group: clk_sys
Path Type: max
Corner: tt

Fanout     Cap    Slew   Delay    Time   Description
-----------------------------------------------------------------------------
                          0.00    0.00   clock clk_sys (rise edge)
                          0.00    0.00   clock source latency
     2    0.24    0.00    0.00    0.00 ^ clk (in)
                  0.00    0.00    0.00 ^ pad_clk/pad (sg13g2_IOPadIn)
     1    0.10    0.18    0.13    0.13 ^ pad_clk/p2c (sg13g2_IOPadIn)
                  0.15    0.03    0.16 ^ clkbuf_0_chip_clk/A (sg13g2_buf_8)
     4    0.05    0.04    0.13    0.28 ^ clkbuf_0_chip_clk/X (sg13g2_buf_8)
                  0.04    0.00    0.29 ^ clkbuf_2_0__f_chip_clk/A (sg13g2_buf_8)
     6    0.03    0.03    0.08    0.36 ^ clkbuf_2_0__f_chip_clk/X (sg13g2_buf_8)
                  0.03    0.00    0.37 ^ i_fir.i1.q_3__reg/CLK (sg13g2_dfrbpq_2)
     4    0.02    0.05    0.20    0.56 ^ i_fir.i1.q_3__reg/Q (sg13g2_dfrbpq_2)
                  0.05    0.00    0.56 ^ _138_/A (sg13g2_xor2_1)
     5    0.02    0.20    0.21    0.77 ^ _138_/X (sg13g2_xor2_1)
                  0.20    0.00    0.77 ^ _162_/A2 (sg13g2_a21oi_1)
     1    0.00    0.07    0.12    0.89 v _162_/Y (sg13g2_a21oi_1)
                  0.07    0.00    0.89 v _165_/A1 (sg13g2_o21ai_1)
     1    0.00    0.08    0.11    0.99 ^ _165_/Y (sg13g2_o21ai_1)
                  0.08    0.00    0.99 ^ _170_/A (sg13g2_nand4_1)
     7    0.03    0.39    0.34    1.34 v _170_/Y (sg13g2_nand4_1)
                  0.39    0.00    1.34 v _206_/A2 (sg13g2_a21o_1)
     1    0.01    0.04    0.21    1.55 v _206_/X (sg13g2_a21o_1)
                  0.04    0.00    1.55 v _207_/B1 (sg13g2_o21ai_1)
     1    0.01    0.18    0.07    1.62 ^ _207_/Y (sg13g2_o21ai_1)
                  0.18    0.00    1.62 ^ _214_/A1 (sg13g2_a21oi_2)
     5    0.02    0.10    0.14    1.75 v _214_/Y (sg13g2_a21oi_2)
                  0.10    0.00    1.75 v _235_/A1 (sg13g2_o21ai_1)
     1    0.01    0.11    0.14    1.89 ^ _235_/Y (sg13g2_o21ai_1)
                  0.11    0.00    1.89 ^ _236_/B1 (sg13g2_a21oi_1)
     1    0.01    0.06    0.06    1.96 v _236_/Y (sg13g2_a21oi_1)
                  0.06    0.00    1.96 v _237_/A2 (sg13g2_o21ai_1)
     1    0.05    0.49    0.40    2.35 ^ _237_/Y (sg13g2_o21ai_1)
                  0.49    0.01    2.36 ^ place65/A (sg13g2_buf_1)
     1    0.07    0.30    0.36    2.72 ^ place65/X (sg13g2_buf_1)
                  0.41    0.01    2.73 ^ pad_out8/c2p (sg13g2_IOPadOut16mA)
     2   15.00    3.55    3.29    6.02 ^ pad_out8/pad (sg13g2_IOPadOut16mA)
                  2.66    0.00    6.02 ^ out_8_ (out)
                                  6.02   data arrival time

                         10.00   10.00   clock clk_sys (rise edge)
                          0.00   10.00   clock network delay (propagated)
                         -0.10    9.90   clock uncertainty
                          0.00    9.90   clock reconvergence pessimism
                         -2.00    7.90   output external delay
                                  7.90   data required time
-----------------------------------------------------------------------------
                                  7.90   data required time
                                 -6.02   data arrival time
-----------------------------------------------------------------------------
                                  1.88   slack (MET)



==========================================================================
07_fir_chip.final report_checks -unconstrained
--------------------------------------------------------------------------
[WARNING STA-0168] unknown field nets.
Startpoint: i_fir.i1.q_3__reg
            (rising edge-triggered flip-flop clocked by clk_sys)
Endpoint: out_8_ (output port clocked by clk_sys)
Path Group: clk_sys
Path Type: max
Corner: tt

Fanout     Cap    Slew   Delay    Time   Description
-----------------------------------------------------------------------------
                          0.00    0.00   clock clk_sys (rise edge)
                          0.00    0.00   clock source latency
     2    0.24    0.00    0.00    0.00 ^ clk (in)
                  0.00    0.00    0.00 ^ pad_clk/pad (sg13g2_IOPadIn)
     1    0.10    0.18    0.13    0.13 ^ pad_clk/p2c (sg13g2_IOPadIn)
                  0.15    0.03    0.16 ^ clkbuf_0_chip_clk/A (sg13g2_buf_8)
     4    0.05    0.04    0.13    0.28 ^ clkbuf_0_chip_clk/X (sg13g2_buf_8)
                  0.04    0.00    0.29 ^ clkbuf_2_0__f_chip_clk/A (sg13g2_buf_8)
     6    0.03    0.03    0.08    0.36 ^ clkbuf_2_0__f_chip_clk/X (sg13g2_buf_8)
                  0.03    0.00    0.37 ^ i_fir.i1.q_3__reg/CLK (sg13g2_dfrbpq_2)
     4    0.02    0.05    0.20    0.56 ^ i_fir.i1.q_3__reg/Q (sg13g2_dfrbpq_2)
                  0.05    0.00    0.56 ^ _138_/A (sg13g2_xor2_1)
     5    0.02    0.20    0.21    0.77 ^ _138_/X (sg13g2_xor2_1)
                  0.20    0.00    0.77 ^ _162_/A2 (sg13g2_a21oi_1)
     1    0.00    0.07    0.12    0.89 v _162_/Y (sg13g2_a21oi_1)
                  0.07    0.00    0.89 v _165_/A1 (sg13g2_o21ai_1)
     1    0.00    0.08    0.11    0.99 ^ _165_/Y (sg13g2_o21ai_1)
                  0.08    0.00    0.99 ^ _170_/A (sg13g2_nand4_1)
     7    0.03    0.39    0.34    1.34 v _170_/Y (sg13g2_nand4_1)
                  0.39    0.00    1.34 v _206_/A2 (sg13g2_a21o_1)
     1    0.01    0.04    0.21    1.55 v _206_/X (sg13g2_a21o_1)
                  0.04    0.00    1.55 v _207_/B1 (sg13g2_o21ai_1)
     1    0.01    0.18    0.07    1.62 ^ _207_/Y (sg13g2_o21ai_1)
                  0.18    0.00    1.62 ^ _214_/A1 (sg13g2_a21oi_2)
     5    0.02    0.10    0.14    1.75 v _214_/Y (sg13g2_a21oi_2)
                  0.10    0.00    1.75 v _235_/A1 (sg13g2_o21ai_1)
     1    0.01    0.11    0.14    1.89 ^ _235_/Y (sg13g2_o21ai_1)
                  0.11    0.00    1.89 ^ _236_/B1 (sg13g2_a21oi_1)
     1    0.01    0.06    0.06    1.96 v _236_/Y (sg13g2_a21oi_1)
                  0.06    0.00    1.96 v _237_/A2 (sg13g2_o21ai_1)
     1    0.05    0.49    0.40    2.35 ^ _237_/Y (sg13g2_o21ai_1)
                  0.49    0.01    2.36 ^ place65/A (sg13g2_buf_1)
     1    0.07    0.30    0.36    2.72 ^ place65/X (sg13g2_buf_1)
                  0.41    0.01    2.73 ^ pad_out8/c2p (sg13g2_IOPadOut16mA)
     2   15.00    3.55    3.29    6.02 ^ pad_out8/pad (sg13g2_IOPadOut16mA)
                  2.66    0.00    6.02 ^ out_8_ (out)
                                  6.02   data arrival time

                         10.00   10.00   clock clk_sys (rise edge)
                          0.00   10.00   clock network delay (propagated)
                         -0.10    9.90   clock uncertainty
                          0.00    9.90   clock reconvergence pessimism
                         -2.00    7.90   output external delay
                                  7.90   data required time
-----------------------------------------------------------------------------
                                  7.90   data required time
                                 -6.02   data arrival time
-----------------------------------------------------------------------------
                                  1.88   slack (MET)



==========================================================================
07_fir_chip.final report_check_types -max_slew -max_cap -max_fanout -violators
--------------------------------------------------------------------------

==========================================================================
07_fir_chip.final max_slew_check_slack
--------------------------------------------------------------------------
-2.5495285987854004

==========================================================================
07_fir_chip.final max_slew_check_limit
--------------------------------------------------------------------------
1.0

==========================================================================
07_fir_chip.final max_slew_check_slack_limit
--------------------------------------------------------------------------
-2.5495

==========================================================================
07_fir_chip.final max_fanout_check_slack
--------------------------------------------------------------------------
0.0

==========================================================================
07_fir_chip.final max_fanout_check_limit
--------------------------------------------------------------------------
8.0

==========================================================================
07_fir_chip.final max_fanout_check_slack_limit
--------------------------------------------------------------------------
0.0000

==========================================================================
07_fir_chip.final max_capacitance_check_slack
--------------------------------------------------------------------------
-14.499999046325684

==========================================================================
07_fir_chip.final max_capacitance_check_limit
--------------------------------------------------------------------------
0.5

==========================================================================
07_fir_chip.final max_capacitance_check_slack_limit
--------------------------------------------------------------------------
-29.0000

==========================================================================
07_fir_chip.final max_slew_violation_count
--------------------------------------------------------------------------
max slew violation count 27

==========================================================================
07_fir_chip.final max_fanout_violation_count
--------------------------------------------------------------------------
max fanout violation count 0

==========================================================================
07_fir_chip.final max_cap_violation_count
--------------------------------------------------------------------------
max cap violation count 9

==========================================================================
07_fir_chip.final setup_violation_count
--------------------------------------------------------------------------
setup violation count 0

==========================================================================
07_fir_chip.final hold_violation_count
--------------------------------------------------------------------------
hold violation count 0

==========================================================================
07_fir_chip.final critical path delay
--------------------------------------------------------------------------
6.0209

==========================================================================
07_fir_chip.final critical path slack
--------------------------------------------------------------------------
1.8791

==========================================================================
07_fir_chip.final slack div critical path delay
--------------------------------------------------------------------------
31.209620

==========================================================================
07_fir_chip.final report_power tt
--------------------------------------------------------------------------
Group                  Internal  Switching    Leakage      Total
                          Power      Power      Power      Power (Watts)
----------------------------------------------------------------
Sequential             1.11e-04   3.12e-06   1.13e-08   1.14e-04   0.2%
Combinational          1.50e-05   2.90e-05   1.87e-08   4.39e-05   0.1%
Clock                  4.04e-05   2.06e-05   3.83e-09   6.10e-05   0.1%
Macro                  0.00e+00   0.00e+00   0.00e+00   0.00e+00   0.0%
Pad                    4.02e-03   4.79e-02   3.39e-08   5.19e-02  99.6%
----------------------------------------------------------------
Total                  4.18e-03   4.79e-02   6.77e-08   5.21e-02 100.0%
                           8.0%      92.0%       0.0%

==========================================================================
07_fir_chip.final report_design_area
--------------------------------------------------------------------------

==========================================================================
07_fir_chip.final area by hierarchy
--------------------------------------------------------------------------

--------------------------------------------------------------------------------
Design Area Summary
--------------------------------------------------------------------------------
Die Area:              3097600.0 um2
Core Area:             1764086.688 um2
Total Area:            1365645.3952 um2
Total Active Area:     2645.3952 um2

Core Utilization:      0.0014995834490419326
Std Cell Utilization:  0.0014995834490419326

--------------------------------------------------------------------------------
Hierarchical Area Report
--------------------------------------------------------------------------------
                                                                                Global Area (um^2)                                                              Global Instances                                                                Local Area (um^2)                                                               Local Instances
                                                                                ------------------------------------------------------------------------------- ------------------------------------------------------------------------------- ------------------------------------------------------------------------------- ----------------------------------------------------------------------------
Hierarchy Name                                                                  Total           StdCell         Macro           Cover           Pad             Total           StdCell         Macro           Cover           Pad             Total           StdCell         Macro           Cover           Pad             Total           StdCell         Macro           Cover           Pad             
-----------------------------------------------------------------------------------------------------------------------------------------------------------------------------------------------------------------------------------------------------------------------------------------------------------------------------------------------------------------------------------------------------------
<top>                                                                           1365645.395     2645.395        0.000           225400.000      1137600.000     488             192             0               46              250             1365645.395     2645.395        0.000           225400.000      1137600.000     488             192             0               46              250             
