
57. Printing statistics.

=== ibex_wrap ===

   Number of wires:               3483
   Number of wire bits:           3483
   Number of public wires:         672
   Number of public wire bits:     672
   Number of ports:                 48
   Number of port bits:             48
   Number of memories:               0
   Number of memory bits:            0
   Number of processes:              0
   Number of cells:               3473
     $_DLATCH_N_                     1
     sg13g2_IOPadIOVdd               4
     sg13g2_IOPadIOVss               4
     sg13g2_IOPadIn                 26
     sg13g2_IOPadOut4mA             22
     sg13g2_IOPadVdd                 4
     sg13g2_IOPadVss                 4
     sg13g2_a21o_1                  28
     sg13g2_a21oi_1                412
     sg13g2_a21oi_2                  4
     sg13g2_a221oi_1                26
     sg13g2_a22oi_1                 59
     sg13g2_and2_1                  94
     sg13g2_and3_1                  15
     sg13g2_and4_1                   3
     sg13g2_buf_1                  216
     sg13g2_buf_2                   34
     sg13g2_buf_4                    6
     sg13g2_buf_8                    6
     sg13g2_dfrbpq_1               562
     sg13g2_inv_1                   65
     sg13g2_inv_2                    2
     sg13g2_mux2_1                 320
     sg13g2_mux4_1                 105
     sg13g2_nand2_1                265
     sg13g2_nand2_2                  3
     sg13g2_nand2b_1                50
     sg13g2_nand2b_2                 2
     sg13g2_nand3_1                100
     sg13g2_nand3b_1                 9
     sg13g2_nand4_1                 28
     sg13g2_nor2_1                 437
     sg13g2_nor2_2                   3
     sg13g2_nor2b_1                 59
     sg13g2_nor3_1                  56
     sg13g2_nor3_2                   2
     sg13g2_nor4_1                  13
     sg13g2_nor4_2                   2
     sg13g2_o21ai_1                301
     sg13g2_or2_1                   39
     sg13g2_or3_1                    3
     sg13g2_or4_1                    7
     sg13g2_tiehi                    1
     sg13g2_tielo                    1
     sg13g2_xnor2_1                 39
     sg13g2_xor2_1                  31

   Area for cell type $_DLATCH_N_ is unknown!

   Chip area for module '\ibex_wrap': 980152.086600
     of which used for sequential elements: 27531.705600 (2.81%)

