
26. Printing statistics.

=== ibex_wrap ===

   Number of wires:               2558
   Number of wire bits:          28889
   Number of public wires:        1616
   Number of public wire bits:   23593
   Number of ports:                 48
   Number of port bits:             48
   Number of memories:               1
   Number of memory bits:           32
   Number of processes:              0
   Number of cells:               1596
     $add                            8
     $aldff                         87
     $and                          110
     $bmux                           5
     $demux                          1
     $dff                           17
     $dlatch                         1
     $eq                           348
     $ge                             3
     $gt                             1
     $logic_and                     17
     $logic_not                     41
     $logic_or                      18
     $lt                             2
     $meminit                        1
     $memrd_v2                       1
     $mul                            3
     $mux                          545
     $ne                             8
     $not                           60
     $or                            74
     $pmux                          92
     $reduce_and                     1
     $reduce_bool                   14
     $reduce_or                     65
     $shl                            1
     $sshr                           1
     $sub                            2
     $xor                            5
     sg13g2_IOPadIOVdd               4
     sg13g2_IOPadIOVss               4
     sg13g2_IOPadIn                 26
     sg13g2_IOPadOut4mA             22
     sg13g2_IOPadVdd                 4
     sg13g2_IOPadVss                 4

