
46. Printing statistics.

=== ibex_wrap ===

   Number of wires:                815
   Number of wire bits:           5498
   Number of public wires:         269
   Number of public wire bits:    2270
   Number of ports:                 48
   Number of port bits:             48
   Number of memories:               0
   Number of memory bits:            0
   Number of processes:              0
   Number of cells:               3572
     $_AND_                        561
     $_DFFE_PN0P_                  559
     $_DFFE_PP_                    112
     $_DFF_PN0_                     17
     $_DLATCH_N_                     1
     $_MUX_                       1535
     $_NOT_                        165
     $_OR_                         471
     $_SDFFCE_PP0P_                  1
     $_XOR_                         86
     sg13g2_IOPadIOVdd               4
     sg13g2_IOPadIOVss               4
     sg13g2_IOPadIn                 26
     sg13g2_IOPadOut4mA             22
     sg13g2_IOPadVdd                 4
     sg13g2_IOPadVss                 4

   Estimated number of transistors:      25974+

