58. Printing statistics.

=== fir_chip ===

   Number of wires:                199
   Number of wire bits:            199
   Number of public wires:          73
   Number of public wire bits:      73
   Number of ports:                 38
   Number of port bits:             38
   Number of memories:               0
   Number of memory bits:            0
   Number of processes:              0
   Number of cells:                201
     sg13g2_IOPadIOVdd               2
     sg13g2_IOPadIOVss               2
     sg13g2_IOPadIn                  6
     sg13g2_IOPadOut16mA            32
     sg13g2_IOPadVdd                 2
     sg13g2_IOPadVss                 2
     sg13g2_a21o_1                   4
     sg13g2_a21oi_1                 12
     sg13g2_a21oi_2                  1
     sg13g2_a221oi_1                 1
     sg13g2_a22oi_1                  3
     sg13g2_and2_1                   2
     sg13g2_and4_1                   1
     sg13g2_buf_1                    2
     sg13g2_dfrbpq_1                20
     sg13g2_inv_1                   29
     sg13g2_mux2_1                   2
     sg13g2_nand2_1                 12
     sg13g2_nand2_2                  1
     sg13g2_nand2b_1                 2
     sg13g2_nand2b_2                 1
     sg13g2_nand3_1                  3
     sg13g2_nand3b_1                 2
     sg13g2_nand4_1                  1
     sg13g2_nor2_1                  11
     sg13g2_nor3_1                   1
     sg13g2_o21ai_1                 16
     sg13g2_or2_1                    3
     sg13g2_or4_1                    1
     sg13g2_tielo                    1
     sg13g2_xnor2_1                 15
     sg13g2_xor2_1                   8

   Area for cell type \sg13g2_IOPadIOVdd is unknown!
   Area for cell type \sg13g2_IOPadIOVss is unknown!
   Area for cell type \sg13g2_IOPadIn is unknown!
   Area for cell type \sg13g2_IOPadOut16mA is unknown!
   Area for cell type \sg13g2_IOPadVdd is unknown!
   Area for cell type \sg13g2_IOPadVss is unknown!

   Chip area for module '\fir_chip': 2253.371400
     of which used for sequential elements: 979.776000 (43.48%)

