
46. Printing statistics.

=== fir_chip ===

   Number of wires:                 52
   Number of wire bits:            204
   Number of public wires:          13
   Number of public wire bits:      75
   Number of ports:                  4
   Number of port bits:             38
   Number of memories:               0
   Number of memory bits:            0
   Number of processes:              0
   Number of cells:                158
     $_AND_                         46
     $_DFF_PP0_                     20
     $_OR_                          12
     $_XOR_                         34
     sg13g2_IOPadIOVdd               2
     sg13g2_IOPadIOVss               2
     sg13g2_IOPadIn                  6
     sg13g2_IOPadOut16mA            32
     sg13g2_IOPadVdd                 2
     sg13g2_IOPadVss                 2

   Estimated number of transistors:        756+

